This is pdfTeX, Version 3.141592653-2.6-1.40.24 (TeX Live 2022) (preloaded format=pdflatex 2022.8.21)  4 NOV 2022 19:00
entering extended mode
 restricted \write18 enabled.
 file:line:error style messages enabled.
 %&-line parsing enabled.
**c:/Users/86176/Desktop/code/LaTex/ÊùøÂ≠ê/main/main.tex
(c:/Users/86176/Desktop/code/LaTex/ÊùøÂ≠ê/main/main.tex
LaTeX2e <2021-11-15> patch level 1
L3 programming layer <2022-02-24> (d:/texlive/2022/texmf-dist/tex/latex/base/book.cls
Document Class: book 2021/10/04 v1.4n Standard LaTeX document class
(d:/texlive/2022/texmf-dist/tex/latex/base/bk10.clo
File: bk10.clo 2021/10/04 v1.4n Standard LaTeX file (size option)
)
\c@part=\count185
\c@chapter=\count186
\c@section=\count187
\c@subsection=\count188
\c@subsubsection=\count189
\c@paragraph=\count190
\c@subparagraph=\count191
\c@figure=\count192
\c@table=\count193
\abovecaptionskip=\skip47
\belowcaptionskip=\skip48
\bibindent=\dimen138
) (d:/texlive/2022/texmf-dist/tex/latex/graphics/graphicx.sty
Package: graphicx 2021/09/16 v1.2d Enhanced LaTeX Graphics (DPC,SPQR)
 (d:/texlive/2022/texmf-dist/tex/latex/graphics/keyval.sty
Package: keyval 2014/10/28 v1.15 key=value parser (DPC)
\KV@toks@=\toks16
) (d:/texlive/2022/texmf-dist/tex/latex/graphics/graphics.sty
Package: graphics 2021/03/04 v1.4d Standard LaTeX Graphics (DPC,SPQR)
 (d:/texlive/2022/texmf-dist/tex/latex/graphics/trig.sty
Package: trig 2021/08/11 v1.11 sin cos tan (DPC)
) (d:/texlive/2022/texmf-dist/tex/latex/graphics-cfg/graphics.cfg
File: graphics.cfg 2016/06/04 v1.11 sample graphics configuration
)
Package graphics Info: Driver file: pdftex.def on input line 107.
 (d:/texlive/2022/texmf-dist/tex/latex/graphics-def/pdftex.def
File: pdftex.def 2020/10/05 v1.2a Graphics/color driver for pdftex
))
\Gin@req@height=\dimen139
\Gin@req@width=\dimen140
) (d:/texlive/2022/texmf-dist/tex/latex/ctex/ctex.sty (d:/texlive/2022/texmf-dist/tex/latex/l3kernel/expl3.sty
Package: expl3 2022-02-24 L3 programming layer (loader) 
 (d:/texlive/2022/texmf-dist/tex/latex/l3backend/l3backend-pdftex.def
File: l3backend-pdftex.def 2022-02-07 L3 backend support: PDF output (pdfTeX)
\l__color_backend_stack_int=\count194
\l__pdf_internal_box=\box50
))
Package: ctex 2021/12/12 v2.5.8 Chinese adapter in LaTeX (CTEX)
 (d:/texlive/2022/texmf-dist/tex/latex/l3packages/xparse/xparse.sty
Package: xparse 2022-01-12 L3 Experimental document command parser
) (d:/texlive/2022/texmf-dist/tex/latex/l3packages/l3keys2e/l3keys2e.sty
Package: l3keys2e 2022-01-12 LaTeX2e option processing using LaTeX3 keys
) (d:/texlive/2022/texmf-dist/tex/latex/ctex/ctexhook.sty
Package: ctexhook 2021/12/12 v2.5.8 Document and package hooks (CTEX)
) (d:/texlive/2022/texmf-dist/tex/latex/ctex/ctexpatch.sty
Package: ctexpatch 2021/12/12 v2.5.8 Patching commands (CTEX)
) (d:/texlive/2022/texmf-dist/tex/latex/base/fix-cm.sty
Package: fix-cm 2020/11/24 v1.1t fixes to LaTeX
 (d:/texlive/2022/texmf-dist/tex/latex/base/ts1enc.def
File: ts1enc.def 2001/06/05 v3.0e (jk/car/fm) Standard LaTeX file
LaTeX Font Info:    Redeclaring font encoding TS1 on input line 47.
))
\l__ctex_tmp_int=\count195
\l__ctex_tmp_box=\box51
\l__ctex_tmp_dim=\dimen141
\g__ctex_section_depth_int=\count196
\g__ctex_font_size_int=\count197
 (d:/texlive/2022/texmf-dist/tex/latex/ctex/config/ctexopts.cfg
File: ctexopts.cfg 2021/12/12 v2.5.8 Option configuration file (CTEX)
)

Package ctex Warning: UTF8 will be used as the default encoding.

(d:/texlive/2022/texmf-dist/tex/latex/ctex/engine/ctex-engine-pdftex.def
File: ctex-engine-pdftex.def 2021/12/12 v2.5.8 (pdf)LaTeX adapter (CTEX)
 (d:/texlive/2022/texmf-dist/tex/latex/cjk/texinput/CJKutf8.sty
Package: CJKutf8 2021/10/16 4.8.5
 (d:/texlive/2022/texmf-dist/tex/generic/iftex/ifpdf.sty
Package: ifpdf 2019/10/25 v3.4 ifpdf legacy package. Use iftex instead.
 (d:/texlive/2022/texmf-dist/tex/generic/iftex/iftex.sty
Package: iftex 2022/02/03 v1.0f TeX engine tests
)) (d:/texlive/2022/texmf-dist/tex/latex/base/inputenc.sty
Package: inputenc 2021/02/14 v1.3d Input encoding file
\inpenc@prehook=\toks17
\inpenc@posthook=\toks18
) (d:/texlive/2022/texmf-dist/tex/latex/cjk/texinput/CJK.sty
Package: CJK 2021/10/16 4.8.5
 (d:/texlive/2022/texmf-dist/tex/latex/cjk/texinput/mule/MULEenc.sty
Package: MULEenc 2021/10/16 4.8.5
) (d:/texlive/2022/texmf-dist/tex/latex/cjk/texinput/CJK.enc
File: CJK.enc 2021/10/16 4.8.5
Now handling font encoding C00 ...
... no UTF-8 mapping file for font encoding C00
Now handling font encoding C05 ...
... no UTF-8 mapping file for font encoding C05
Now handling font encoding C09 ...
... no UTF-8 mapping file for font encoding C09
Now handling font encoding C10 ...
... no UTF-8 mapping file for font encoding C10
Now handling font encoding C20 ...
... no UTF-8 mapping file for font encoding C20
Now handling font encoding C19 ...
... no UTF-8 mapping file for font encoding C19
Now handling font encoding C40 ...
... no UTF-8 mapping file for font encoding C40
Now handling font encoding C42 ...
... no UTF-8 mapping file for font encoding C42
Now handling font encoding C43 ...
... no UTF-8 mapping file for font encoding C43
Now handling font encoding C50 ...
... no UTF-8 mapping file for font encoding C50
Now handling font encoding C52 ...
... no UTF-8 mapping file for font encoding C52
Now handling font encoding C49 ...
... no UTF-8 mapping file for font encoding C49
Now handling font encoding C60 ...
... no UTF-8 mapping file for font encoding C60
Now handling font encoding C61 ...
... no UTF-8 mapping file for font encoding C61
Now handling font encoding C63 ...
... no UTF-8 mapping file for font encoding C63
Now handling font encoding C64 ...
... no UTF-8 mapping file for font encoding C64
Now handling font encoding C65 ...
... no UTF-8 mapping file for font encoding C65
Now handling font encoding C70 ...
... no UTF-8 mapping file for font encoding C70
Now handling font encoding C31 ...
... no UTF-8 mapping file for font encoding C31
Now handling font encoding C32 ...
... no UTF-8 mapping file for font encoding C32
Now handling font encoding C33 ...
... no UTF-8 mapping file for font encoding C33
Now handling font encoding C34 ...
... no UTF-8 mapping file for font encoding C34
Now handling font encoding C35 ...
... no UTF-8 mapping file for font encoding C35
Now handling font encoding C36 ...
... no UTF-8 mapping file for font encoding C36
Now handling font encoding C37 ...
... no UTF-8 mapping file for font encoding C37
Now handling font encoding C80 ...
... no UTF-8 mapping file for font encoding C80
Now handling font encoding C81 ...
... no UTF-8 mapping file for font encoding C81
Now handling font encoding C01 ...
... no UTF-8 mapping file for font encoding C01
Now handling font encoding C11 ...
... no UTF-8 mapping file for font encoding C11
Now handling font encoding C21 ...
... no UTF-8 mapping file for font encoding C21
Now handling font encoding C41 ...
... no UTF-8 mapping file for font encoding C41
Now handling font encoding C62 ...
... no UTF-8 mapping file for font encoding C62
)
\CJK@indent=\box52
) (d:/texlive/2022/texmf-dist/tex/latex/base/fontenc.sty
Package: fontenc 2021/04/29 v2.0v Standard LaTeX package
)) (d:/texlive/2022/texmf-dist/tex/latex/cjkpunct/CJKpunct.sty
Package: CJKpunct 2016/05/14 4.8.4
\CJKpunct@cnta=\count198
\CJKpunct@cntb=\count199
\CJKpunct@cntc=\count266
\CJKpunct@cntd=\count267
\CJKpunct@cnte=\count268
   defining Unicode char U+2018 (decimal 8216)
   defining Unicode char U+2019 (decimal 8217)
   defining Unicode char U+201C (decimal 8220)
   defining Unicode char U+201D (decimal 8221)
   defining Unicode char U+2014 (decimal 8212)
   defining Unicode char U+2026 (decimal 8230)
 (d:/texlive/2022/texmf-dist/tex/latex/cjkpunct/CJKpunct.spa)) (d:/texlive/2022/texmf-dist/tex/latex/cjk/texinput/CJKspace.sty
Package: CJKspace 2021/10/16 3.8.0
) (d:/texlive/2022/texmf-dist/tex/latex/ctex/ctexspa.def
File: ctexspa.def 2021/12/12 v2.5.8 Space info for CJKpunct (CTEX)
)
\ccwd=\dimen142
\l__ctex_ccglue_skip=\skip49
)
\l__ctex_ziju_dim=\dimen143
 (d:/texlive/2022/texmf-dist/tex/latex/zhnumber/zhnumber.sty
Package: zhnumber 2020/05/01 v2.8 Typesetting numbers with Chinese glyphs
\l__zhnum_scale_int=\count269
\l__zhnum_byte_min_int=\count270
\l__zhnum_byte_max_int=\count271
 (d:/texlive/2022/texmf-dist/tex/latex/zhnumber/zhnumber-utf8.cfg
File: zhnumber-utf8.cfg 2020/05/01 v2.8 Chinese numerals with UTF8 encoding
)) (d:/texlive/2022/texmf-dist/tex/latex/ctex/scheme/ctex-scheme-chinese.def
File: ctex-scheme-chinese.def 2021/12/12 v2.5.8 Chinese scheme for generic (CTEX)
 (d:/texlive/2022/texmf-dist/tex/latex/ctex/config/ctex-name-utf8.cfg
File: ctex-name-utf8.cfg 2021/12/12 v2.5.8 Caption with encoding UTF-8 (CTEX)
)) (d:/texlive/2022/texmf-dist/tex/latex/tools/indentfirst.sty
Package: indentfirst 1995/11/23 v1.03 Indent first paragraph (DPC)
) (d:/texlive/2022/texmf-dist/tex/latex/ctex/ctex-c5size.clo
File: ctex-c5size.clo 2021/12/12 v2.5.8 c5size option (CTEX)
) (d:/texlive/2022/texmf-dist/tex/latex/ctex/fontset/ctex-fontset-windows.def
File: ctex-fontset-windows.def 2021/12/12 v2.5.8 Windows fonts definition (CTEX)
)) (d:/texlive/2022/texmf-dist/tex/latex/ctex/config/ctex.cfg
File: ctex.cfg 2021/12/12 v2.5.8 Configuration file (CTEX)
) (d:/texlive/2022/texmf-dist/tex/latex/geometry/geometry.sty
Package: geometry 2020/01/02 v5.9 Page Geometry
 (d:/texlive/2022/texmf-dist/tex/generic/iftex/ifvtex.sty
Package: ifvtex 2019/10/25 v1.7 ifvtex legacy package. Use iftex instead.
)
\Gm@cnth=\count272
\Gm@cntv=\count273
\c@Gm@tempcnt=\count274
\Gm@bindingoffset=\dimen144
\Gm@wd@mp=\dimen145
\Gm@odd@mp=\dimen146
\Gm@even@mp=\dimen147
\Gm@layoutwidth=\dimen148
\Gm@layoutheight=\dimen149
\Gm@layouthoffset=\dimen150
\Gm@layoutvoffset=\dimen151
\Gm@dimlist=\toks19
) (d:/texlive/2022/texmf-dist/tex/latex/listings/listings.sty
\lst@mode=\count275
\lst@gtempboxa=\box53
\lst@token=\toks20
\lst@length=\count276
\lst@currlwidth=\dimen152
\lst@column=\count277
\lst@pos=\count278
\lst@lostspace=\dimen153
\lst@width=\dimen154
\lst@newlines=\count279
\lst@lineno=\count280
\lst@maxwidth=\dimen155
 (d:/texlive/2022/texmf-dist/tex/latex/listings/lstmisc.sty
File: lstmisc.sty 2020/03/24 1.8d (Carsten Heinz)
\c@lstnumber=\count281
\lst@skipnumbers=\count282
\lst@framebox=\box54
) (d:/texlive/2022/texmf-dist/tex/latex/listings/listings.cfg
File: listings.cfg 2020/03/24 1.8d listings configuration
))
Package: listings 2020/03/24 1.8d (Carsten Heinz)
 (d:/texlive/2022/texmf-dist/tex/latex/xcolor/xcolor.sty
Package: xcolor 2021/10/31 v2.13 LaTeX color extensions (UK)
 (d:/texlive/2022/texmf-dist/tex/latex/graphics-cfg/color.cfg
File: color.cfg 2016/01/02 v1.6 sample color configuration
)
Package xcolor Info: Driver file: pdftex.def on input line 227.
Package xcolor Info: Model `cmy' substituted by `cmy0' on input line 1352.
Package xcolor Info: Model `hsb' substituted by `rgb' on input line 1356.
Package xcolor Info: Model `RGB' extended on input line 1368.
Package xcolor Info: Model `HTML' substituted by `rgb' on input line 1370.
Package xcolor Info: Model `Hsb' substituted by `hsb' on input line 1371.
Package xcolor Info: Model `tHsb' substituted by `hsb' on input line 1372.
Package xcolor Info: Model `HSB' substituted by `hsb' on input line 1373.
Package xcolor Info: Model `Gray' substituted by `gray' on input line 1374.
Package xcolor Info: Model `wave' substituted by `hsb' on input line 1375.
) (d:/texlive/2022/texmf-dist/tex/latex/fancyhdr/fancyhdr.sty
Package: fancyhdr 2021/01/28 v4.0.1 Extensive control of page headers and footers
\f@nch@headwidth=\skip50
\f@nch@O@elh=\skip51
\f@nch@O@erh=\skip52
\f@nch@O@olh=\skip53
\f@nch@O@orh=\skip54
\f@nch@O@elf=\skip55
\f@nch@O@erf=\skip56
\f@nch@O@olf=\skip57
\f@nch@O@orf=\skip58
) (d:/texlive/2022/texmf-dist/tex/latex/lm/lmodern.sty
Package: lmodern 2015/05/01 v1.6.1 Latin Modern Fonts
LaTeX Font Info:    Overwriting symbol font `operators' in version `normal'
(Font)                  OT1/cmr/m/n --> OT1/lmr/m/n on input line 22.
LaTeX Font Info:    Overwriting symbol font `letters' in version `normal'
(Font)                  OML/cmm/m/it --> OML/lmm/m/it on input line 23.
LaTeX Font Info:    Overwriting symbol font `symbols' in version `normal'
(Font)                  OMS/cmsy/m/n --> OMS/lmsy/m/n on input line 24.
LaTeX Font Info:    Overwriting symbol font `largesymbols' in version `normal'
(Font)                  OMX/cmex/m/n --> OMX/lmex/m/n on input line 25.
LaTeX Font Info:    Overwriting symbol font `operators' in version `bold'
(Font)                  OT1/cmr/bx/n --> OT1/lmr/bx/n on input line 26.
LaTeX Font Info:    Overwriting symbol font `letters' in version `bold'
(Font)                  OML/cmm/b/it --> OML/lmm/b/it on input line 27.
LaTeX Font Info:    Overwriting symbol font `symbols' in version `bold'
(Font)                  OMS/cmsy/b/n --> OMS/lmsy/b/n on input line 28.
LaTeX Font Info:    Overwriting symbol font `largesymbols' in version `bold'
(Font)                  OMX/cmex/m/n --> OMX/lmex/m/n on input line 29.
LaTeX Font Info:    Overwriting math alphabet `\mathbf' in version `normal'
(Font)                  OT1/cmr/bx/n --> OT1/lmr/bx/n on input line 31.
LaTeX Font Info:    Overwriting math alphabet `\mathsf' in version `normal'
(Font)                  OT1/cmss/m/n --> OT1/lmss/m/n on input line 32.
LaTeX Font Info:    Overwriting math alphabet `\mathit' in version `normal'
(Font)                  OT1/cmr/m/it --> OT1/lmr/m/it on input line 33.
LaTeX Font Info:    Overwriting math alphabet `\mathtt' in version `normal'
(Font)                  OT1/cmtt/m/n --> OT1/lmtt/m/n on input line 34.
LaTeX Font Info:    Overwriting math alphabet `\mathbf' in version `bold'
(Font)                  OT1/cmr/bx/n --> OT1/lmr/bx/n on input line 35.
LaTeX Font Info:    Overwriting math alphabet `\mathsf' in version `bold'
(Font)                  OT1/cmss/bx/n --> OT1/lmss/bx/n on input line 36.
LaTeX Font Info:    Overwriting math alphabet `\mathit' in version `bold'
(Font)                  OT1/cmr/bx/it --> OT1/lmr/bx/it on input line 37.
LaTeX Font Info:    Overwriting math alphabet `\mathtt' in version `bold'
(Font)                  OT1/cmtt/m/n --> OT1/lmtt/m/n on input line 38.
) (d:/texlive/2022/texmf-dist/tex/latex/amsmath/amsmath.sty
Package: amsmath 2021/10/15 v2.17l AMS math features
\@mathmargin=\skip59

For additional information on amsmath, use the `?' option.
(d:/texlive/2022/texmf-dist/tex/latex/amsmath/amstext.sty
Package: amstext 2021/08/26 v2.01 AMS text
 (d:/texlive/2022/texmf-dist/tex/latex/amsmath/amsgen.sty
File: amsgen.sty 1999/11/30 v2.0 generic functions
\@emptytoks=\toks21
\ex@=\dimen156
)) (d:/texlive/2022/texmf-dist/tex/latex/amsmath/amsbsy.sty
Package: amsbsy 1999/11/29 v1.2d Bold Symbols
\pmbraise@=\dimen157
) (d:/texlive/2022/texmf-dist/tex/latex/amsmath/amsopn.sty
Package: amsopn 2021/08/26 v2.02 operator names
)
\inf@bad=\count283
LaTeX Info: Redefining \frac on input line 234.
\uproot@=\count284
\leftroot@=\count285
LaTeX Info: Redefining \overline on input line 399.
\classnum@=\count286
\DOTSCASE@=\count287
LaTeX Info: Redefining \ldots on input line 496.
LaTeX Info: Redefining \dots on input line 499.
LaTeX Info: Redefining \cdots on input line 620.
\Mathstrutbox@=\box55
\strutbox@=\box56
\big@size=\dimen158
LaTeX Font Info:    Redeclaring font encoding OML on input line 743.
LaTeX Font Info:    Redeclaring font encoding OMS on input line 744.
\macc@depth=\count288
\c@MaxMatrixCols=\count289
\dotsspace@=\muskip16
\c@parentequation=\count290
\dspbrk@lvl=\count291
\tag@help=\toks22
\row@=\count292
\column@=\count293
\maxfields@=\count294
\andhelp@=\toks23
\eqnshift@=\dimen159
\alignsep@=\dimen160
\tagshift@=\dimen161
\tagwidth@=\dimen162
\totwidth@=\dimen163
\lineht@=\dimen164
\@envbody=\toks24
\multlinegap=\skip60
\multlinetaggap=\skip61
\mathdisplay@stack=\toks25
LaTeX Info: Redefining \[ on input line 2938.
LaTeX Info: Redefining \] on input line 2939.
) (d:/texlive/2022/texmf-dist/tex/latex/amscls/amsthm.sty
Package: amsthm 2020/05/29 v2.20.6
\thm@style=\toks26
\thm@bodyfont=\toks27
\thm@headfont=\toks28
\thm@notefont=\toks29
\thm@headpunct=\toks30
\thm@preskip=\skip62
\thm@postskip=\skip63
\thm@headsep=\skip64
\dth@everypar=\toks31
) (d:/texlive/2022/texmf-dist/tex/latex/float/float.sty
Package: float 2001/11/08 v1.3d Float enhancements (AL)
\c@float@type=\count295
\float@exts=\toks32
\float@box=\box57
\@float@everytoks=\toks33
\@floatcapt=\box58
) (d:/texlive/2022/texmf-dist/tex/latex/amsfonts/amssymb.sty
Package: amssymb 2013/01/14 v3.01 AMS font symbols
 (d:/texlive/2022/texmf-dist/tex/latex/amsfonts/amsfonts.sty
Package: amsfonts 2013/01/14 v3.01 Basic AMSFonts support
\symAMSa=\mathgroup4
\symAMSb=\mathgroup5
LaTeX Font Info:    Redeclaring math symbol \hbar on input line 98.
LaTeX Font Info:    Overwriting math alphabet `\mathfrak' in version `bold'
(Font)                  U/euf/m/n --> U/euf/b/n on input line 106.
)) (d:/texlive/2022/texmf-dist/tex/latex/adjustbox/adjustbox.sty
Package: adjustbox 2020/08/19 v1.3 Adjusting TeX boxes (trim, clip, ...)
 (d:/texlive/2022/texmf-dist/tex/latex/xkeyval/xkeyval.sty
Package: xkeyval 2020/11/20 v2.8 package option processing (HA)
 (d:/texlive/2022/texmf-dist/tex/generic/xkeyval/xkeyval.tex (d:/texlive/2022/texmf-dist/tex/generic/xkeyval/xkvutils.tex
\XKV@toks=\toks34
\XKV@tempa@toks=\toks35
)
\XKV@depth=\count296
File: xkeyval.tex 2014/12/03 v2.7a key=value parser (HA)
)) (d:/texlive/2022/texmf-dist/tex/latex/adjustbox/adjcalc.sty
Package: adjcalc 2012/05/16 v1.1 Provides advanced setlength with multiple back-ends (calc, etex, pgfmath)
) (d:/texlive/2022/texmf-dist/tex/latex/adjustbox/trimclip.sty
Package: trimclip 2020/08/19 v1.2 Trim and clip general TeX material
 (d:/texlive/2022/texmf-dist/tex/latex/collectbox/collectbox.sty
Package: collectbox 2012/05/17 v0.4b Collect macro arguments as boxes
\collectedbox=\box59
)
\tc@llx=\dimen165
\tc@lly=\dimen166
\tc@urx=\dimen167
\tc@ury=\dimen168
Package trimclip Info: Using driver 'tc-pdftex.def'.
 (d:/texlive/2022/texmf-dist/tex/latex/adjustbox/tc-pdftex.def
File: tc-pdftex.def 2019/01/04 v2.2 Clipping driver for pdftex
))
\adjbox@Width=\dimen169
\adjbox@Height=\dimen170
\adjbox@Depth=\dimen171
\adjbox@Totalheight=\dimen172
\adjbox@pwidth=\dimen173
\adjbox@pheight=\dimen174
\adjbox@pdepth=\dimen175
\adjbox@ptotalheight=\dimen176
 (d:/texlive/2022/texmf-dist/tex/latex/ifoddpage/ifoddpage.sty
Package: ifoddpage 2016/04/23 v1.1 Conditionals for odd/even page detection
\c@checkoddpage=\count297
) (d:/texlive/2022/texmf-dist/tex/latex/varwidth/varwidth.sty
Package: varwidth 2009/03/30 ver 0.92;  Variable-width minipages
\@vwid@box=\box60
\sift@deathcycles=\count298
\@vwid@loff=\dimen177
\@vwid@roff=\dimen178
)) (../Introduction area/Code Block Configuration.tex) (d:/texlive/2022/texmf-dist/tex/latex/cjk/texinput/UTF8/UTF8.bdg
File: UTF8.bdg 2021/10/16 4.8.5
) (d:/texlive/2022/texmf-dist/tex/latex/cjk/texinput/UTF8/UTF8.enc
File: UTF8.enc 2021/10/16 4.8.5
) (d:/texlive/2022/texmf-dist/tex/latex/cjk/texinput/UTF8/UTF8.chr
File: UTF8.chr 2021/10/16 4.8.5
)
LaTeX Font Info:    Trying to load font information for OT1+lmr on input line 18.
 (d:/texlive/2022/texmf-dist/tex/latex/lm/ot1lmr.fd
File: ot1lmr.fd 2015/05/01 v1.6.1 Font defs for Latin Modern
) (./main.aux)
\openout1 = `main.aux'.

LaTeX Font Info:    Checking defaults for OML/cmm/m/it on input line 18.
LaTeX Font Info:    ... okay on input line 18.
LaTeX Font Info:    Checking defaults for OMS/cmsy/m/n on input line 18.
LaTeX Font Info:    ... okay on input line 18.
LaTeX Font Info:    Checking defaults for OT1/cmr/m/n on input line 18.
LaTeX Font Info:    ... okay on input line 18.
LaTeX Font Info:    Checking defaults for T1/cmr/m/n on input line 18.
LaTeX Font Info:    ... okay on input line 18.
LaTeX Font Info:    Checking defaults for TS1/cmr/m/n on input line 18.
LaTeX Font Info:    ... okay on input line 18.
LaTeX Font Info:    Checking defaults for OMX/cmex/m/n on input line 18.
LaTeX Font Info:    ... okay on input line 18.
LaTeX Font Info:    Checking defaults for U/cmr/m/n on input line 18.
LaTeX Font Info:    ... okay on input line 18.
LaTeX Font Info:    Checking defaults for C00/song/m/n on input line 18.
LaTeX Font Info:    ... okay on input line 18.
LaTeX Font Info:    Checking defaults for C05/song/m/n on input line 18.
LaTeX Font Info:    ... okay on input line 18.
LaTeX Font Info:    Checking defaults for C09/song/m/n on input line 18.
LaTeX Font Info:    ... okay on input line 18.
LaTeX Font Info:    Checking defaults for C10/song/m/n on input line 18.
LaTeX Font Info:    ... okay on input line 18.
LaTeX Font Info:    Checking defaults for C20/song/m/n on input line 18.
LaTeX Font Info:    ... okay on input line 18.
LaTeX Font Info:    Checking defaults for C19/song/m/n on input line 18.
LaTeX Font Info:    ... okay on input line 18.
LaTeX Font Info:    Checking defaults for C40/song/m/n on input line 18.
LaTeX Font Info:    ... okay on input line 18.
LaTeX Font Info:    Checking defaults for C42/song/m/n on input line 18.
LaTeX Font Info:    ... okay on input line 18.
LaTeX Font Info:    Checking defaults for C43/song/m/n on input line 18.
LaTeX Font Info:    ... okay on input line 18.
LaTeX Font Info:    Checking defaults for C50/song/m/n on input line 18.
LaTeX Font Info:    ... okay on input line 18.
LaTeX Font Info:    Checking defaults for C52/song/m/n on input line 18.
LaTeX Font Info:    ... okay on input line 18.
LaTeX Font Info:    Checking defaults for C49/song/m/n on input line 18.
LaTeX Font Info:    ... okay on input line 18.
LaTeX Font Info:    Checking defaults for C60/mj/m/n on input line 18.
LaTeX Font Info:    ... okay on input line 18.
LaTeX Font Info:    Checking defaults for C61/mj/m/n on input line 18.
LaTeX Font Info:    ... okay on input line 18.
LaTeX Font Info:    Checking defaults for C63/mj/m/n on input line 18.
LaTeX Font Info:    ... okay on input line 18.
LaTeX Font Info:    Checking defaults for C64/mj/m/n on input line 18.
LaTeX Font Info:    ... okay on input line 18.
LaTeX Font Info:    Checking defaults for C65/mj/m/n on input line 18.
LaTeX Font Info:    ... okay on input line 18.
LaTeX Font Info:    Checking defaults for C70/song/m/n on input line 18.
LaTeX Font Info:    ... okay on input line 18.
LaTeX Font Info:    Checking defaults for C31/song/m/n on input line 18.
LaTeX Font Info:    ... okay on input line 18.
LaTeX Font Info:    Checking defaults for C32/song/m/n on input line 18.
LaTeX Font Info:    ... okay on input line 18.
LaTeX Font Info:    Checking defaults for C33/song/m/n on input line 18.
LaTeX Font Info:    ... okay on input line 18.
LaTeX Font Info:    Checking defaults for C34/song/m/n on input line 18.
LaTeX Font Info:    ... okay on input line 18.
LaTeX Font Info:    Checking defaults for C35/song/m/n on input line 18.
LaTeX Font Info:    ... okay on input line 18.
LaTeX Font Info:    Checking defaults for C36/song/m/n on input line 18.
LaTeX Font Info:    ... okay on input line 18.
LaTeX Font Info:    Checking defaults for C37/song/m/n on input line 18.
LaTeX Font Info:    ... okay on input line 18.
LaTeX Font Info:    Checking defaults for C80/song/m/n on input line 18.
LaTeX Font Info:    ... okay on input line 18.
LaTeX Font Info:    Checking defaults for C81/song/m/n on input line 18.
LaTeX Font Info:    ... okay on input line 18.
LaTeX Font Info:    Checking defaults for C01/song/m/n on input line 18.
LaTeX Font Info:    ... okay on input line 18.
LaTeX Font Info:    Checking defaults for C11/song/m/n on input line 18.
LaTeX Font Info:    ... okay on input line 18.
LaTeX Font Info:    Checking defaults for C21/song/m/n on input line 18.
LaTeX Font Info:    ... okay on input line 18.
LaTeX Font Info:    Checking defaults for C41/song/m/n on input line 18.
LaTeX Font Info:    ... okay on input line 18.
LaTeX Font Info:    Checking defaults for C62/song/m/n on input line 18.
LaTeX Font Info:    ... okay on input line 18.
 (d:/texlive/2022/texmf-dist/tex/context/base/mkii/supp-pdf.mkii
[Loading MPS to PDF converter (version 2006.09.02).]
\scratchcounter=\count299
\scratchdimen=\dimen179
\scratchbox=\box61
\nofMPsegments=\count300
\nofMParguments=\count301
\everyMPshowfont=\toks36
\MPscratchCnt=\count302
\MPscratchDim=\dimen180
\MPnumerator=\count303
\makeMPintoPDFobject=\count304
\everyMPtoPDFconversion=\toks37
) (d:/texlive/2022/texmf-dist/tex/latex/epstopdf-pkg/epstopdf-base.sty
Package: epstopdf-base 2020-01-24 v2.11 Base part for package epstopdf
Package epstopdf-base Info: Redefining graphics rule for `.eps' on input line 485.
 (d:/texlive/2022/texmf-dist/tex/latex/latexconfig/epstopdf-sys.cfg
File: epstopdf-sys.cfg 2010/07/13 v1.3 Configuration of (r)epstopdf for TeX Live
))
*geometry* driver: auto-detecting
*geometry* detected driver: pdftex
*geometry* verbose mode - [ preamble ] result:
* driver: pdftex
* paper: a4paper
* layout: <same size as paper>
* layoutoffset:(h,v)=(0.0pt,0.0pt)
* modes: twoside 
* h-part:(L,W,R)=(71.13188pt, 455.24411pt, 71.13188pt)
* v-part:(T,H,B)=(42.67912pt, 759.6886pt, 42.67912pt)
* \paperwidth=597.50787pt
* \paperheight=845.04684pt
* \textwidth=455.24411pt
* \textheight=759.6886pt
* \oddsidemargin=-1.1381pt
* \evensidemargin=-1.1381pt
* \topmargin=-59.65836pt
* \headheight=12.0pt
* \headsep=18.06749pt
* \topskip=10.0pt
* \footskip=25.29494pt
* \marginparwidth=115.0pt
* \marginparsep=7.0pt
* \columnsep=10.0pt
* \skip\footins=9.0pt plus 4.0pt minus 2.0pt
* \hoffset=0.0pt
* \voffset=0.0pt
* \mag=1000
* \@twocolumnfalse
* \@twosidetrue
* \@mparswitchtrue
* \@reversemarginfalse
* (1in=72.27pt=25.4mm, 1cm=28.453pt)

\c@lstlisting=\count305
<../photo/ACM_logo.jpg, id=1, 520.94624pt x 512.91624pt>
File: ../photo/ACM_logo.jpg Graphic file (type jpg)
<use ../photo/ACM_logo.jpg>
Package pdftex.def Info: ../photo/ACM_logo.jpg  used on input line 22.
(pdftex.def)             Requested size: 341.43307pt x 336.17pt.
LaTeX Font Info:    Trying to load font information for C70+rm on input line 30.
(d:/texlive/2022/texmf-dist/tex/latex/ctex/fd/c70rm.fd
File: c70rm.fd 2021/12/12 v2.5.8 Chinese font definition (CTEX)
) (d:/texlive/2022/texmf-dist/tex/generic/ctex/zhmap/ctex-zhmap-windows.tex
File: ctex-zhmap-windows.tex 2021/12/12 v2.5.8 Windows font map loader for pdfTeX and DVIPDFMx (CTEX)
{d:/texlive/2022/texmf-var/fonts/map/pdftex/updmap/pdftex.map}{UGBK.sfd}{Unicode.sfd}) [1


 <../photo/ACM_logo.jpg (PNG copy)>] (./main.toc
LaTeX Font Info:    Trying to load font information for OML+lmm on input line 2.
 (d:/texlive/2022/texmf-dist/tex/latex/lm/omllmm.fd
File: omllmm.fd 2015/05/01 v1.6.1 Font defs for Latin Modern
)
LaTeX Font Info:    Trying to load font information for OMS+lmsy on input line 2.
 (d:/texlive/2022/texmf-dist/tex/latex/lm/omslmsy.fd
File: omslmsy.fd 2015/05/01 v1.6.1 Font defs for Latin Modern
)
LaTeX Font Info:    Trying to load font information for OMX+lmex on input line 2.
 (d:/texlive/2022/texmf-dist/tex/latex/lm/omxlmex.fd
File: omxlmex.fd 2015/05/01 v1.6.1 Font defs for Latin Modern
)
LaTeX Font Info:    External font `lmex10' loaded for size
(Font)              <10.53937> on input line 2.
LaTeX Font Info:    External font `lmex10' loaded for size
(Font)              <7> on input line 2.
LaTeX Font Info:    External font `lmex10' loaded for size
(Font)              <5> on input line 2.
LaTeX Font Info:    Trying to load font information for U+msa on input line 2.
 (d:/texlive/2022/texmf-dist/tex/latex/amsfonts/umsa.fd
File: umsa.fd 2013/01/14 v3.01 AMS symbols A
)
LaTeX Font Info:    Trying to load font information for U+msb on input line 2.
 (d:/texlive/2022/texmf-dist/tex/latex/amsfonts/umsb.fd
File: umsb.fd 2013/01/14 v3.01 AMS symbols B
) [1


] [2] [3])
\tf@toc=\write3
\openout3 = `main.toc'.

 [4]
Chapter 1.
(../dp/dp.tex
Package CJKpunct Info: use punctuation spaces for family 'rm' with punctstyle (quanjiao) on input line 14.
 (d:/texlive/2022/texmf-dist/tex/latex/listings/lstlang1.sty
File: lstlang1.sty 2020/03/24 1.8d listings language file
) (d:/texlive/2022/texmf-dist/tex/latex/listings/lstlang1.sty
File: lstlang1.sty 2020/03/24 1.8d listings language file
) (d:/texlive/2022/texmf-dist/tex/latex/listings/lstmisc.sty
File: lstmisc.sty 2020/03/24 1.8d (Carsten Heinz)
)
LaTeX Font Info:    Trying to load font information for OT1+lmtt on input line 15.
 (d:/texlive/2022/texmf-dist/tex/latex/lm/ot1lmtt.fd
File: ot1lmtt.fd 2015/05/01 v1.6.1 Font defs for Latin Modern
)
LaTeX Font Info:    Font shape `OT1/lmtt/bx/n' in size <9.03374> not available
(Font)              Font shape `OT1/lmtt/b/n' tried instead on input line 16.
 [1


]
LaTeX Font Info:    Trying to load font information for C70+zhfs on input line 62.
 (d:/texlive/2022/texmf-dist/tex/latex/zhmetrics/c70zhfs.fd
File: c70zhfs.fd 2009/09/23 4.8.2
)
Overfull \hbox (6.13747pt too wide) in paragraph at lines 70--72
[]\C70/rm/m/n/10.53937/67 	$\OML/lmm/m/it/10.53937 n$\C70/rm/m/n/10.53937/4e * ˚ \C70/rm/m/n/10.53937/52 ° \C70/rm/m/n/10.53937/97 ^^@ \C70/rm/m/n/10.53937/89 Å \C70/rm/m/n/10.53937/5b å \C70/rm/m/n/10.53937/62 ^^P|\C70/rm/m/n/10.53937/ff ^^L| \C70/rm/m/n/10.53937/5b å \C70/rm/m/n/10.53937/62 ^^P \C70/rm/m/n/10.53937/7b ,$\OML/lmm/m/it/10.53937 i$\C70/rm/m/n/10.53937/4e * ˚ \C70/rm/m/n/10.53937/52 ° \C70/rm/m/n/10.53937/97 ^^@ \C70/rm/m/n/10.53937/89 Å \C70/rm/m/n/10.53937/82 ± \C70/rm/m/n/10.53937/8d 9$\OML/lmm/m/it/10.53937 t[]$\C70/rm/m/n/10.53937/52 ^^F \C70/rm/m/n/10.53937/94 ü|\C70/rm/m/n/10.53937/ff ^^L| \C70/rm/m/n/10.53937/4e ß \C70/rm/m/n/10.53937/75 ^^_$\OML/lmm/m/it/10.53937 c[]$\C70/rm/m/n/10.53937/51 C \C70/rm/m/n/10.53937/76 Ñ \C70/rm/m/n/10.53937/5f ^^@ \C70/rm/m/n/10.53937/65 /|\C70/rm/m/n/10.53937/30 ^^B| \C70/rm/m/n/10.53937/73 ∞ \C70/rm/m/n/10.53937/57 ( \C70/rm/m/n/10.53937/67 	$\OML/lmm/m/it/10.53937 T$\C70/rm/m/n/10.53937/52 ^^F \C70/rm/m/n/10.53937/94 ü \C70/rm/m/n/10.53937/65 ˆ \C70/rm/m/n/10.53937/95 Ù|\C70/rm/m/n/10.53937/ff ^^L| $\OML/lmm/m/it/10.53937 W$\C70/rm/m/n/10.53937/51 C
 []

[2]
Overfull \hbox (1.41684pt too wide) in paragraph at lines 121--128
[]\C70/rm/m/n/10.53937/89 Å \C70/rm/m/n/10.53937/6c B \C70/rm/m/n/10.53937/67 ^^@ \C70/rm/m/n/10.53937/4f ^^X \C70/rm/m/n/10.53937/65 π \C70/rm/m/n/10.53937/68 H \C70/rm/m/n/10.53937/60 ; \C70/rm/m/n/10.53937/65 p|\C70/rm/m/n/10.53937/ff ^^L| \C70/rm/m/n/10.53937/62 ^^Q \C70/rm/m/n/10.53937/4e Ï \C70/rm/m/n/10.53937/89 Å \C70/rm/m/n/10.53937/5b ˘\OT1/lmr/m/n/10.53937 0-1\C70/rm/m/n/10.53937/80 Ã \C70/rm/m/n/10.53937/53 ^^E \C70/rm/m/n/10.53937/91 Ã \C70/rm/m/n/10.53937/76 Ñ$\OML/lmm/m/it/10.53937 dp$\C70/rm/m/n/10.53937/65 p \C70/rm/m/n/10.53937/7e ƒ \C70/rm/m/n/10.53937/76 Ñ \C70/rm/m/n/10.53937/5b ö \C70/rm/m/n/10.53937/4e I \C70/rm/m/n/10.53937/7a ^^M \C70/rm/m/n/10.53937/4f \ Ó \C70/rm/m/n/10.53937/65 9|\C70/rm/m/n/10.53937/ff ^^L| \OT1/lmr/m/n/10.53937 DP\C70/rm/m/n/10.53937/72 ∂ \C70/rm/m/n/10.53937/60 ^^A$\OML/lmm/m/it/10.53937 f[]$\C70/rm/m/n/10.53937/4e : \C70/rm/m/n/10.53937/57 ( \C70/rm/m/n/10.53937/53 Í \C70/rm/m/n/10.53937/80 ˝ \C70/rm/m/n/10.53937/65 > \C70/rm/m/n/10.53937/52 M$\OML/lmm/m/it/10.53937 i$\C70/rm/m/n/10.53937/4e *
 []


Overfull \hbox (7.44025pt too wide) in paragraph at lines 121--128
[]\C70/rm/m/n/10.53937/59 Ç \C70/rm/m/n/10.53937/67 ú$\OML/lmm/m/it/10.53937 f[] \OT1/lmr/m/n/10.53937 = \OML/lmm/m/it/10.53937 f[]$\C70/rm/m/n/10.53937/4e ^^T$\OML/lmm/m/it/10.53937 f[] \OMS/lmsy/m/n/10.53937 6\OT1/lmr/m/n/10.53937 = \OML/lmm/m/it/10.53937 f[] \OT1/lmr/m/n/10.53937 + \OML/lmm/m/it/10.53937 w$\C70/rm/m/n/10.53937/8b Ù \C70/rm/m/n/10.53937/66 ^^N \C70/rm/m/n/10.53937/62 ^^Q \C70/rm/m/n/10.53937/4e Ï \C70/rm/m/n/10.53937/6b d \C70/rm/m/n/10.53937/65 ˆ \C70/rm/m/n/10.53937/4e ^^M \C70/rm/m/n/10.53937/90 	 \C70/rm/m/n/10.53937/62 È ä \C70/rm/m/n/10.53937/72 i \C70/rm/m/n/10.53937/54 ¡ \C70/rm/m/n/10.53937/65 > \C70/rm/m/n/10.53937/51 e \C70/rm/m/n/10.53937/80 Ã \C70/rm/m/n/10.53937/53 ^^E \C70/rm/m/n/10.53937/66 Ù \C70/rm/m/n/10.53937/4f ^^X|\C70/rm/m/n/10.53937/ff ^^L| \C70/rm/m/n/10.53937/65 π \C70/rm/m/n/10.53937/68 H \C70/rm/m/n/10.53937/65 p \C70/rm/m/n/10.53937/75 1$\OML/lmm/m/it/10.53937 g[]$\C70/rm/m/n/10.53937/8f l
 []


Overfull \hbox (7.40208pt too wide) in paragraph at lines 121--128
[]\C70/rm/m/n/10.53937/59 Ç \C70/rm/m/n/10.53937/67 ú$\OML/lmm/m/it/10.53937 f[] \OMS/lmsy/m/n/10.53937 6\OT1/lmr/m/n/10.53937 = \OML/lmm/m/it/10.53937 f[]$\C70/rm/m/n/10.53937/4e ^^T$\OML/lmm/m/it/10.53937 f[] \OT1/lmr/m/n/10.53937 = \OML/lmm/m/it/10.53937 f[] \OT1/lmr/m/n/10.53937 + \OML/lmm/m/it/10.53937 w$\C70/rm/m/n/10.53937/8b Ù \C70/rm/m/n/10.53937/66 ^^N \C70/rm/m/n/10.53937/62 ^^Q \C70/rm/m/n/10.53937/4e Ï \C70/rm/m/n/10.53937/6b d \C70/rm/m/n/10.53937/65 ˆ \C70/rm/m/n/10.53937/90 	 \C70/rm/m/n/10.53937/62 È ä \C70/rm/m/n/10.53937/72 i \C70/rm/m/n/10.53937/54 ¡ \C70/rm/m/n/10.53937/65 > \C70/rm/m/n/10.53937/51 e \C70/rm/m/n/10.53937/80 Ã \C70/rm/m/n/10.53937/53 ^^E \C70/rm/m/n/10.53937/66 Ù \C70/rm/m/n/10.53937/4f ^^X|\C70/rm/m/n/10.53937/ff ^^L| \C70/rm/m/n/10.53937/65 π \C70/rm/m/n/10.53937/68 H \C70/rm/m/n/10.53937/65 p \C70/rm/m/n/10.53937/75 1$\OML/lmm/m/it/10.53937 g[]$\C70/rm/m/n/10.53937/8f l
 []


Overfull \hbox (21.54352pt too wide) in paragraph at lines 121--128
[]\C70/rm/m/n/10.53937/59 Ç \C70/rm/m/n/10.53937/67 ú$\OML/lmm/m/it/10.53937 f[] \OT1/lmr/m/n/10.53937 = \OML/lmm/m/it/10.53937 f[]$\C70/rm/m/n/10.53937/4e ^^T$\OML/lmm/m/it/10.53937 f[] \OT1/lmr/m/n/10.53937 = \OML/lmm/m/it/10.53937 f[] \OT1/lmr/m/n/10.53937 + \OML/lmm/m/it/10.53937 w$\C70/rm/m/n/10.53937/8b Ù \C70/rm/m/n/10.53937/66 ^^N \C70/rm/m/n/10.53937/65 > \C70/rm/m/n/10.53937/51 e \C70/rm/m/n/10.53937/62 ^^V \C70/rm/m/n/10.53937/4e ^^M \C70/rm/m/n/10.53937/65 > \C70/rm/m/n/10.53937/51 e \C70/rm/m/n/10.53937/90 ˝ \C70/rm/m/n/10.53937/80 ˝ \C70/rm/m/n/10.53937/53 ÷ \C70/rm/m/n/10.53937/5f ó \C70/rm/m/n/10.53937/67 ^^@ \C70/rm/m/n/10.53937/4f ^^X \C70/rm/m/n/10.53937/89 „|\C70/rm/m/n/10.53937/ff ^^L| \C70/rm/m/n/10.53937/65 π \C70/rm/m/n/10.53937/68 H \C70/rm/m/n/10.53937/65 p \C70/rm/m/n/10.53937/75 1$\OML/lmm/m/it/10.53937 g[]$\C70/rm/m/n/10.53937/54 å$\OML/lmm/m/it/10.53937 g[]$\C70/rm/m/n/10.53937/8f l
 []

[3] [4]
Package CJKpunct Info: use punctuation spaces for family 'zhfs' with punctstyle (quanjiao) on input line 180.

Overfull \hbox (7.1831pt too wide) in paragraph at lines 211--213
\C70/rm/m/n/10.53937/5c ^ \C70/rm/m/n/10.53937/4e é \C70/rm/m/n/10.53937/67 – \C70/rm/m/n/10.53937/4e * \C70/rm/m/n/10.53937/5b P \C70/rm/m/n/10.53937/7c ˚ \C70/rm/m/n/10.53937/7e ﬂ|\C70/rm/m/n/10.53937/30 ^^B| \C70/rm/m/n/10.53937/6b œ \C70/rm/m/n/10.53937/4e *\OT1/lmr/m/n/10.53937 bug\C70/rm/m/n/10.53937/5c ^ \C70/rm/m/n/10.53937/4e é \C70/rm/m/n/10.53937/67 – \C70/rm/m/n/10.53937/4e * \C70/rm/m/n/10.53937/5b P \C70/rm/m/n/10.53937/7c ˚ \C70/rm/m/n/10.53937/7e ﬂ \C70/rm/m/n/10.53937/76 Ñ \C70/rm/m/n/10.53937/69 Ç \C70/rm/m/n/10.53937/73 á \C70/rm/m/n/10.53937/66 /$[]$|\C70/rm/m/n/10.53937/ff ^^L| \C70/rm/m/n/10.53937/5c ^ \C70/rm/m/n/10.53937/4e é \C70/rm/m/n/10.53937/67 – \C70/rm/m/n/10.53937/79 Õ\OT1/lmr/m/n/10.53937 bug\C70/rm/m/n/10.53937/52 ^^F \C70/rm/m/n/10.53937/7c { \C70/rm/m/n/10.53937/76 Ñ \C70/rm/m/n/10.53937/69 Ç \C70/rm/m/n/10.53937/73 á \C70/rm/m/n/10.53937/66 /$[]$|\C70/rm/m/n/10.53937/30 ^^B| \C70/rm/m/n/10.53937/6c B \C70/rm/m/n/10.53937/53 — \C70/rm/m/n/10.53937/73 ∞$\OML/lmm/m/it/10.53937 n$\C70/rm/m/n/10.53937/79 Õ\OT1/lmr/m/n/10.53937 bug|\C70/rm/m/n/10.53937/ff ^^L|
 []

[5]
LaTeX Font Info:    Trying to load font information for TS1+lmr on input line 214.
 (d:/texlive/2022/texmf-dist/tex/latex/lm/ts1lmr.fd
File: ts1lmr.fd 2015/05/01 v1.6.1 Font defs for Latin Modern
)) [6]
Chapter 2.
(../math/math.tex [7

] [8] [9]
Underfull \hbox (badness 10000) in paragraph at lines 181--182

 []


Underfull \hbox (badness 10000) in paragraph at lines 184--187

 []

[10]
Underfull \hbox (badness 10000) in paragraph at lines 237--238

 []


Underfull \vbox (badness 10000) has occurred while \output is active []

 [11]
Underfull \hbox (badness 10000) in paragraph at lines 240--242

 []


Underfull \hbox (badness 10000) in paragraph at lines 280--282

 []

[12] [13]
<../photo/quangailv.png, id=327, 617.30624pt x 449.68pt>
File: ../photo/quangailv.png Graphic file (type png)
<use ../photo/quangailv.png>
Package pdftex.def Info: ../photo/quangailv.png  used on input line 394.
(pdftex.def)             Requested size: 136.57462pt x 99.48569pt.

Overfull \hbox (14.435pt too wide) in paragraph at lines 386--395
[]\C70/rm/bx/n/10.53937/51 h \C70/rm/bx/n/10.53937/69 Ç \C70/rm/bx/n/10.53937/73 á \C70/rm/bx/n/10.53937/51 l \C70/rm/bx/n/10.53937/5f ^^O|\C70/rm/bx/n/10.53937/ff ^^Z| \C70/rm/m/n/10.53937/5f S \C70/rm/m/n/10.53937/62 @ \C70/rm/m/n/10.53937/6c B \C70/rm/m/n/10.53937/76 Ñ \C70/rm/m/n/10.53937/4e ã ˆ$\OML/lmm/m/it/10.53937 A$\C70/rm/m/n/10.53937/53 Ô \C70/rm/m/n/10.53937/4e Â \C70/rm/m/n/10.53937/52 ^^F \C70/rm/m/n/10.53937/62 ^^P \C70/rm/m/n/10.53937/51 ‡ \C70/rm/m/n/10.53937/79 Õ \C70/rm/m/n/10.53937/60 ≈ \C70/rm/m/n/10.53937/51 µ \C70/rm/m/n/10.53937/65 ˆ|\C70/rm/m/n/10.53937/ff ^^L| $\OML/lmm/m/it/10.53937 A$\C70/rm/m/n/10.53937/53 — \C70/rm/m/n/10.53937/75 ^^_ \C70/rm/m/n/10.53937/76 Ñ \C70/rm/m/n/10.53937/69 Ç \C70/rm/m/n/10.53937/73 á \C70/rm/m/n/10.53937/5c 1 \C70/rm/m/n/10.53937/66 / \C70/rm/m/n/10.53937/8f Ÿ \C70/rm/m/n/10.53937/4e õ \C70/rm/m/n/10.53937/60 ≈ \C70/rm/m/n/10.53937/51 µ \C70/rm/m/n/10.53937/76 Ñ \C70/rm/m/n/10.53937/69 Ç \C70/rm/m/n/10.53937/73 á \C70/rm/m/n/10.53937/54 å|\C70/rm/m/n/10.53937/30 ^^B| $\OML/lmm/m/it/10.53937 P\OT1/lmr/m/n/10.53937 (\OML/lmm/m/it/10.53937 A\OT1/lmr/m/n/10.53937 ) =
 []


Underfull \hbox (badness 10000) in paragraph at lines 396--398

 []

[14 <../photo/quangailv.png>] [15]
Underfull \vbox (badness 10000) has occurred while \output is active []

 [16]) [17] [18

]
Chapter 3.
(../graph/graph.tex [19] [20]
Underfull \vbox (badness 10000) has occurred while \output is active []

 [21]
<../photo/VirtualTree.png, id=375, 377.41pt x 260.975pt>
File: ../photo/VirtualTree.png Graphic file (type png)
<use ../photo/VirtualTree.png>
Package pdftex.def Info: ../photo/VirtualTree.png  used on input line 191.
(pdftex.def)             Requested size: 227.62206pt x 157.39856pt.

Underfull \vbox (badness 10000) has occurred while \output is active []

 [22]
Underfull \vbox (badness 1490) has occurred while \output is active []

 [23 <../photo/VirtualTree.png>] [24]
Underfull \vbox (badness 10000) has occurred while \output is active []

 [25] [26]
Underfull \vbox (badness 10000) has occurred while \output is active []

 [27]
Overfull \hbox (17.77975pt too wide) in paragraph at lines 446--449
[]\C70/rm/m/n/10.53937/65 ‡ \C70/rm/m/n/10.53937/54 ^^Q \C70/rm/m/n/10.53937/56 ˛$\OML/lmm/m/it/10.53937 G$\C70/rm/m/n/10.53937/4e -$\OML/lmm/m/it/10.53937 x$\C70/rm/m/n/10.53937/52 0$\OML/lmm/m/it/10.53937 y$\C70/rm/m/n/10.53937/76 Ñ \C70/rm/m/n/10.53937/67 ^^@ \C70/rm/m/n/10.53937/5c ^^O \C70/rm/m/n/10.53937/74 ˆ \C70/rm/m/n/10.53937/98 à \C70/rm/m/n/10.53937/8d Ô \C70/rm/m/n/10.53937/66 / \C70/rm/m/n/10.53937/8f Ÿ \C70/rm/m/n/10.53937/68 7 \C70/rm/m/n/10.53937/76 Ñ \C70/rm/m/n/10.53937/4e ^^@ \C70/rm/m/n/10.53937/7c { \C70/rm/m/n/10.53937/7b Ä \C70/rm/m/n/10.53937/53 U \C70/rm/m/n/10.53937/8d Ô \C70/rm/m/n/10.53937/5f Ñ|\C70/rm/m/n/10.53937/ff ^^L| \C70/rm/m/n/10.53937/6e · \C70/rm/m/n/10.53937/8d ≥ \C70/rm/m/n/10.53937/8f Ÿ \C70/rm/m/n/10.53937/67 a \C70/rm/m/n/10.53937/8d Ô \C70/rm/m/n/10.53937/5f Ñ \C70/rm/m/n/10.53937/4e 
 \C70/rm/m/n/10.53937/76 Ñ \C70/rm/m/n/10.53937/67 ^^@ \C70/rm/m/n/10.53937/59 ' \C70/rm/m/n/10.53937/76 Ñ \C70/rm/m/n/10.53937/8f π \C70/rm/m/n/10.53937/67 C \C70/rm/m/n/10.53937/57 ( \C70/rm/m/n/10.53937/62 @ \C70/rm/m/n/10.53937/67 	$\OML/lmm/m/it/10.53937 x$\C70/rm/m/n/10.53937/52 0$\OML/lmm/m/it/10.53937 y$\C70/rm/m/n/10.53937/76 Ñ
 []

<../photo/kru1.png, id=406, 764.8575pt x 526.96875pt>
File: ../photo/kru1.png Graphic file (type png)
<use ../photo/kru1.png>
Package pdftex.def Info: ../photo/kru1.png  used on input line 459.
(pdftex.def)             Requested size: 227.62206pt x 156.82138pt.
<../photo/kru2.png, id=407, 844.15375pt x 744.7825pt>
File: ../photo/kru2.png Graphic file (type png)
<use ../photo/kru2.png>
Package pdftex.def Info: ../photo/kru2.png  used on input line 460.
(pdftex.def)             Requested size: 227.62206pt x 200.82121pt.

Underfull \hbox (badness 10000) in paragraph at lines 450--461

 []


Overfull \hbox (2.34207pt too wide) in paragraph at lines 450--461
[] [] 
 []

[28 <../photo/kru1.png> <../photo/kru2.png>]
<../photo/zl.jpg, id=414, 803.0pt x 484.81125pt>
File: ../photo/zl.jpg Graphic file (type jpg)
<use ../photo/zl.jpg>
Package pdftex.def Info: ../photo/zl.jpg  used on input line 489.
(pdftex.def)             Requested size: 364.19667pt x 219.88669pt.

Overfull \hbox (2.67569pt too wide) in paragraph at lines 481--491
[]\C70/rm/m/n/10.53937/8f Ÿ \C70/rm/m/n/10.53937/68 7 \C70/rm/m/n/10.53937/62 ^^Q \C70/rm/m/n/10.53937/4e Ï ^^@ \C70/rm/m/n/10.53937/76 Ù \C70/rm/m/n/10.53937/52 † \C70/rm/m/n/10.53937/8f π|\C70/rm/m/n/10.53937/ff ^^L| \C70/rm/m/n/10.53937/62 ~ \C70/rm/m/n/10.53937/73 Ø|\C70/rm/m/n/10.53937/ff ^^L| \C70/rm/m/n/10.53937/7f ) \C70/rm/m/n/10.53937/70 π \C70/rm/m/n/10.53937/5f ™ \C70/rm/m/n/10.53937/73 Ø|\C70/rm/m/n/10.53937/ff ^^L| \C70/rm/m/n/10.53937/76 Ù \C70/rm/m/n/10.53937/52 0 \C70/rm/m/n/10.53937/62 ~ \C70/rm/m/n/10.53937/52 0 \C70/rm/m/n/10.53937/76 Ñ \C70/rm/m/n/10.53937/66 / \C70/rm/m/n/10.53937/4e ^^@ *$\OML/lmm/m/it/10.53937 DAG$|\C70/rm/m/n/10.53937/30 ^^B| \C70/rm/m/n/10.53937/81 Û \C70/rm/m/n/10.53937/6b d \C70/rm/m/n/10.53937/7e ” \C70/rm/m/n/10.53937/67 _|\C70/rm/m/n/10.53937/ff ^^L| \C70/rm/m/n/10.53937/65 ˆ \C70/rm/m/n/10.53937/95 Ù \C70/rm/m/n/10.53937/59 ^^M \C70/rm/m/n/10.53937/67 B \C70/rm/m/n/10.53937/5e ¶$\OML/lmm/m/it/10.53937 O\OT1/lmr/m/n/10.53937 (\OML/lmm/m/it/10.53937 nm\OT1/lmr/m/n/10.53937 )$|\C70/rm/m/n/10.53937/30 ^^B|
 []


Underfull \hbox (badness 10000) in paragraph at lines 481--491

 []

[29 <../photo/zl.jpg>] [30] [31] [32]
Underfull \vbox (badness 10000) has occurred while \output is active []

 [33] [34] [35]
Underfull \vbox (badness 10000) has occurred while \output is active []

 [36] [37] [38]
Underfull \hbox (badness 10000) in paragraph at lines 962--967

 []

[39] [40] [41] [42]
<../photo/dfstree.png, id=476, 322.20375pt x 480.79625pt>
File: ../photo/dfstree.png Graphic file (type png)
<use ../photo/dfstree.png>
Package pdftex.def Info: ../photo/dfstree.png  used on input line 1102.
(pdftex.def)             Requested size: 136.57462pt x 203.8038pt.

Overfull \hbox (21.07874pt too wide) in paragraph at lines 1102--1105
[][]
 []

[43 <../photo/dfstree.png>] [44] [45]
<../photo/yfs1.png, id=494, 160.34906pt x 188.95593pt>
File: ../photo/yfs1.png Graphic file (type png)
<use ../photo/yfs1.png>
Package pdftex.def Info: ../photo/yfs1.png  used on input line 1247.
(pdftex.def)             Requested size: 150.23138pt x 177.03618pt.
<../photo/yfs2.png, id=495, 160.34906pt x 188.95593pt>
File: ../photo/yfs2.png Graphic file (type png)
<use ../photo/yfs2.png>
Package pdftex.def Info: ../photo/yfs2.png  used on input line 1248.
(pdftex.def)             Requested size: 150.23138pt x 177.03618pt.
<../photo/yfs3.png, id=496, 160.34906pt x 188.95593pt>
File: ../photo/yfs3.png Graphic file (type png)
<use ../photo/yfs3.png>
Package pdftex.def Info: ../photo/yfs3.png  used on input line 1249.
(pdftex.def)             Requested size: 150.23138pt x 177.03618pt.

Overfull \hbox (0.13419pt too wide) in paragraph at lines 1243--1253
[] [] []
 []

[46 <../photo/yfs1.png> <../photo/yfs2.png> <../photo/yfs3.png>]
<../photo/xrz.png, id=503, 719.68875pt x 298.11375pt>
File: ../photo/xrz.png Graphic file (type png)
<use ../photo/xrz.png>
Package pdftex.def Info: ../photo/xrz.png  used on input line 1283.
(pdftex.def)             Requested size: 227.62206pt x 94.28842pt.

Underfull \hbox (badness 10000) in paragraph at lines 1285--1287

 []


Overfull \hbox (13.82776pt too wide) in paragraph at lines 1288--1290
[]\C70/rm/m/n/10.53937/5e ˙ \C70/rm/m/n/10.53937/59 } \C70/rm/m/n/10.53937/68 ^^Q \C70/rm/m/n/10.53937/54 ^^N|\C70/rm/m/n/10.53937/ff ^^L| \C70/rm/m/n/10.53937/8b ∞$\OML/lmm/m/it/10.53937 dis\OT1/lmr/m/n/10.53937 (\OML/lmm/m/it/10.53937 x\OT1/lmr/m/n/10.53937 )$\C70/rm/m/n/10.53937/4e :$\OML/lmm/m/it/10.53937 x$\C70/rm/m/n/10.53937/70 π \C70/rm/m/n/10.53937/52 0 \C70/rm/m/n/10.53937/68 ^^Q 9 \C70/rm/m/n/10.53937/76 Ñ \C70/rm/m/n/10.53937/8d › \C70/rm/m/n/10.53937/79 ª|\C70/rm/m/n/10.53937/ff ^^L| \C70/rm/m/n/10.53937/5b ˘ \C70/rm/m/n/10.53937/4e é$\OML/lmm/m/it/10.53937 u$\C70/rm/m/n/10.53937/52 0$\OML/lmm/m/it/10.53937 v$\C70/rm/m/n/10.53937/76 Ñ \C70/rm/m/n/10.53937/67 ^^@ \C70/rm/m/n/10.53937/77 Ì \C70/rm/m/n/10.53937/8d Ô|\C70/rm/m/n/10.53937/ff ^^L| \C70/rm/m/n/10.53937/82 Â \C70/rm/m/n/10.53937/51 v\OT1/lmr/m/n/10.53937 LCA\C70/rm/m/n/10.53937/4e : \C70/rm/m/n/10.53937/57 ^^F \C70/rm/m/n/10.53937/70 π|\C70/rm/m/n/10.53937/ff ^^L| \C70/rm/m/n/10.53937/67 ^^@ \C70/rm/m/n/10.53937/77 Ì \C70/rm/m/n/10.53937/8d Ô \C70/rm/m/n/10.53937/53 s$\OML/lmm/m/it/10.53937 dis\OT1/lmr/m/n/10.53937 (\OML/lmm/m/it/10.53937 u\OT1/lmr/m/n/10.53937 ) +
 []


Overfull \hbox (28.18143pt too wide) in paragraph at lines 1288--1290
\OML/lmm/m/it/10.53937 dis\OT1/lmr/m/n/10.53937 (\OML/lmm/m/it/10.53937 v\OT1/lmr/m/n/10.53937 ) \OMS/lmsy/m/n/10.53937 ^^@ \OT1/lmr/m/n/10.53937 2 \OMS/lmsy/m/n/10.53937 ^^C \OML/lmm/m/it/10.53937 dis\OT1/lmr/m/n/10.53937 (\OML/lmm/m/it/10.53937 LCA\OT1/lmr/m/n/10.53937 )$|\C70/rm/m/n/10.53937/30 ^^B| \C70/rm/m/n/10.53937/82 Â \C70/rm/m/n/10.53937/4e : \C70/rm/m/n/10.53937/65 π \C70/rm/m/n/10.53937/70 π|\C70/rm/m/n/10.53937/ff ^^L| \C70/rm/m/n/10.53937/62 ~ \C70/rm/m/n/10.53937/51 ˙\OT1/lmr/m/n/10.53937 LCA\C70/rm/m/n/10.53937/76 Ñ \C70/rm/m/n/10.53937/4e $ * \C70/rm/m/n/10.53937/51 ? \C70/rm/m/n/10.53937/5b P$\OML/lmm/m/it/10.53937 A; B$|\C70/rm/m/n/10.53937/ff ^^L| \C70/rm/m/n/10.53937/52 ^^F + \C70/rm/m/n/10.53937/4e :$\OML/lmm/m/it/10.53937 u; v$\C70/rm/m/n/10.53937/76 Ñ \C70/rm/m/n/10.53937/79 V \C70/rm/m/n/10.53937/51 H|\C70/rm/m/n/10.53937/ff ^^L| \C70/rm/m/n/10.53937/6b d \C70/rm/m/n/10.53937/65 ˆ \C70/rm/m/n/10.53937/67 ^^@ \C70/rm/m/n/10.53937/77 Ì \C70/rm/m/n/10.53937/8d Ô \C70/rm/m/n/10.53937/53 s$\OML/lmm/m/it/10.53937 dis\OT1/lmr/m/n/10.53937 (\OML/lmm/m/it/10.53937 A; B\OT1/lmr/m/n/10.53937 ) +
 []

[47 <../photo/xrz.png>]
Underfull \vbox (badness 10000) has occurred while \output is active []

 [48] [49]
<../photo/Berge's lemma.png, id=514, 849.1725pt x 603.25375pt>
File: ../photo/Berge's lemma.png Graphic file (type png)
<use ../photo/Berge's lemma.png>
Package pdftex.def Info: ../photo/Berge's lemma.png  used on input line 1439.
(pdftex.def)             Requested size: 227.62206pt x 161.70245pt.
 [50 <../photo/Berge's lemma.png>]
Overfull \hbox (25.95726pt too wide) in paragraph at lines 1463--1464
[]\C70/rm/m/n/10.53937/8b æ$\OML/lmm/m/it/10.53937 G \OT1/lmr/m/n/10.53937 =\OML/lmm/m/it/10.53937 < V[]; V[]; E >$\C70/rm/m/n/10.53937/4e : å \C70/rm/m/n/10.53937/52 ^^F \C70/rm/m/n/10.53937/56 ˛|\C70/rm/m/n/10.53937/ff ^^L| $\OMS/lmsy/m/n/10.53937 j\OML/lmm/m/it/10.53937 V[]\OMS/lmsy/m/n/10.53937 j ^^T j\OML/lmm/m/it/10.53937 V[]\OMS/lmsy/m/n/10.53937 j$|\C70/rm/m/n/10.53937/ff ^^L| $\OML/lmm/m/it/10.53937 M$\C70/rm/m/n/10.53937/4e :$\OML/lmm/m/it/10.53937 G$\C70/rm/m/n/10.53937/4e - ^^@ * \C70/rm/m/n/10.53937/67 ^^@ \C70/rm/m/n/10.53937/59 ' \C70/rm/m/n/10.53937/53 9 \C70/rm/m/n/10.53937/91 M|\C70/rm/m/n/10.53937/ff ^^L| \C70/rm/m/n/10.53937/4e ^^T$\OML/lmm/m/it/10.53937 M \OT1/lmr/m/n/10.53937 = \OMS/lmsy/m/n/10.53937 j\OML/lmm/m/it/10.53937 V[]\OMS/lmsy/m/n/10.53937 j$|\C70/rm/m/n/10.53937/ff ^^L| \C70/rm/m/n/10.53937/52 ^^Y \C70/rm/m/n/10.53937/79 $\OML/lmm/m/it/10.53937 M$\C70/rm/m/n/10.53937/4e :$\OML/lmm/m/it/10.53937 V[]$\C70/rm/m/n/10.53937/52 0$\OML/lmm/m/it/10.53937 V[]$\C70/rm/m/n/10.53937/76 Ñ
 []

[51]
<../photo/km.png, id=527, 358.33875pt x 402.50375pt>
File: ../photo/km.png Graphic file (type png)
<use ../photo/km.png>
Package pdftex.def Info: ../photo/km.png  used on input line 1515.
(pdftex.def)             Requested size: 136.57462pt x 153.40749pt.

Overfull \hbox (0.62578pt too wide) in paragraph at lines 1507--1520
[]\C70/rm/bx/n/10.53937/76 ¯ \C70/rm/bx/n/10.53937/7b I \C70/rm/bx/n/10.53937/5b P \C70/rm/bx/n/10.53937/56 ˛|\C70/rm/bx/n/10.53937/ff ^^Z| \C70/rm/m/n/10.53937/57 ( \C70/rm/m/n/10.53937/4e ^^@ \C70/rm/m/n/10.53937/7e ƒ \C70/rm/m/n/10.53937/53 Ô \C70/rm/m/n/10.53937/88 L \C70/rm/m/n/10.53937/98 v \C70/rm/m/n/10.53937/68 ^^G \C70/rm/m/n/10.53937/4e  \C70/rm/m/n/10.53937/53 ü \C70/rm/m/n/10.53937/56 ˛ \C70/rm/m/n/10.53937/76 Ñ \C70/rm/m/n/10.53937/75 ^^_ \C70/rm/m/n/10.53937/62 ^^P \C70/rm/m/n/10.53937/5b P \C70/rm/m/n/10.53937/56 ˛|\C70/rm/m/n/10.53937/ff ^^L| \C70/rm/m/n/10.53937/53 ^^E \C70/rm/m/n/10.53937/54 + \C70/rm/m/n/10.53937/62 @ \C70/rm/m/n/10.53937/67 	 \C70/rm/m/n/10.53937/70 π \C70/rm/m/n/10.53937/4f F \C70/rm/m/n/10.53937/53 Í ^^E \C70/rm/m/n/10.53937/54 + \C70/rm/m/n/10.53937/6e · \C70/rm/m/n/10.53937/8d ≥$\OML/lmm/m/it/10.53937 w\OT1/lmr/m/n/10.53937 (\OML/lmm/m/it/10.53937 u; v\OT1/lmr/m/n/10.53937 ) \OMS/lmsy/m/n/10.53937 ^^T \OML/lmm/m/it/10.53937 l\OT1/lmr/m/n/10.53937 (\OML/lmm/m/it/10.53937 u\OT1/lmr/m/n/10.53937 ) + \OML/lmm/m/it/10.53937 l\OT1/lmr/m/n/10.53937 (\OML/lmm/m/it/10.53937 v\OT1/lmr/m/n/10.53937 )$\C70/rm/m/n/10.53937/76 Ñ
 []


Overfull \hbox (14.86343pt too wide) in paragraph at lines 1507--1520
[]\C70/rm/m/n/10.53937/4e ^^@ \C70/rm/m/n/10.53937/5f ^^@ \C70/rm/m/n/10.53937/59 À \C70/rm/m/n/10.53937/67 ö \C70/rm/m/n/10.53937/4e >$\OML/lmm/m/it/10.53937 n$\C70/rm/m/n/10.53937/4e * \C70/rm/m/n/10.53937/70 π \C70/rm/m/n/10.53937/62 ~ \C70/rm/m/n/10.53937/58 û \C70/rm/m/n/10.53937/5e ^^? \C70/rm/m/n/10.53937/8d Ô|\C70/rm/m/n/10.53937/ff ^^L| \C70/rm/m/n/10.53937/4e : Ü \C70/rm/m/n/10.53937/62 ~ \C70/rm/m/n/10.53937/58 û \C70/rm/m/n/10.53937/5e ^^? \C70/rm/m/n/10.53937/8d Ô \C70/rm/m/n/10.53937/97 ^^@ \C70/rm/m/n/10.53937/89 Å \C70/rm/m/n/10.53937/5e ˆ \C70/rm/m/n/10.53937/4f 8$\OML/lmm/m/it/10.53937 n$\C70/rm/m/n/10.53937/6b ! \C70/rm/m/n/10.53937/4e § \C70/rm/m/n/10.53937/95 ^^Y \C70/rm/m/n/10.53937/68 ^^Q|\C70/rm/m/n/10.53937/ff ^^L| \C70/rm/m/n/10.53937/6b œ ! \C70/rm/m/n/10.53937/5e ˆ \C70/rm/m/n/10.53937/4f 8 \C70/rm/m/n/10.53937/97 ^^@ \C70/rm/m/n/10.53937/89 Å$\OML/lmm/m/it/10.53937 n$\C70/rm/m/n/10.53937/6b ! \C70/rm/m/n/10.53937/7e Ù \C70/rm/m/n/10.53937/62 §|\C70/rm/m/n/10.53937/ff ^^L| \C70/rm/m/n/10.53937/51 q$\OML/lmm/m/it/10.53937 O\OT1/lmr/m/n/10.53937 (\OML/lmm/m/it/10.53937 n[]\OT1/lmr/m/n/10.53937 )$|\C70/rm/m/n/10.53937/30 ^^B|
 []


Underfull \hbox (badness 10000) in paragraph at lines 1507--1520

 []

[52 <../photo/km.png>]
Underfull \vbox (badness 10000) has occurred while \output is active []

 [53]
Underfull \hbox (badness 10000) in paragraph at lines 1595--1596

 []

[54]
Underfull \vbox (badness 10000) has occurred while \output is active []

 [55] [56] [57] [58]
Underfull \vbox (badness 10000) has occurred while \output is active []

 [59]
Overfull \hbox (6.19008pt too wide) in paragraph at lines 1906--1907
[]\C70/rm/m/n/10.53937/59 Ç \C70/rm/m/n/10.53937/67 ú \C70/rm/m/n/10.53937/97 ^^@ \C70/rm/m/n/10.53937/89 Å \C70/rm/m/n/10.53937/57 ( \C70/rm/m/n/10.53937/67 ^^@ \C70/rm/m/n/10.53937/5c ^^O \C70/rm/m/n/10.53937/52 r \C70/rm/m/n/10.53937/76 Ñ \C70/rm/m/n/10.53937/52 M \C70/rm/m/n/10.53937/63 – \C70/rm/m/n/10.53937/4e  \C70/rm/m/n/10.53937/67 ^^@ \C70/rm/m/n/10.53937/5c ^^O \C70/rm/m/n/10.53937/53 ^^V \C70/rm/m/n/10.53937/52 r \C70/rm/m/n/10.53937/8f π \C70/rm/m/n/10.53937/65 p \C70/rm/m/n/10.53937/91 œ|\C70/rm/m/n/10.53937/ff ^^L| \C70/rm/m/n/10.53937/90 £ \C70/rm/m/n/10.53937/4e H \C70/rm/m/n/10.53937/51 H \C70/rm/m/n/10.53937/6c B \C70/rm/m/n/10.53937/51 ˙ \C70/rm/m/n/10.53937/67 ^^@ \C70/rm/m/n/10.53937/5c ^^O \C70/rm/m/n/10.53937/52 r|\C70/rm/m/n/10.53937/ff ^^L| \C70/rm/m/n/10.53937/62 ä \C70/rm/m/n/10.53937/6c ° \C70/rm/m/n/10.53937/67 	 \C70/rm/m/n/10.53937/6e · \C70/rm/m/n/10.53937/6d A \C70/rm/m/n/10.53937/76 Ñ \C70/rm/m/n/10.53937/8f π \C70/rm/m/n/10.53937/5b π \C70/rm/m/n/10.53937/91 œ \C70/rm/m/n/10.53937/65 9 \C70/rm/m/n/10.53937/62 ^^P$\OML/lmm/m/it/10.53937 inf$|\C70/rm/m/n/10.53937/ff ^^L|
 []

[60]
<../photo/zxg1.png, id=565, 454.69875pt x 330.23375pt>
File: ../photo/zxg1.png Graphic file (type png)
<use ../photo/zxg1.png>
Package pdftex.def Info: ../photo/zxg1.png  used on input line 1915.
(pdftex.def)             Requested size: 182.09486pt x 132.2524pt.
<../photo/zxg2.png, id=566, 700.6175pt x 372.39125pt>
File: ../photo/zxg2.png Graphic file (type png)
<use ../photo/zxg2.png>
Package pdftex.def Info: ../photo/zxg2.png  used on input line 1916.
(pdftex.def)             Requested size: 227.62206pt x 120.98595pt.
 [61 <../photo/zxg1.png> <../photo/zxg2.png>] [62]
Overfull \hbox (26.79396pt too wide) in paragraph at lines 1979--1981
[]\C70/rm/m/n/10.53937/8b ∞ ° \C70/rm/m/n/10.53937/7b ó \C70/rm/m/n/10.53937/51 ˙ \C70/rm/m/n/10.53937/67 e \C70/rm/m/n/10.53937/76 Ñ \C70/rm/m/n/10.53937/4e 
  \C70/rm/m/n/10.53937/75 L \C70/rm/m/n/10.53937/53 Ô \C70/rm/m/n/10.53937/88 L \C70/rm/m/n/10.53937/6d A \C70/rm/m/n/10.53937/4e :$\OML/lmm/m/it/10.53937 flow\OT1/lmr/m/n/10.53937 1$|\C70/rm/m/n/10.53937/30 ^^B| \C70/rm/m/n/10.53937/54 & \C70/rm/m/n/10.53937/52 ^^Y|\C70/rm/m/n/10.53937/ff ^^L| \C70/rm/m/n/10.53937/62 ^^Q \C70/rm/m/n/10.53937/4e Ï \C70/rm/m/n/10.53937/52   \C70/rm/m/n/10.53937/53 ª \C70/rm/m/n/10.53937/56 ˛ \C70/rm/m/n/10.53937/4e 
 \C70/rm/m/n/10.53937/62 @ \C70/rm/m/n/10.53937/67 	 \C70/rm/m/n/10.53937/76 Ñ \C70/rm/m/n/10.53937/96 D \C70/rm/m/n/10.53937/52 † \C70/rm/m/n/10.53937/8f π|\C70/rm/m/n/10.53937/ff ^^L| \C70/rm/m/n/10.53937/57 ( \C70/rm/m/n/10.53937/6b ã \C70/rm/m/n/10.53937/91 œ \C70/rm/m/n/10.53937/7f Q \C70/rm/m/n/10.53937/7e ‹ \C70/rm/m/n/10.53937/4e 
 \C70/rm/m/n/10.53937/7b ó \C70/rm/m/n/10.53937/51 ˙$\OML/lmm/m/it/10.53937 S$\C70/rm/m/n/10.53937/52 0$\OML/lmm/m/it/10.53937 T$\C70/rm/m/n/10.53937/8b °
 []

[63]
Overfull \hbox (26.79396pt too wide) in paragraph at lines 2063--2065
[]\C70/rm/m/n/10.53937/8b ∞ ° \C70/rm/m/n/10.53937/7b ó \C70/rm/m/n/10.53937/51 ˙ \C70/rm/m/n/10.53937/67 e \C70/rm/m/n/10.53937/76 Ñ \C70/rm/m/n/10.53937/4e 
  \C70/rm/m/n/10.53937/75 L \C70/rm/m/n/10.53937/53 Ô \C70/rm/m/n/10.53937/88 L \C70/rm/m/n/10.53937/6d A \C70/rm/m/n/10.53937/4e :$\OML/lmm/m/it/10.53937 flow\OT1/lmr/m/n/10.53937 1$|\C70/rm/m/n/10.53937/30 ^^B| \C70/rm/m/n/10.53937/54 & \C70/rm/m/n/10.53937/52 ^^Y|\C70/rm/m/n/10.53937/ff ^^L| \C70/rm/m/n/10.53937/62 ^^Q \C70/rm/m/n/10.53937/4e Ï \C70/rm/m/n/10.53937/52   \C70/rm/m/n/10.53937/53 ª \C70/rm/m/n/10.53937/56 ˛ \C70/rm/m/n/10.53937/4e 
 \C70/rm/m/n/10.53937/62 @ \C70/rm/m/n/10.53937/67 	 \C70/rm/m/n/10.53937/76 Ñ \C70/rm/m/n/10.53937/96 D \C70/rm/m/n/10.53937/52 † \C70/rm/m/n/10.53937/8f π|\C70/rm/m/n/10.53937/ff ^^L| \C70/rm/m/n/10.53937/57 ( \C70/rm/m/n/10.53937/6b ã \C70/rm/m/n/10.53937/91 œ \C70/rm/m/n/10.53937/7f Q \C70/rm/m/n/10.53937/7e ‹ \C70/rm/m/n/10.53937/4e 
 \C70/rm/m/n/10.53937/7b ó \C70/rm/m/n/10.53937/51 ˙$\OML/lmm/m/it/10.53937 T$\C70/rm/m/n/10.53937/52 0$\OML/lmm/m/it/10.53937 S$\C70/rm/m/n/10.53937/8b °
 []


Overfull \hbox (34.91806pt too wide) in paragraph at lines 2066--2077
[]\OT1/lmr/m/n/10.53937 Stoer-Wagner\C70/rm/m/n/10.53937/7b ó \C70/rm/m/n/10.53937/6c ’ \C70/rm/m/n/10.53937/66 / \C70/rm/m/n/10.53937/4e ^^@ \C70/rm/m/n/10.53937/79 Õ \C70/rm/m/n/10.53937/89 „ \C70/rm/m/n/10.53937/51 ≥ \C70/rm/m/n/10.53937/65 ‡ \C70/rm/m/n/10.53937/54 ^^Q \C70/rm/m/n/10.53937/6b c \C70/rm/m/n/10.53937/67 C \C70/rm/m/n/10.53937/56 ˛ \C70/rm/m/n/10.53937/4e 
 \C70/rm/m/n/10.53937/76 Ñ \C70/rm/bx/n/10.53937/51 h \C70/rm/bx/n/10.53937/5c @ \C70/rm/bx/n/10.53937/67 ^^@ \C70/rm/bx/n/10.53937/5c ^^O \C70/rm/bx/n/10.53937/52 r \C70/rm/m/n/10.53937/95 Ó \C70/rm/m/n/10.53937/98 ò \C70/rm/m/n/10.53937/76 Ñ \C70/rm/m/n/10.53937/7b ó \C70/rm/m/n/10.53937/6c ’|\C70/rm/m/n/10.53937/30 ^^B| \C70/rm/m/n/10.53937/7b ó \C70/rm/m/n/10.53937/6c ’ \C70/rm/m/n/10.53937/59 ^^M \C70/rm/m/n/10.53937/67 B \C70/rm/m/n/10.53937/5e ¶$\OML/lmm/m/it/10.53937 O\OT1/lmr/m/n/10.53937 (\OML/lmm/m/it/10.53937 nm \OT1/lmr/m/n/10.53937 + \OML/lmm/m/it/10.53937 n[] [] \OMS/lmsy/m/n/10.53937 j\OML/lmm/m/it/10.53937 n\OMS/lmsy/m/n/10.53937 j\OT1/lmr/m/n/10.53937 )$\C70/rm/m/n/10.53937/4e ^^@
 []


Underfull \vbox (badness 10000) has occurred while \output is active []

 [64] [65]
Underfull \hbox (badness 10000) in paragraph at lines 2130--2131

 []

<../photo/duiou.png, id=587, 1059.96pt x 409.53pt>
File: ../photo/duiou.png Graphic file (type png)
<use ../photo/duiou.png>
Package pdftex.def Info: ../photo/duiou.png  used on input line 2136.
(pdftex.def)             Requested size: 227.62206pt x 87.941pt.
<../photo/duiou2.png, id=588, 517.935pt x 465.74pt>
File: ../photo/duiou2.png Graphic file (type png)
<use ../photo/duiou2.png>
Package pdftex.def Info: ../photo/duiou2.png  used on input line 2139.
(pdftex.def)             Requested size: 227.62206pt x 204.6846pt.
[66 <../photo/duiou.png>]) [67 <../photo/duiou2.png>] [68

]
Chapter 4.
(../datastruct/datastruct.tex [69]
<../photo/fenwick.png, id=605, 1484.54625pt x 715.67375pt>
File: ../photo/fenwick.png Graphic file (type png)
<use ../photo/fenwick.png>
Package pdftex.def Info: ../photo/fenwick.png  used on input line 77.
(pdftex.def)             Requested size: 318.66948pt x 153.61568pt.

Overfull \hbox (21.07874pt too wide) in paragraph at lines 77--78
[][] 
 []

[70 <../photo/fenwick.png>] [71] [72] [73] [74]
Underfull \vbox (badness 10000) has occurred while \output is active []

 [75]
<../photo/prefix_sum1.png, id=626, 429.605pt x 429.605pt>
File: ../photo/prefix_sum1.png Graphic file (type png)
<use ../photo/prefix_sum1.png>
Package pdftex.def Info: ../photo/prefix_sum1.png  used on input line 385.
(pdftex.def)             Requested size: 182.09486pt x 182.09789pt.

Underfull \vbox (badness 2460) has occurred while \output is active []

 [76]
<../photo/prefix_sum2.png, id=630, 384.43625pt x 384.43625pt>
File: ../photo/prefix_sum2.png Graphic file (type png)
<use ../photo/prefix_sum2.png>
Package pdftex.def Info: ../photo/prefix_sum2.png  used on input line 394.
(pdftex.def)             Requested size: 182.09486pt x 182.09877pt.
 [77 <../photo/prefix_sum1.png> <../photo/prefix_sum2.png>]
Underfull \vbox (badness 10000) has occurred while \output is active []

 [78] [79]) [80]
Chapter 5.
(../string/string.tex
Underfull \hbox (badness 10000) in paragraph at lines 35--37

 []


Underfull \hbox (badness 10000) in paragraph at lines 38--39

 []

[81

]
Overfull \hbox (10.02158pt too wide) in paragraph at lines 68--69
[]\C70/rm/m/n/10.53937/4f ^^? \C70/rm/m/n/10.53937/75 (\OT1/lmr/m/n/10.53937 Trie\C70/rm/m/n/10.53937/7e Ù \C70/rm/m/n/10.53937/62 § \C70/rm/m/n/10.53937/59 ^^Z \C70/rm/m/n/10.53937/4e * \C70/rm/m/n/10.53937/65 p \C70/rm/m/n/10.53937/5b W \C70/rm/m/n/10.53937/76 Ñ \C70/rm/m/n/10.53937/5f ^^B \C70/rm/m/n/10.53937/62 ^^V \C70/rm/m/n/10.53937/54 å \C70/rm/m/n/10.53937/53 Ô \C70/rm/m/n/10.53937/4e Â \C70/rm/m/n/10.53937/5b û \C70/rm/m/n/10.53937/73 ∞|\C70/rm/m/n/10.53937/ff ^^Z||\C70/rm/m/n/10.53937/20 ^^\|\C70/rm/m/n/10.53937/63 “ \C70/rm/m/n/10.53937/51 e|\C70/rm/m/n/10.53937/20 ^^]||\C70/rm/m/n/10.53937/ff ^^L||\C70/rm/m/n/10.53937/20 ^^\|\C70/rm/m/n/10.53937/52   \C70/rm/m/n/10.53937/96 d|\C70/rm/m/n/10.53937/20 ^^]||\C70/rm/m/n/10.53937/ff ^^L||\C70/rm/m/n/10.53937/20 ^^\|\C70/rm/m/n/10.53937/51 h \C70/rm/m/n/10.53937/5c @ \C70/rm/m/n/10.53937/52 † \C70/rm/m/n/10.53937/4e ^^@|\C70/rm/m/n/10.53937/20 ^^]| \C70/rm/m/n/10.53937/76 Ñ \C70/rm/m/n/10.53937/52 ü \C70/rm/m/n/10.53937/80 ˝|\C70/rm/m/n/10.53937/30 ^^B| \C70/rm/m/n/10.53937/4e ^^N \C70/rm/m/n/10.53937/4f ^^? \C70/rm/m/n/10.53937/75 (\OT1/lmr/m/n/10.53937 Trie\C70/rm/m/n/10.53937/7e Ù
 []


Underfull \hbox (badness 10000) in paragraph at lines 68--69

 []

[82]
<../photo/trie1.png, id=656, 457.71pt x 423.5825pt>
File: ../photo/trie1.png Graphic file (type png)
<use ../photo/trie1.png>
Package pdftex.def Info: ../photo/trie1.png  used on input line 128.
(pdftex.def)             Requested size: 182.09486pt x 168.51866pt.
<../photo/trie2.png, id=657, 573.14125pt x 516.93124pt>
File: ../photo/trie2.png Graphic file (type png)
<use ../photo/trie2.png>
Package pdftex.def Info: ../photo/trie2.png  used on input line 130.
(pdftex.def)             Requested size: 182.09486pt x 164.2382pt.

Underfull \hbox (badness 10000) in paragraph at lines 125--131

 []

[83] [84 <../photo/trie1.png> <../photo/trie2.png>]
Underfull \hbox (badness 10000) in paragraph at lines 184--187

 []


Underfull \hbox (badness 10000) in paragraph at lines 188--189

 []


Underfull \hbox (badness 10000) in paragraph at lines 196--197

 []

[85] [86]
Overfull \hbox (8.24199pt too wide) in paragraph at lines 281--282
[]\C70/rm/m/n/10.53937/90 ^^Z \C70/rm/m/n/10.53937/5e 8 \C70/rm/m/n/10.53937/51 H \C70/rm/m/n/10.53937/5b ˘\OT1/lmr/m/n/10.53937 son\C70/rm/m/n/10.53937/65 p \C70/rm/m/n/10.53937/7e ƒ \C70/rm/m/n/10.53937/8f € \C70/rm/m/n/10.53937/88 L \C70/rm/m/n/10.53937/98 Ñ \C70/rm/m/n/10.53937/59 ^^D \C70/rm/m/n/10.53937/74 ^^F|\C70/rm/m/n/10.53937/ff ^^L| \C70/rm/m/n/10.53937/5e 8 \C70/rm/m/n/10.53937/89 ¡ \C70/rm/m/n/10.53937/76 Ñ \C70/rm/m/n/10.53937/67 	 \C70/rm/m/n/10.53937/57 (\OT1/lmr/m/n/10.53937 BFS\C70/rm/m/n/10.53937/8f « \C70/rm/m/n/10.53937/7a  \C70/rm/m/n/10.53937/4e -|\C70/rm/m/n/10.53937/ff ^^Z| \OT1/lmr/m/n/10.53937 son[t]$\OMS/lmsy/m/n/10.53937 j\OT1/lmr/m/n/10.53937 =$son[fail[t]]\C70/rm/m/n/10.53937/62 ^^V\OT1/lmr/m/n/10.53937 son[t]$+ =$son[fail[t]]|\C70/rm/m/n/10.53937/30 ^^B|
 []


Underfull \hbox (badness 10000) in paragraph at lines 281--282

 []


Overfull \hbox (21.98363pt too wide) in paragraph at lines 296--302
[]\OT1/lmr/m/n/10.53937 1.\C70/rm/m/n/10.53937/8b ‚ \C70/rm/m/n/10.53937/95 Ó \C70/rm/m/n/10.53937/67 – \C70/rm/m/n/10.53937/7e ” \C70/rm/m/n/10.53937/70 π \C70/rm/m/n/10.53937/5b P \C70/rm/m/n/10.53937/68 ^^Q \C70/rm/m/n/10.53937/4e  \C70/rm/m/n/10.53937/76 Ñ \C70/rm/m/n/10.53937/65 p \C70/rm/m/n/10.53937/5b W \C70/rm/m/n/10.53937/4e K \C70/rm/m/n/10.53937/54 å|\C70/rm/m/n/10.53937/30 ^^B| \C70/rm/m/n/10.53937/4f ^^? \C70/rm/m/n/10.53937/75 (\OT1/lmr/m/n/10.53937 DFS\C70/rm/m/n/10.53937/5e è \C70/rm/m/n/10.53937/5c ^^F \C70/rm/m/n/10.53937/7e ” \C70/rm/m/n/10.53937/70 π \C70/rm/m/n/10.53937/66   \C70/rm/m/n/10.53937/5c ^^D \C70/rm/m/n/10.53937/4e : \C70/rm/m/n/10.53937/5e è \C70/rm/m/n/10.53937/52 ^^W|\C70/rm/m/n/10.53937/ff ^^L| $\OML/lmm/m/it/10.53937 u$\C70/rm/m/n/10.53937/7e ” \C70/rm/m/n/10.53937/70 π \C70/rm/m/n/10.53937/4e „ \C70/rm/m/n/10.53937/88 h \C70/rm/m/n/10.53937/76 Ñ \C70/rm/m/n/10.53937/5b P \C70/rm/m/n/10.53937/68 ^^Q \C70/rm/m/n/10.53937/5e è \C70/rm/m/n/10.53937/52 ^^W \C70/rm/m/n/10.53937/4e :$\OML/lmm/m/it/10.53937 L\OT1/lmr/m/n/10.53937 [\OML/lmm/m/it/10.53937 u\OT1/lmr/m/n/10.53937 ]\OML/lmm/m/it/10.53937 ; R\OT1/lmr/m/n/10.53937 [\OML/lmm/m/it/10.53937 u\OT1/lmr/m/n/10.53937 ]$
 []

[87]
<../photo/pam.png, id=679, 801.99625pt x 810.02625pt>
File: ../photo/pam.png Graphic file (type png)
<use ../photo/pam.png>
Package pdftex.def Info: ../photo/pam.png  used on input line 330.
(pdftex.def)             Requested size: 182.09486pt x 183.91664pt.

Underfull \hbox (badness 10000) in paragraph at lines 327--331

 []

[88] [89 <../photo/pam.png>]
Overfull \hbox (18.84802pt too wide) in paragraph at lines 406--407
[]\C70/rm/m/n/10.53937/5c ^^F \C70/rm/m/n/10.53937/5b W \C70/rm/m/n/10.53937/7b & \C70/rm/m/n/10.53937/4e 2 \C70/rm/m/n/10.53937/76 Ñ \C70/rm/m/n/10.53937/62 @ \C70/rm/m/n/10.53937/67 	 \C70/rm/m/n/10.53937/54 ^^N \C70/rm/m/n/10.53937/7f ^^@ \C70/rm/m/n/10.53937/8f € \C70/rm/m/n/10.53937/88 L \C70/rm/m/n/10.53937/5b W \C70/rm/m/n/10.53937/51 x \C70/rm/m/n/10.53937/5e è \C70/rm/m/n/10.53937/63 í \C70/rm/m/n/10.53937/5e è|\C70/rm/m/n/10.53937/ff ^^L| \C70/rm/m/n/10.53937/4e ‰$\OML/lmm/m/it/10.53937 sa\OT1/lmr/m/n/10.53937 [\OML/lmm/m/it/10.53937 i\OT1/lmr/m/n/10.53937 ]$\C70/rm/m/n/10.53937/4e „ \C70/rm/m/n/10.53937/88 h \C70/rm/m/n/10.53937/63 í \C70/rm/m/n/10.53937/54 ^^M \C70/rm/m/n/10.53937/7b ,$\OML/lmm/m/it/10.53937 i$\C70/rm/m/n/10.53937/76 Ñ \C70/rm/m/n/10.53937/54 ^^N \C70/rm/m/n/10.53937/7f ^^@ \C70/rm/m/n/10.53937/5b W \C70/rm/m/n/10.53937/7b & \C70/rm/m/n/10.53937/4e 2 \C70/rm/m/n/10.53937/76 Ñ \C70/rm/m/n/10.53937/8d w \C70/rm/m/n/10.53937/59 À \C70/rm/m/n/10.53937/4f M \C70/rm/m/n/10.53937/7f n \C70/rm/m/n/10.53937/76 Ñ \C70/rm/m/n/10.53937/4e  \C70/rm/m/n/10.53937/68 ^^G|\C70/rm/m/n/10.53937/ff ^^L| $\OML/lmm/m/it/10.53937 rk\OT1/lmr/m/n/10.53937 [\OML/lmm/m/it/10.53937 i\OT1/lmr/m/n/10.53937 ]$\C70/rm/m/n/10.53937/4e „
 []


Underfull \hbox (badness 10000) in paragraph at lines 406--407

 []

<../photo/sa2.png, id=689, 853.1875pt x 679.53876pt>
File: ../photo/sa2.png Graphic file (type png)
<use ../photo/sa2.png>
Package pdftex.def Info: ../photo/sa2.png  used on input line 411.
(pdftex.def)             Requested size: 318.66948pt x 253.81026pt.
[90] [91 <../photo/sa2.png>] [92] [93]
<../photo/sa3.png, id=706, 932.48375pt x 222.8325pt>
File: ../photo/sa3.png Graphic file (type png)
<use ../photo/sa3.png>
Package pdftex.def Info: ../photo/sa3.png  used on input line 568.
(pdftex.def)             Requested size: 318.66948pt x 76.14966pt.

Overfull \hbox (10.41946pt too wide) in paragraph at lines 567--569
[]\C70/rm/m/n/10.53937/62 ^^Q \C70/rm/m/n/10.53937/4e Ï \C70/rm/m/n/10.53937/53 Ô \C70/rm/m/n/10.53937/4e Â \C70/rm/m/n/10.53937/67 ö \C70/rm/m/n/10.53937/4e > \C70/rm/m/n/10.53937/8f ﬁ \C70/rm/m/n/10.53937/7e Ì \C70/rm/m/n/10.53937/4e 2 \C70/rm/m/n/10.53937/76 Ñ \C70/rm/m/n/10.53937/95 ^^? \C70/rm/m/n/10.53937/5e ¶$\OMS/lmsy/m/n/10.53937 j\OML/lmm/m/it/10.53937 S\OMS/lmsy/m/n/10.53937 j$|\C70/rm/m/n/10.53937/ff ^^L| \C70/rm/m/n/10.53937/63 	 \C70/rm/m/n/10.53937/71 g$\OMS/lmsy/m/n/10.53937 j\OML/lmm/m/it/10.53937 S\OMS/lmsy/m/n/10.53937 j$\C70/rm/m/n/10.53937/5b ˘ \C70/rm/m/n/10.53937/65 t \C70/rm/m/n/10.53937/4e * 2 \C70/rm/m/n/10.53937/8f € \C70/rm/m/n/10.53937/88 L \C70/rm/m/n/10.53937/52 ^^F \C70/rm/m/n/10.53937/57 W|\C70/rm/m/n/10.53937/ff ^^L| \C70/rm/m/n/10.53937/5b ˘ \C70/rm/m/n/10.53937/76 ¯ \C70/rm/m/n/10.53937/90 ª \C70/rm/m/n/10.53937/4e $ \C70/rm/m/n/10.53937/57 W \C70/rm/m/n/10.53937/76 Ñ \C70/rm/m/n/10.53937/57 W \C70/rm/m/n/10.53937/99 ñ \C70/rm/m/n/10.53937/8f € \C70/rm/m/n/10.53937/88 L\OT1/lmr/m/n/10.53937 LCP\C70/rm/m/n/10.53937/4e ^^N\OT1/lmr/m/n/10.53937 LCS\C70/rm/m/n/10.53937/67 Â
 []


Underfull \hbox (badness 10000) in paragraph at lines 567--569

 []

[94 <../photo/sa3.png>]
Overfull \hbox (3.25948pt too wide) in paragraph at lines 588--589
[]\C70/rm/m/n/10.53937/67 – \C70/rm/m/n/10.53937/4e õ \C70/rm/m/n/10.53937/98 ò \C70/rm/m/n/10.53937/76 Ó \C70/rm/m/n/10.53937/6c B \C70/rm/m/n/10.53937/89 „ \C70/rm/m/n/10.53937/65 ˆ \C70/rm/m/n/10.53937/89 Å \C70/rm/m/n/10.53937/6c B \C70/rm/m/n/10.53937/4f ` \C70/rm/m/n/10.53937/5c ^^F \C70/rm/m/n/10.53937/54 ^^N \C70/rm/m/n/10.53937/7f ^^@ \C70/rm/m/n/10.53937/65 p \C70/rm/m/n/10.53937/7e ƒ \C70/rm/m/n/10.53937/52 ^^R ^^F \C70/rm/m/n/10.53937/62 ^^P \C70/rm/m/n/10.53937/82 Â \C70/rm/m/n/10.53937/5e r \C70/rm/m/n/10.53937/4e * \C70/rm/m/n/10.53937/8f ﬁ \C70/rm/m/n/10.53937/7e Ì\OT1/lmr/m/n/10.53937 LCP\C70/rm/m/n/10.53937/95 ^^? \C70/rm/m/n/10.53937/5e ¶ \C70/rm/m/n/10.53937/59 ' \C70/rm/m/n/10.53937/4e é \C70/rm/m/n/10.53937/7b I \C70/rm/m/n/10.53937/4e é \C70/rm/m/n/10.53937/67 – \C70/rm/m/n/10.53937/4e ^^@ \C70/rm/m/n/10.53937/50 < \C70/rm/m/n/10.53937/76 Ñ \C70/rm/m/n/10.53937/6b µ|\C70/rm/m/n/10.53937/ff ^^L| \C70/rm/m/n/10.53937/4e ¶ \C70/rm/m/n/10.53937/53 s \C70/rm/m/n/10.53937/5c ^^F$\OML/lmm/m/it/10.53937 h$\C70/rm/m/n/10.53937/65 p
 []


Overfull \hbox (35.21129pt too wide) in paragraph at lines 615--616
[]\C70/rm/m/n/10.53937/5b ˘ \C70/rm/m/n/10.53937/4e é \C70/rm/m/n/10.53937/6b œ \C70/rm/m/n/10.53937/4e ^^@ * \C70/rm/m/n/10.53937/72 ∂ \C70/rm/m/n/10.53937/60 ^^A$\OML/lmm/m/it/10.53937 v$|\C70/rm/m/n/10.53937/ff ^^L| \C70/rm/m/n/10.53937/4e ^^@ * \C70/rm/m/n/10.53937/62 ^^V \C70/rm/m/n/10.53937/59 ^^Z \C70/rm/m/n/10.53937/4e * \C70/rm/m/n/10.53937/5b P \C70/rm/m/n/10.53937/4e 2 ^^N K \C70/rm/m/n/10.53937/53 9 \C70/rm/m/n/10.53937/91 M|\C70/rm/m/n/10.53937/30 ^^B| \C70/rm/m/n/10.53937/62 ^^Q \C70/rm/m/n/10.53937/4e Ï \C70/rm/m/n/10.53937/8b ∞$[]\OT1/lmr/m/n/10.53937 (\OML/lmm/m/it/10.53937 v\OT1/lmr/m/n/10.53937 )$\C70/rm/m/n/10.53937/4e : \C70/rm/m/n/10.53937/51 v \C70/rm/m/n/10.53937/4e - \C70/rm/m/n/10.53937/67 ^^@ \C70/rm/m/n/10.53937/95 ^^? \C70/rm/m/n/10.53937/76 Ñ \C70/rm/m/n/10.53937/4e ^^@ * \C70/rm/m/n/10.53937/5b W \C70/rm/m/n/10.53937/7b & \C70/rm/m/n/10.53937/4e 2|\C70/rm/m/n/10.53937/ff ^^L| \C70/rm/m/n/10.53937/8b ∞$[]\OT1/lmr/m/n/10.53937 (\OML/lmm/m/it/10.53937 v\OT1/lmr/m/n/10.53937 )$\C70/rm/m/n/10.53937/4e :
 []


Overfull \hbox (45.05945pt too wide) in paragraph at lines 615--616
\C70/rm/m/n/10.53937/62 @ \C70/rm/m/n/10.53937/67 	 \C70/rm/m/n/10.53937/5b W \C70/rm/m/n/10.53937/7b & \C70/rm/m/n/10.53937/4e 2 \C70/rm/m/n/10.53937/90 ˝ \C70/rm/m/n/10.53937/66 / \C70/rm/m/n/10.53937/5b W \C70/rm/m/n/10.53937/7b & \C70/rm/m/n/10.53937/4e 2$[]\OT1/lmr/m/n/10.53937 (\OML/lmm/m/it/10.53937 v\OT1/lmr/m/n/10.53937 )$\C70/rm/m/n/10.53937/76 Ñ \C70/rm/m/n/10.53937/4e ^^M \C70/rm/m/n/10.53937/54 ^^L \C70/rm/m/n/10.53937/76 Ñ \C70/rm/m/n/10.53937/54 ^^N \C70/rm/m/n/10.53937/7f ^^@|\C70/rm/m/n/10.53937/ff ^^L| \C70/rm/m/n/10.53937/4e ^^T \C70/rm/m/n/10.53937/62 @ \C70/rm/m/n/10.53937/67 	 \C70/rm/m/n/10.53937/5b W \C70/rm/m/n/10.53937/7b & \C70/rm/m/n/10.53937/4e 2 \C70/rm/m/n/10.53937/76 Ñ \C70/rm/m/n/10.53937/95 ^^? \C70/rm/m/n/10.53937/5e ¶ \C70/rm/m/n/10.53937/60 p \C70/rm/m/n/10.53937/59 } \C70/rm/m/n/10.53937/89 Ü \C70/rm/m/n/10.53937/76 ÷ \C70/rm/m/n/10.53937/53 : \C70/rm/m/n/10.53937/95 Ù$\OT1/lmr/m/n/10.53937 [[](\OML/lmm/m/it/10.53937 v\OT1/lmr/m/n/10.53937 )\OML/lmm/m/it/10.53937 ; []\OT1/lmr/m/n/10.53937 (\OML/lmm/m/it/10.53937 v\OT1/lmr/m/n/10.53937 )]$\C70/rm/m/n/10.53937/4e -
 []

[95]
Overfull \hbox (4.89017pt too wide) in paragraph at lines 618--619
\C70/rm/m/n/10.53937/52 0 \C70/rm/m/n/10.53937/4e ^^@ * í ^^M \C70/rm/m/n/10.53937/76 ¯ \C70/rm/m/n/10.53937/4e § \C70/rm/m/n/10.53937/76 Ñ \C70/rm/m/n/10.53937/53 : \C70/rm/m/n/10.53937/95 Ù$\OT1/lmr/m/n/10.53937 [[](\OML/lmm/m/it/10.53937 v[]\OT1/lmr/m/n/10.53937 )\OML/lmm/m/it/10.53937 ; []\OT1/lmr/m/n/10.53937 (\OML/lmm/m/it/10.53937 v[]\OT1/lmr/m/n/10.53937 )]$\C70/rm/m/n/10.53937/76 Ñ \C70/rm/m/n/10.53937/5e è \C70/rm/m/n/10.53937/52 ^^W|\C70/rm/m/n/10.53937/ff ^^L| \C70/rm/m/n/10.53937/4e ^^T \C70/rm/m/n/10.53937/5b É \C70/rm/m/n/10.53937/4e Ï \C70/rm/m/n/10.53937/76 Ñ \C70/rm/m/n/10.53937/5e v \C70/rm/m/n/10.53937/96 ∆ \C70/rm/m/n/10.53937/5f b \C70/rm/m/n/10.53937/62 ^^P \C70/rm/m/n/10.53937/4e Ü \C70/rm/m/n/10.53937/8f ﬁ \C70/rm/m/n/10.53937/7e Ì \C70/rm/m/n/10.53937/76 Ñ \C70/rm/m/n/10.53937/53 : \C70/rm/m/n/10.53937/95 Ù$\OT1/lmr/m/n/10.53937 [0\OML/lmm/m/it/10.53937 ; []\OT1/lmr/m/n/10.53937 (\OML/lmm/m/it/10.53937 v[]\OT1/lmr/m/n/10.53937 )]$|\C70/rm/m/n/10.53937/30 ^^B|
 []


Underfull \hbox (badness 10000) in paragraph at lines 618--619

 []

[96] [97] [98] [99]
Underfull \vbox (badness 10000) has occurred while \output is active []

 [100]
Underfull \vbox (badness 10000) has occurred while \output is active []

 [101]
Overfull \hbox (4.73859pt too wide) in paragraph at lines 918--919
[]\C70/rm/m/n/10.53937/5c ^^F \C70/rm/m/n/10.53937/5f ó \C70/rm/m/n/10.53937/52 0 \C70/rm/m/n/10.53937/76 Ñ\OT1/lmr/m/n/10.53937 BFS\C70/rm/m/n/10.53937/5e è \C70/rm/m/n/10.53937/52 ^^W \C70/rm/m/n/10.53937/63 	 \C70/rm/m/n/10.53937/71 g \C70/rm/m/n/10.53937/98 z \C70/rm/m/n/10.53937/5e è|\C70/rm/m/n/10.53937/ff ^^L| \C70/rm/m/n/10.53937/5b ˘ \C70/rm/m/n/10.53937/6b œ \C70/rm/m/n/10.53937/4e * \C70/rm/m/n/10.53937/82 Ç \C70/rm/m/n/10.53937/70 π \C70/rm/m/n/10.53937/57 ( \C70/rm/m/n/10.53937/53 ü \C70/rm/m/n/10.53937/5b W \C70/rm/m/n/10.53937/51 x \C70/rm/m/n/10.53937/68 ^^Q \C70/rm/m/n/10.53937/4e 
 \C70/rm/m/n/10.53937/8f € \C70/rm/m/n/10.53937/88 L \C70/rm/m/n/10.53937/67 Ñ \C70/rm/m/n/10.53937/5e ˙|\C70/rm/m/n/10.53937/ff ^^L| \C70/rm/m/n/10.53937/6c Ë \C70/rm/m/n/10.53937/61 ^^O \C70/rm/m/n/10.53937/4e ^^M \C70/rm/m/n/10.53937/80 ˝ \C70/rm/m/n/10.53937/5c ^^F\OT1/lmr/m/n/10.53937 len\C70/rm/m/n/10.53937/5c ^^O \C70/rm/m/n/10.53937/4e é \C70/rm/m/n/10.53937/5f S \C70/rm/m/n/10.53937/52 M\OT1/lmr/m/n/10.53937 len\C70/rm/m/n/10.53937/76 Ñ
 []

[102]
Overfull \hbox (21.14923pt too wide) in paragraph at lines 983--984
[]\C70/rm/m/n/10.53937/80 ^^C \C70/rm/m/n/10.53937/86 Q \C70/rm/m/n/10.53937/5b ˘ \C70/rm/m/n/10.53937/4e é ^^@ \C70/rm/m/n/10.53937/5b ˘ W \C70/rm/m/n/10.53937/7b & \C70/rm/m/n/10.53937/4e 2 \C70/rm/m/n/10.53937/57 ( \C70/rm/m/n/10.53937/53 ü \C70/rm/m/n/10.53937/5b W \C70/rm/m/n/10.53937/7b & \C70/rm/m/n/10.53937/4e 2$\OML/lmm/m/it/10.53937 S$\C70/rm/m/n/10.53937/4e - \C70/rm/m/n/10.53937/76 Ñ \C70/rm/m/n/10.53937/8d w \C70/rm/m/n/10.53937/59 À \C70/rm/m/n/10.53937/4f M \C70/rm/m/n/10.53937/7f n \C70/rm/m/n/10.53937/52 ^^F + \C70/rm/m/n/10.53937/4e :$\OML/lmm/m/it/10.53937 i; j$|\C70/rm/m/n/10.53937/ff ^^L| \C70/rm/m/n/10.53937/4e ^^T \C70/rm/m/n/10.53937/5b É \C70/rm/m/n/10.53937/4e Ï \C70/rm/m/n/10.53937/76 Ñ \C70/rm/m/n/10.53937/52 M$\OML/lmm/m/it/10.53937 k$\C70/rm/m/n/10.53937/4e * \C70/rm/m/n/10.53937/5b W \C70/rm/m/n/10.53937/7b & \C70/rm/m/n/10.53937/57 G \C70/rm/m/n/10.53937/76 ¯ \C70/rm/m/n/10.53937/54 ^^L|\C70/rm/m/n/10.53937/ff ^^L| \C70/rm/m/n/10.53937/53 s$\OML/lmm/m/it/10.53937 S\OT1/lmr/m/n/10.53937 [\OML/lmm/m/it/10.53937 i [] i \OT1/lmr/m/n/10.53937 +
 []

[103]
Overfull \hbox (2.03668pt too wide) in paragraph at lines 1008--1009
[]\C70/rm/m/n/10.53937/59 Ç \C70/rm/m/n/10.53937/67 ú$\OML/lmm/m/it/10.53937 s\OT1/lmr/m/n/10.53937 [\OML/lmm/m/it/10.53937 j\OT1/lmr/m/n/10.53937 ] = \OML/lmm/m/it/10.53937 s\OT1/lmr/m/n/10.53937 [\OML/lmm/m/it/10.53937 k\OT1/lmr/m/n/10.53937 ]$|\C70/rm/m/n/10.53937/ff ^^L| \C70/rm/m/n/10.53937/52 ^^Y \C70/rm/m/n/10.53937/5c ^^F$\OML/lmm/m/it/10.53937 s\OT1/lmr/m/n/10.53937 [\OML/lmm/m/it/10.53937 j\OT1/lmr/m/n/10.53937 ]$\C70/rm/m/n/10.53937/6d ˚ \C70/rm/m/n/10.53937/52 † 0$\OML/lmm/m/it/10.53937 s[]$\C70/rm/m/n/10.53937/67 + \C70/rm/m/n/10.53937/5c > \C70/rm/m/n/10.53937/4e ^^M \C70/rm/m/n/10.53937/4f ^^Z \C70/rm/m/n/10.53937/5f q \C70/rm/m/n/10.53937/54 Õ \C70/rm/m/n/10.53937/5b É \C70/rm/m/n/10.53937/76 Ñ \C70/rm/m/n/10.53937/8f — \C70/rm/m/n/10.53937/4f < \C70/rm/m/n/10.53937/7b Ä \C70/rm/m/n/10.53937/53 U \C70/rm/m/n/10.53937/60 '|\C70/rm/m/n/10.53937/30 ^^B| \C70/rm/m/n/10.53937/4e é \C70/rm/m/n/10.53937/66 / \C70/rm/m/n/10.53937/62 ^^Q \C70/rm/m/n/10.53937/4e Ï \C70/rm/m/n/10.53937/53 Í \C70/rm/m/n/10.53937/97 ^^@ \C70/rm/m/n/10.53937/89 Å \C70/rm/m/n/10.53937/8b © \C70/rm/m/n/10.53937/63 ^^G \C70/rm/m/n/10.53937/94 à$\OML/lmm/m/it/10.53937 j; k$\C70/rm/m/n/10.53937/81 Í
 []


Overfull \hbox (10.50821pt too wide) in paragraph at lines 1010--1011
[]\C70/rm/m/n/10.53937/59 Ç \C70/rm/m/n/10.53937/67 ú$\OML/lmm/m/it/10.53937 s\OT1/lmr/m/n/10.53937 [\OML/lmm/m/it/10.53937 j\OT1/lmr/m/n/10.53937 ] \OML/lmm/m/it/10.53937 < s\OT1/lmr/m/n/10.53937 [\OML/lmm/m/it/10.53937 k\OT1/lmr/m/n/10.53937 ]$|\C70/rm/m/n/10.53937/ff ^^L| \C70/rm/m/n/10.53937/52 ^^Y$\OML/lmm/m/it/10.53937 s[]s\OT1/lmr/m/n/10.53937 [\OML/lmm/m/it/10.53937 j\OT1/lmr/m/n/10.53937 ]$\C70/rm/m/n/10.53937/5c 1 \C70/rm/m/n/10.53937/4e ^^M \C70/rm/m/n/10.53937/66 / \C70/rm/m/n/10.53937/4e ^^@ * \C70/rm/m/n/10.53937/8f — \C70/rm/m/n/10.53937/4f < \C70/rm/m/n/10.53937/7b Ä \C70/rm/m/n/10.53937/53 U \C70/rm/m/n/10.53937/4e 2 Ü|\C70/rm/m/n/10.53937/ff ^^L| \C70/rm/m/n/10.53937/90 £ \C70/rm/m/n/10.53937/4e H \C70/rm/m/n/10.53937/62 ^^Q \C70/rm/m/n/10.53937/4e Ï \C70/rm/m/n/10.53937/5c 1 \C70/rm/m/n/10.53937/89 Å \C70/rm/m/n/10.53937/62 ä$\OML/lmm/m/it/10.53937 s[]$\C70/rm/m/n/10.53937/52 ^^F \C70/rm/m/n/10.53937/89 „ \C70/rm/m/n/10.53937/51 ˙ \C70/rm/m/n/10.53937/5b É \C70/rm/m/n/10.53937/76 Ñ \C70/rm/m/n/10.53937/4e ^^@ *\OT1/lmr/m/n/10.53937 Lyndon\C70/rm/m/n/10.53937/5b P
 []

) [104]
Chapter 6.
(../geometry/geometry.tex [105

]
Underfull \vbox (badness 10000) has occurred while \output is active []

 [106]
Underfull \vbox (badness 10000) has occurred while \output is active []

 [107]
Underfull \vbox (badness 10000) has occurred while \output is active []

 [108]
Underfull \vbox (badness 10000) has occurred while \output is active []

 [109]
Underfull \vbox (badness 10000) has occurred while \output is active []

 [110]
Underfull \vbox (badness 10000) has occurred while \output is active []

 [111]
Underfull \vbox (badness 10000) has occurred while \output is active []

 [112]
Underfull \vbox (badness 10000) has occurred while \output is active []

 [113]
Underfull \vbox (badness 10000) has occurred while \output is active []

 [114]
Underfull \vbox (badness 10000) has occurred while \output is active []

 [115]
Underfull \vbox (badness 10000) has occurred while \output is active []

 [116]
Underfull \vbox (badness 10000) has occurred while \output is active []

 [117]
Underfull \vbox (badness 10000) has occurred while \output is active []

 [118]
Underfull \vbox (badness 10000) has occurred while \output is active []

 [119]) [120]
Chapter 7.
(../misc/misc.tex [121

] [122]
Underfull \hbox (badness 10000) in paragraph at lines 134--137

 []


Underfull \vbox (badness 10000) has occurred while \output is active []

 [123] [124]
<../photo/gray.png, id=810, 913.4125pt x 652.4375pt>
File: ../photo/gray.png Graphic file (type png)
<use ../photo/gray.png>
Package pdftex.def Info: ../photo/gray.png  used on input line 197.
(pdftex.def)             Requested size: 227.62206pt x 162.58133pt.
 [125 <../photo/gray.png>]
<../photo/zbh.png, id=816, 842.14626pt x 608.2725pt>
File: ../photo/zbh.png Graphic file (type png)
<use ../photo/zbh.png>
Package pdftex.def Info: ../photo/zbh.png  used on input line 251.
(pdftex.def)             Requested size: 455.24411pt x 328.82423pt.
 [126 <../photo/zbh.png>]) [127] (./main.aux) ) 
Here is how much of TeX's memory you used:
 15469 strings out of 478268
 249768 string characters out of 5850345
 1213547 words of memory out of 5000000
 32705 multiletter control sequences out of 15000+600000
 639330 words of font info for 451 fonts, out of 8000000 for 9000
 1141 hyphenation exceptions out of 8191
 75i,18n,102p,930b,1077s stack positions out of 10000i,1000n,20000p,200000b,200000s
<c:/Windows/Fonts/simsun.ttc><c:/Windows/Fonts/simsun.ttc><c:/Windows/Fonts/simfang.ttf><c:/Windows/Fonts/simsun.ttc><c:/Windows/Fonts/simsun.ttc><c:/Windows/Fonts/simhei.ttf><c:/Windows/Fonts/simfang.ttf><c:/Windows/Fonts/simfang.ttf><c:/Windows/Fonts/simsun.ttc><c:/Windows/Fonts/simsun.ttc><c:/Windows/Fonts/simfang.ttf><c:/Windows/Fonts/simsun.ttc><c:/Windows/Fonts/simhei.ttf><c:/Windows/Fonts/simsun.ttc><c:/Windows/Fonts/simsun.ttc><c:/Windows/Fonts/simsun.ttc><c:/Windows/Fonts/simfang.ttf><c:/Windows/Fonts/simhei.ttf><c:/Windows/Fonts/simfang.ttf><c:/Windows/Fonts/simfang.ttf><c:/Windows/Fonts/simfang.ttf><c:/Windows/Fonts/simsun.ttc><c:/Windows/Fonts/simsun.ttc><c:/Windows/Fonts/simfang.ttf><c:/Windows/Fonts/simfang.ttf><c:/Windows/Fonts/simfang.ttf><c:/Windows/Fonts/simhei.ttf><c:/Windows/Fonts/simsun.ttc><c:/Windows/Fonts/simhei.ttf><c:/Windows/Fonts/simsun.ttc><c:/Windows/Fonts/simsun.ttc><c:/Windows/Fonts/simfang.ttf><c:/Windows/Fonts/simhei.ttf><c:/Windows/Fonts/simhei.ttf><c:/Windows/Fonts/simsun.ttc>{d:/texlive/2022/texmf-dist/fonts/enc/dvips/lm/lm-ts1.enc}<c:/Windows/Fonts/simhei.ttf><c:/Windows/Fonts/simsun.ttc><c:/Windows/Fonts/simsun.ttc><c:/Windows/Fonts/simsun.ttc><c:/Windows/Fonts/simsun.ttc><c:/Windows/Fonts/simsun.ttc><c:/Windows/Fonts/simhei.ttf><c:/Windows/Fonts/simhei.ttf><c:/Windows/Fonts/simsun.ttc><c:/Windows/Fonts/simsun.ttc><c:/Windows/Fonts/simfang.ttf><c:/Windows/Fonts/simhei.ttf><c:/Windows/Fonts/simhei.ttf><c:/Windows/Fonts/simhei.ttf><c:/Windows/Fonts/simsun.ttc><c:/Windows/Fonts/simhei.ttf><c:/Windows/Fonts/simsun.ttc><c:/Windows/Fonts/simsun.ttc><c:/Windows/Fonts/simhei.ttf><c:/Windows/Fonts/simfang.ttf><c:/Windows/Fonts/simfang.ttf><c:/Windows/Fonts/simfang.ttf><c:/Windows/Fonts/simfang.ttf><c:/Windows/Fonts/simfang.ttf><c:/Windows/Fonts/simfang.ttf><c:/Windows/Fonts/simhei.ttf><c:/Windows/Fonts/simsun.ttc><c:/Windows/Fonts/simsun.ttc><c:/Windows/Fonts/simsun.ttc><c:/Windows/Fonts/simsun.ttc><c:/Windows/Fonts/simhei.ttf><c:/Windows/Fonts/simfang.ttf><c:/Windows/Fonts/simhei.ttf><c:/Windows/Fonts/simhei.ttf>{d:/texlive/2022/texmf-dist/fonts/enc/dvips/lm/lm-mathsy.enc}<c:/Windows/Fonts/simhei.ttf><c:/Windows/Fonts/simhei.ttf><c:/Windows/Fonts/simsun.ttc><c:/Windows/Fonts/simsun.ttc><c:/Windows/Fonts/simsun.ttc><c:/Windows/Fonts/simsun.ttc><c:/Windows/Fonts/simsun.ttc><c:/Windows/Fonts/simhei.ttf><c:/Windows/Fonts/simfang.ttf><c:/Windows/Fonts/simhei.ttf><c:/Windows/Fonts/simfang.ttf><c:/Windows/Fonts/simfang.ttf><c:/Windows/Fonts/simhei.ttf><c:/Windows/Fonts/simhei.ttf><c:/Windows/Fonts/simsun.ttc><c:/Windows/Fonts/simsun.ttc><c:/Windows/Fonts/simsun.ttc><c:/Windows/Fonts/simhei.ttf><c:/Windows/Fonts/simhei.ttf><c:/Windows/Fonts/simhei.ttf><c:/Windows/Fonts/simfang.ttf><c:/Windows/Fonts/simhei.ttf><c:/Windows/Fonts/simfang.ttf><c:/Windows/Fonts/simfang.ttf><c:/Windows/Fonts/simfang.ttf><c:/Windows/Fonts/simfang.ttf><c:/Windows/Fonts/simsun.ttc><c:/Windows/Fonts/simsun.ttc><c:/Windows/Fonts/simsun.ttc><c:/Windows/Fonts/simsun.ttc><c:/Windows/Fonts/simsun.ttc><c:/Windows/Fonts/simsun.ttc><c:/Windows/Fonts/simsun.ttc><c:/Windows/Fonts/simhei.ttf><c:/Windows/Fonts/simhei.ttf><c:/Windows/Fonts/simhei.ttf><c:/Windows/Fonts/simsun.ttc><c:/Windows/Fonts/simhei.ttf><c:/Windows/Fonts/simhei.ttf><c:/Windows/Fonts/simhei.ttf><c:/Windows/Fonts/simhei.ttf><c:/Windows/Fonts/simsun.ttc><c:/Windows/Fonts/simfang.ttf><c:/Windows/Fonts/simfang.ttf><c:/Windows/Fonts/simfang.ttf><c:/Windows/Fonts/simfang.ttf><c:/Windows/Fonts/simfang.ttf><c:/Windows/Fonts/simfang.ttf><c:/Windows/Fonts/simfang.ttf><c:/Windows/Fonts/simfang.ttf><c:/Windows/Fonts/simfang.ttf><c:/Windows/Fonts/simfang.ttf><c:/Windows/Fonts/simsun.ttc><c:/Windows/Fonts/simsun.ttc><c:/Windows/Fonts/simsun.ttc>{d:/texlive/2022/texmf-dist/fonts/enc/dvips/lm/lm-mathit.enc}{d:/texlive/2022/texmf-dist/fonts/enc/dvips/lm/lm-rm.enc}<c:/Windows/Fonts/simhei.ttf><c:/Windows/Fonts/simhei.ttf><c:/Windows/Fonts/simhei.ttf><c:/Windows/Fonts/simhei.ttf><c:/Windows/Fonts/simfang.ttf><c:/Windows/Fonts/simfang.ttf><c:/Windows/Fonts/simfang.ttf><c:/Windows/Fonts/simsun.ttc><c:/Windows/Fonts/simsun.ttc><c:/Windows/Fonts/simfang.ttf><c:/Windows/Fonts/simfang.ttf><c:/Windows/Fonts/simfang.ttf><c:/Windows/Fonts/simfang.ttf><c:/Windows/Fonts/simfang.ttf><c:/Windows/Fonts/simfang.ttf><c:/Windows/Fonts/simfang.ttf><c:/Windows/Fonts/simfang.ttf><c:/Windows/Fonts/simfang.ttf><c:/Windows/Fonts/simfang.ttf><c:/Windows/Fonts/simfang.ttf><c:/Windows/Fonts/simhei.ttf><c:/Windows/Fonts/simhei.ttf><c:/Windows/Fonts/simfang.ttf><c:/Windows/Fonts/simfang.ttf><c:/Windows/Fonts/simfang.ttf><c:/Windows/Fonts/simfang.ttf><c:/Windows/Fonts/simfang.ttf><c:/Windows/Fonts/simfang.ttf><c:/Windows/Fonts/simfang.ttf><c:/Windows/Fonts/simfang.ttf><c:/Windows/Fonts/simfang.ttf><c:/Windows/Fonts/simfang.ttf><c:/Windows/Fonts/simfang.ttf><c:/Windows/Fonts/simfang.ttf><c:/Windows/Fonts/simfang.ttf><c:/Windows/Fonts/simfang.ttf><c:/Windows/Fonts/simfang.ttf><c:/Windows/Fonts/simfang.ttf><c:/Windows/Fonts/simhei.ttf><c:/Windows/Fonts/simhei.ttf><c:/Windows/Fonts/simsun.ttc><c:/Windows/Fonts/simsun.ttc><c:/Windows/Fonts/simsun.ttc><c:/Windows/Fonts/simsun.ttc><c:/Windows/Fonts/simhei.ttf><c:/Windows/Fonts/simhei.ttf>{d:/texlive/2022/texmf-dist/fonts/enc/dvips/lm/lm-mathex.enc}<c:/Windows/Fonts/simhei.ttf>{d:/texlive/2022/texmf-dist/fonts/enc/dvips/lm/lm-rmtt.enc}<c:/Windows/Fonts/simsun.ttc><c:/Windows/Fonts/simsun.ttc><c:/Windows/Fonts/simsun.ttc><c:/Windows/Fonts/simhei.ttf><c:/Windows/Fonts/simhei.ttf><c:/Windows/Fonts/simhei.ttf><c:/Windows/Fonts/simhei.ttf><c:/Windows/Fonts/simsun.ttc><c:/Windows/Fonts/simhei.ttf><c:/Windows/Fonts/simhei.ttf><c:/Windows/Fonts/simhei.ttf><c:/Windows/Fonts/simsun.ttc><c:/Windows/Fonts/simsun.ttc><c:/Windows/Fonts/simsun.ttc><c:/Windows/Fonts/simhei.ttf><c:/Windows/Fonts/simhei.ttf><c:/Windows/Fonts/simsun.ttc><c:/Windows/Fonts/simsun.ttc><c:/Windows/Fonts/simsun.ttc><c:/Windows/Fonts/simsun.ttc><c:/Windows/Fonts/simhei.ttf><c:/Windows/Fonts/simhei.ttf><c:/Windows/Fonts/simhei.ttf><c:/Windows/Fonts/simsun.ttc><c:/Windows/Fonts/simsun.ttc><c:/Windows/Fonts/simsun.ttc><c:/Windows/Fonts/simsun.ttc><c:/Windows/Fonts/simsun.ttc><c:/Windows/Fonts/simsun.ttc><c:/Windows/Fonts/simsun.ttc><c:/Windows/Fonts/simsun.ttc><c:/Windows/Fonts/simsun.ttc><c:/Windows/Fonts/simsun.ttc><c:/Windows/Fonts/simsun.ttc><c:/Windows/Fonts/simsun.ttc><c:/Windows/Fonts/simsun.ttc><c:/Windows/Fonts/simsun.ttc><c:/Windows/Fonts/simsun.ttc><c:/Windows/Fonts/simsun.ttc><c:/Windows/Fonts/simsun.ttc><c:/Windows/Fonts/simsun.ttc><c:/Windows/Fonts/simsun.ttc><c:/Windows/Fonts/simsun.ttc><c:/Windows/Fonts/simsun.ttc><c:/Windows/Fonts/simsun.ttc><c:/Windows/Fonts/simsun.ttc><c:/Windows/Fonts/simhei.ttf><c:/Windows/Fonts/simhei.ttf><c:/Windows/Fonts/simsun.ttc><c:/Windows/Fonts/simsun.ttc><c:/Windows/Fonts/simsun.ttc><c:/Windows/Fonts/simsun.ttc><c:/Windows/Fonts/simsun.ttc><c:/Windows/Fonts/simsun.ttc><c:/Windows/Fonts/simsun.ttc><c:/Windows/Fonts/simsun.ttc><c:/Windows/Fonts/simsun.ttc><c:/Windows/Fonts/simsun.ttc><c:/Windows/Fonts/simsun.ttc><c:/Windows/Fonts/simsun.ttc><c:/Windows/Fonts/simsun.ttc><c:/Windows/Fonts/simsun.ttc><c:/Windows/Fonts/simsun.ttc><c:/Windows/Fonts/simsun.ttc><c:/Windows/Fonts/simsun.ttc><c:/Windows/Fonts/simsun.ttc><c:/Windows/Fonts/simsun.ttc><c:/Windows/Fonts/simsun.ttc><c:/Windows/Fonts/simsun.ttc><c:/Windows/Fonts/simsun.ttc><c:/Windows/Fonts/simsun.ttc><c:/Windows/Fonts/simhei.ttf><c:/Windows/Fonts/simhei.ttf><c:/Windows/Fonts/simsun.ttc><c:/Windows/Fonts/simsun.ttc><c:/Windows/Fonts/simsun.ttc><c:/Windows/Fonts/simsun.ttc><c:/Windows/Fonts/simsun.ttc><c:/Windows/Fonts/simsun.ttc><c:/Windows/Fonts/simsun.ttc><c:/Windows/Fonts/simhei.ttf><c:/Windows/Fonts/simhei.ttf><c:/Windows/Fonts/simhei.ttf><c:/Windows/Fonts/simhei.ttf><c:/Windows/Fonts/simhei.ttf><c:/Windows/Fonts/simsun.ttc><c:/Windows/Fonts/simsun.ttc><c:/Windows/Fonts/simsun.ttc><d:/texlive/2022/texmf-dist/fonts/type1/public/lm/lmbx10.pfb><d:/texlive/2022/texmf-dist/fonts/type1/public/lm/lmbx12.pfb><d:/texlive/2022/texmf-dist/fonts/type1/public/lm/lmex10.pfb><d:/texlive/2022/texmf-dist/fonts/type1/public/lm/lmmi10.pfb><d:/texlive/2022/texmf-dist/fonts/type1/public/lm/lmmi5.pfb><d:/texlive/2022/texmf-dist/fonts/type1/public/lm/lmmi7.pfb><d:/texlive/2022/texmf-dist/fonts/type1/public/lm/lmr10.pfb><d:/texlive/2022/texmf-dist/fonts/type1/public/lm/lmr17.pfb><d:/texlive/2022/texmf-dist/fonts/type1/public/lm/lmr7.pfb><d:/texlive/2022/texmf-dist/fonts/type1/public/lm/lmri10.pfb><d:/texlive/2022/texmf-dist/fonts/type1/public/lm/lmro10.pfb><d:/texlive/2022/texmf-dist/fonts/type1/public/lm/lmsy10.pfb><d:/texlive/2022/texmf-dist/fonts/type1/public/lm/lmsy5.pfb><d:/texlive/2022/texmf-dist/fonts/type1/public/lm/lmsy7.pfb><d:/texlive/2022/texmf-dist/fonts/type1/public/lm/lmtk10.pfb><d:/texlive/2022/texmf-dist/fonts/type1/public/lm/lmtt9.pfb><d:/texlive/2022/texmf-dist/fonts/type1/public/amsfonts/symbols/msbm10.pfb>
Output written on main.pdf (132 pages, 3340130 bytes).
PDF statistics:
 1694 PDF objects out of 1728 (max. 8388607)
 1131 compressed objects within 12 object streams
 0 named destinations out of 1000 (max. 500000)
 428 words of extra memory for PDF output out of 10000 (max. 10000000)

