This is pdfTeX, Version 3.141592653-2.6-1.40.24 (TeX Live 2022) (preloaded format=pdflatex 2022.8.21)  31 OCT 2022 15:21
entering extended mode
 restricted \write18 enabled.
 file:line:error style messages enabled.
 %&-line parsing enabled.
**c:/Users/86176/Desktop/code/LaTex/ÊùøÂ≠ê/graph/graph.tex
(c:/Users/86176/Desktop/code/LaTex/ÊùøÂ≠ê/graph/graph.tex
LaTeX2e <2021-11-15> patch level 1
L3 programming layer <2022-02-24> (d:/texlive/2022/texmf-dist/tex/latex/base/book.cls
Document Class: book 2021/10/04 v1.4n Standard LaTeX document class
(d:/texlive/2022/texmf-dist/tex/latex/base/bk10.clo
File: bk10.clo 2021/10/04 v1.4n Standard LaTeX file (size option)
)
\c@part=\count185
\c@chapter=\count186
\c@section=\count187
\c@subsection=\count188
\c@subsubsection=\count189
\c@paragraph=\count190
\c@subparagraph=\count191
\c@figure=\count192
\c@table=\count193
\abovecaptionskip=\skip47
\belowcaptionskip=\skip48
\bibindent=\dimen138
) (d:/texlive/2022/texmf-dist/tex/latex/ctex/ctex.sty (d:/texlive/2022/texmf-dist/tex/latex/l3kernel/expl3.sty
Package: expl3 2022-02-24 L3 programming layer (loader) 
 (d:/texlive/2022/texmf-dist/tex/latex/l3backend/l3backend-pdftex.def
File: l3backend-pdftex.def 2022-02-07 L3 backend support: PDF output (pdfTeX)
\l__color_backend_stack_int=\count194
\l__pdf_internal_box=\box50
))
Package: ctex 2021/12/12 v2.5.8 Chinese adapter in LaTeX (CTEX)
 (d:/texlive/2022/texmf-dist/tex/latex/l3packages/xparse/xparse.sty
Package: xparse 2022-01-12 L3 Experimental document command parser
) (d:/texlive/2022/texmf-dist/tex/latex/l3packages/l3keys2e/l3keys2e.sty
Package: l3keys2e 2022-01-12 LaTeX2e option processing using LaTeX3 keys
) (d:/texlive/2022/texmf-dist/tex/latex/ctex/ctexhook.sty
Package: ctexhook 2021/12/12 v2.5.8 Document and package hooks (CTEX)
) (d:/texlive/2022/texmf-dist/tex/latex/ctex/ctexpatch.sty
Package: ctexpatch 2021/12/12 v2.5.8 Patching commands (CTEX)
) (d:/texlive/2022/texmf-dist/tex/latex/base/fix-cm.sty
Package: fix-cm 2020/11/24 v1.1t fixes to LaTeX
 (d:/texlive/2022/texmf-dist/tex/latex/base/ts1enc.def
File: ts1enc.def 2001/06/05 v3.0e (jk/car/fm) Standard LaTeX file
LaTeX Font Info:    Redeclaring font encoding TS1 on input line 47.
))
\l__ctex_tmp_int=\count195
\l__ctex_tmp_box=\box51
\l__ctex_tmp_dim=\dimen139
\g__ctex_section_depth_int=\count196
\g__ctex_font_size_int=\count197
 (d:/texlive/2022/texmf-dist/tex/latex/ctex/config/ctexopts.cfg
File: ctexopts.cfg 2021/12/12 v2.5.8 Option configuration file (CTEX)
)

Package ctex Warning: UTF8 will be used as the default encoding.

(d:/texlive/2022/texmf-dist/tex/latex/ctex/engine/ctex-engine-pdftex.def
File: ctex-engine-pdftex.def 2021/12/12 v2.5.8 (pdf)LaTeX adapter (CTEX)
 (d:/texlive/2022/texmf-dist/tex/latex/cjk/texinput/CJKutf8.sty
Package: CJKutf8 2021/10/16 4.8.5
 (d:/texlive/2022/texmf-dist/tex/generic/iftex/ifpdf.sty
Package: ifpdf 2019/10/25 v3.4 ifpdf legacy package. Use iftex instead.
 (d:/texlive/2022/texmf-dist/tex/generic/iftex/iftex.sty
Package: iftex 2022/02/03 v1.0f TeX engine tests
)) (d:/texlive/2022/texmf-dist/tex/latex/base/inputenc.sty
Package: inputenc 2021/02/14 v1.3d Input encoding file
\inpenc@prehook=\toks16
\inpenc@posthook=\toks17
) (d:/texlive/2022/texmf-dist/tex/latex/cjk/texinput/CJK.sty
Package: CJK 2021/10/16 4.8.5
 (d:/texlive/2022/texmf-dist/tex/latex/cjk/texinput/mule/MULEenc.sty
Package: MULEenc 2021/10/16 4.8.5
) (d:/texlive/2022/texmf-dist/tex/latex/cjk/texinput/CJK.enc
File: CJK.enc 2021/10/16 4.8.5
Now handling font encoding C00 ...
... no UTF-8 mapping file for font encoding C00
Now handling font encoding C05 ...
... no UTF-8 mapping file for font encoding C05
Now handling font encoding C09 ...
... no UTF-8 mapping file for font encoding C09
Now handling font encoding C10 ...
... no UTF-8 mapping file for font encoding C10
Now handling font encoding C20 ...
... no UTF-8 mapping file for font encoding C20
Now handling font encoding C19 ...
... no UTF-8 mapping file for font encoding C19
Now handling font encoding C40 ...
... no UTF-8 mapping file for font encoding C40
Now handling font encoding C42 ...
... no UTF-8 mapping file for font encoding C42
Now handling font encoding C43 ...
... no UTF-8 mapping file for font encoding C43
Now handling font encoding C50 ...
... no UTF-8 mapping file for font encoding C50
Now handling font encoding C52 ...
... no UTF-8 mapping file for font encoding C52
Now handling font encoding C49 ...
... no UTF-8 mapping file for font encoding C49
Now handling font encoding C60 ...
... no UTF-8 mapping file for font encoding C60
Now handling font encoding C61 ...
... no UTF-8 mapping file for font encoding C61
Now handling font encoding C63 ...
... no UTF-8 mapping file for font encoding C63
Now handling font encoding C64 ...
... no UTF-8 mapping file for font encoding C64
Now handling font encoding C65 ...
... no UTF-8 mapping file for font encoding C65
Now handling font encoding C70 ...
... no UTF-8 mapping file for font encoding C70
Now handling font encoding C31 ...
... no UTF-8 mapping file for font encoding C31
Now handling font encoding C32 ...
... no UTF-8 mapping file for font encoding C32
Now handling font encoding C33 ...
... no UTF-8 mapping file for font encoding C33
Now handling font encoding C34 ...
... no UTF-8 mapping file for font encoding C34
Now handling font encoding C35 ...
... no UTF-8 mapping file for font encoding C35
Now handling font encoding C36 ...
... no UTF-8 mapping file for font encoding C36
Now handling font encoding C37 ...
... no UTF-8 mapping file for font encoding C37
Now handling font encoding C80 ...
... no UTF-8 mapping file for font encoding C80
Now handling font encoding C81 ...
... no UTF-8 mapping file for font encoding C81
Now handling font encoding C01 ...
... no UTF-8 mapping file for font encoding C01
Now handling font encoding C11 ...
... no UTF-8 mapping file for font encoding C11
Now handling font encoding C21 ...
... no UTF-8 mapping file for font encoding C21
Now handling font encoding C41 ...
... no UTF-8 mapping file for font encoding C41
Now handling font encoding C62 ...
... no UTF-8 mapping file for font encoding C62
)
\CJK@indent=\box52
) (d:/texlive/2022/texmf-dist/tex/latex/base/fontenc.sty
Package: fontenc 2021/04/29 v2.0v Standard LaTeX package
)) (d:/texlive/2022/texmf-dist/tex/latex/cjkpunct/CJKpunct.sty
Package: CJKpunct 2016/05/14 4.8.4
\CJKpunct@cnta=\count198
\CJKpunct@cntb=\count199
\CJKpunct@cntc=\count266
\CJKpunct@cntd=\count267
\CJKpunct@cnte=\count268
   defining Unicode char U+2018 (decimal 8216)
   defining Unicode char U+2019 (decimal 8217)
   defining Unicode char U+201C (decimal 8220)
   defining Unicode char U+201D (decimal 8221)
   defining Unicode char U+2014 (decimal 8212)
   defining Unicode char U+2026 (decimal 8230)
 (d:/texlive/2022/texmf-dist/tex/latex/cjkpunct/CJKpunct.spa)) (d:/texlive/2022/texmf-dist/tex/latex/cjk/texinput/CJKspace.sty
Package: CJKspace 2021/10/16 3.8.0
) (d:/texlive/2022/texmf-dist/tex/latex/ctex/ctexspa.def
File: ctexspa.def 2021/12/12 v2.5.8 Space info for CJKpunct (CTEX)
)
\ccwd=\dimen140
\l__ctex_ccglue_skip=\skip49
)
\l__ctex_ziju_dim=\dimen141
 (d:/texlive/2022/texmf-dist/tex/latex/zhnumber/zhnumber.sty
Package: zhnumber 2020/05/01 v2.8 Typesetting numbers with Chinese glyphs
\l__zhnum_scale_int=\count269
\l__zhnum_byte_min_int=\count270
\l__zhnum_byte_max_int=\count271
 (d:/texlive/2022/texmf-dist/tex/latex/zhnumber/zhnumber-utf8.cfg
File: zhnumber-utf8.cfg 2020/05/01 v2.8 Chinese numerals with UTF8 encoding
)) (d:/texlive/2022/texmf-dist/tex/latex/ctex/scheme/ctex-scheme-chinese.def
File: ctex-scheme-chinese.def 2021/12/12 v2.5.8 Chinese scheme for generic (CTEX)
 (d:/texlive/2022/texmf-dist/tex/latex/ctex/config/ctex-name-utf8.cfg
File: ctex-name-utf8.cfg 2021/12/12 v2.5.8 Caption with encoding UTF-8 (CTEX)
)) (d:/texlive/2022/texmf-dist/tex/latex/tools/indentfirst.sty
Package: indentfirst 1995/11/23 v1.03 Indent first paragraph (DPC)
) (d:/texlive/2022/texmf-dist/tex/latex/ctex/ctex-c5size.clo
File: ctex-c5size.clo 2021/12/12 v2.5.8 c5size option (CTEX)
) (d:/texlive/2022/texmf-dist/tex/latex/ctex/fontset/ctex-fontset-windows.def
File: ctex-fontset-windows.def 2021/12/12 v2.5.8 Windows fonts definition (CTEX)
)) (d:/texlive/2022/texmf-dist/tex/latex/ctex/config/ctex.cfg
File: ctex.cfg 2021/12/12 v2.5.8 Configuration file (CTEX)
) (d:/texlive/2022/texmf-dist/tex/latex/graphics/graphicx.sty
Package: graphicx 2021/09/16 v1.2d Enhanced LaTeX Graphics (DPC,SPQR)
 (d:/texlive/2022/texmf-dist/tex/latex/graphics/keyval.sty
Package: keyval 2014/10/28 v1.15 key=value parser (DPC)
\KV@toks@=\toks18
) (d:/texlive/2022/texmf-dist/tex/latex/graphics/graphics.sty
Package: graphics 2021/03/04 v1.4d Standard LaTeX Graphics (DPC,SPQR)
 (d:/texlive/2022/texmf-dist/tex/latex/graphics/trig.sty
Package: trig 2021/08/11 v1.11 sin cos tan (DPC)
) (d:/texlive/2022/texmf-dist/tex/latex/graphics-cfg/graphics.cfg
File: graphics.cfg 2016/06/04 v1.11 sample graphics configuration
)
Package graphics Info: Driver file: pdftex.def on input line 107.
 (d:/texlive/2022/texmf-dist/tex/latex/graphics-def/pdftex.def
File: pdftex.def 2020/10/05 v1.2a Graphics/color driver for pdftex
))
\Gin@req@height=\dimen142
\Gin@req@width=\dimen143
) (d:/texlive/2022/texmf-dist/tex/latex/amsmath/amsmath.sty
Package: amsmath 2021/10/15 v2.17l AMS math features
\@mathmargin=\skip50

For additional information on amsmath, use the `?' option.
(d:/texlive/2022/texmf-dist/tex/latex/amsmath/amstext.sty
Package: amstext 2021/08/26 v2.01 AMS text
 (d:/texlive/2022/texmf-dist/tex/latex/amsmath/amsgen.sty
File: amsgen.sty 1999/11/30 v2.0 generic functions
\@emptytoks=\toks19
\ex@=\dimen144
)) (d:/texlive/2022/texmf-dist/tex/latex/amsmath/amsbsy.sty
Package: amsbsy 1999/11/29 v1.2d Bold Symbols
\pmbraise@=\dimen145
) (d:/texlive/2022/texmf-dist/tex/latex/amsmath/amsopn.sty
Package: amsopn 2021/08/26 v2.02 operator names
)
\inf@bad=\count272
LaTeX Info: Redefining \frac on input line 234.
\uproot@=\count273
\leftroot@=\count274
LaTeX Info: Redefining \overline on input line 399.
\classnum@=\count275
\DOTSCASE@=\count276
LaTeX Info: Redefining \ldots on input line 496.
LaTeX Info: Redefining \dots on input line 499.
LaTeX Info: Redefining \cdots on input line 620.
\Mathstrutbox@=\box53
\strutbox@=\box54
\big@size=\dimen146
LaTeX Font Info:    Redeclaring font encoding OML on input line 743.
LaTeX Font Info:    Redeclaring font encoding OMS on input line 744.
\macc@depth=\count277
\c@MaxMatrixCols=\count278
\dotsspace@=\muskip16
\c@parentequation=\count279
\dspbrk@lvl=\count280
\tag@help=\toks20
\row@=\count281
\column@=\count282
\maxfields@=\count283
\andhelp@=\toks21
\eqnshift@=\dimen147
\alignsep@=\dimen148
\tagshift@=\dimen149
\tagwidth@=\dimen150
\totwidth@=\dimen151
\lineht@=\dimen152
\@envbody=\toks22
\multlinegap=\skip51
\multlinetaggap=\skip52
\mathdisplay@stack=\toks23
LaTeX Info: Redefining \[ on input line 2938.
LaTeX Info: Redefining \] on input line 2939.
) (d:/texlive/2022/texmf-dist/tex/latex/amscls/amsthm.sty
Package: amsthm 2020/05/29 v2.20.6
\thm@style=\toks24
\thm@bodyfont=\toks25
\thm@headfont=\toks26
\thm@notefont=\toks27
\thm@headpunct=\toks28
\thm@preskip=\skip53
\thm@postskip=\skip54
\thm@headsep=\skip55
\dth@everypar=\toks29
) (d:/texlive/2022/texmf-dist/tex/latex/lm/lmodern.sty
Package: lmodern 2015/05/01 v1.6.1 Latin Modern Fonts
LaTeX Font Info:    Overwriting symbol font `operators' in version `normal'
(Font)                  OT1/cmr/m/n --> OT1/lmr/m/n on input line 22.
LaTeX Font Info:    Overwriting symbol font `letters' in version `normal'
(Font)                  OML/cmm/m/it --> OML/lmm/m/it on input line 23.
LaTeX Font Info:    Overwriting symbol font `symbols' in version `normal'
(Font)                  OMS/cmsy/m/n --> OMS/lmsy/m/n on input line 24.
LaTeX Font Info:    Overwriting symbol font `largesymbols' in version `normal'
(Font)                  OMX/cmex/m/n --> OMX/lmex/m/n on input line 25.
LaTeX Font Info:    Overwriting symbol font `operators' in version `bold'
(Font)                  OT1/cmr/bx/n --> OT1/lmr/bx/n on input line 26.
LaTeX Font Info:    Overwriting symbol font `letters' in version `bold'
(Font)                  OML/cmm/b/it --> OML/lmm/b/it on input line 27.
LaTeX Font Info:    Overwriting symbol font `symbols' in version `bold'
(Font)                  OMS/cmsy/b/n --> OMS/lmsy/b/n on input line 28.
LaTeX Font Info:    Overwriting symbol font `largesymbols' in version `bold'
(Font)                  OMX/cmex/m/n --> OMX/lmex/m/n on input line 29.
LaTeX Font Info:    Overwriting math alphabet `\mathbf' in version `normal'
(Font)                  OT1/cmr/bx/n --> OT1/lmr/bx/n on input line 31.
LaTeX Font Info:    Overwriting math alphabet `\mathsf' in version `normal'
(Font)                  OT1/cmss/m/n --> OT1/lmss/m/n on input line 32.
LaTeX Font Info:    Overwriting math alphabet `\mathit' in version `normal'
(Font)                  OT1/cmr/m/it --> OT1/lmr/m/it on input line 33.
LaTeX Font Info:    Overwriting math alphabet `\mathtt' in version `normal'
(Font)                  OT1/cmtt/m/n --> OT1/lmtt/m/n on input line 34.
LaTeX Font Info:    Overwriting math alphabet `\mathbf' in version `bold'
(Font)                  OT1/cmr/bx/n --> OT1/lmr/bx/n on input line 35.
LaTeX Font Info:    Overwriting math alphabet `\mathsf' in version `bold'
(Font)                  OT1/cmss/bx/n --> OT1/lmss/bx/n on input line 36.
LaTeX Font Info:    Overwriting math alphabet `\mathit' in version `bold'
(Font)                  OT1/cmr/bx/it --> OT1/lmr/bx/it on input line 37.
LaTeX Font Info:    Overwriting math alphabet `\mathtt' in version `bold'
(Font)                  OT1/cmtt/m/n --> OT1/lmtt/m/n on input line 38.
) (d:/texlive/2022/texmf-dist/tex/latex/float/float.sty
Package: float 2001/11/08 v1.3d Float enhancements (AL)
\c@float@type=\count284
\float@exts=\toks30
\float@box=\box55
\@float@everytoks=\toks31
\@floatcapt=\box56
) (d:/texlive/2022/texmf-dist/tex/latex/adjustbox/adjustbox.sty
Package: adjustbox 2020/08/19 v1.3 Adjusting TeX boxes (trim, clip, ...)
 (d:/texlive/2022/texmf-dist/tex/latex/xkeyval/xkeyval.sty
Package: xkeyval 2020/11/20 v2.8 package option processing (HA)
 (d:/texlive/2022/texmf-dist/tex/generic/xkeyval/xkeyval.tex (d:/texlive/2022/texmf-dist/tex/generic/xkeyval/xkvutils.tex
\XKV@toks=\toks32
\XKV@tempa@toks=\toks33
)
\XKV@depth=\count285
File: xkeyval.tex 2014/12/03 v2.7a key=value parser (HA)
)) (d:/texlive/2022/texmf-dist/tex/latex/adjustbox/adjcalc.sty
Package: adjcalc 2012/05/16 v1.1 Provides advanced setlength with multiple back-ends (calc, etex, pgfmath)
) (d:/texlive/2022/texmf-dist/tex/latex/adjustbox/trimclip.sty
Package: trimclip 2020/08/19 v1.2 Trim and clip general TeX material
 (d:/texlive/2022/texmf-dist/tex/latex/collectbox/collectbox.sty
Package: collectbox 2012/05/17 v0.4b Collect macro arguments as boxes
\collectedbox=\box57
)
\tc@llx=\dimen153
\tc@lly=\dimen154
\tc@urx=\dimen155
\tc@ury=\dimen156
Package trimclip Info: Using driver 'tc-pdftex.def'.
 (d:/texlive/2022/texmf-dist/tex/latex/adjustbox/tc-pdftex.def
File: tc-pdftex.def 2019/01/04 v2.2 Clipping driver for pdftex
))
\adjbox@Width=\dimen157
\adjbox@Height=\dimen158
\adjbox@Depth=\dimen159
\adjbox@Totalheight=\dimen160
\adjbox@pwidth=\dimen161
\adjbox@pheight=\dimen162
\adjbox@pdepth=\dimen163
\adjbox@ptotalheight=\dimen164
 (d:/texlive/2022/texmf-dist/tex/latex/ifoddpage/ifoddpage.sty
Package: ifoddpage 2016/04/23 v1.1 Conditionals for odd/even page detection
\c@checkoddpage=\count286
) (d:/texlive/2022/texmf-dist/tex/latex/varwidth/varwidth.sty
Package: varwidth 2009/03/30 ver 0.92;  Variable-width minipages
\@vwid@box=\box58
\sift@deathcycles=\count287
\@vwid@loff=\dimen165
\@vwid@roff=\dimen166
)) (d:/texlive/2022/texmf-dist/tex/latex/listings/listings.sty
\lst@mode=\count288
\lst@gtempboxa=\box59
\lst@token=\toks34
\lst@length=\count289
\lst@currlwidth=\dimen167
\lst@column=\count290
\lst@pos=\count291
\lst@lostspace=\dimen168
\lst@width=\dimen169
\lst@newlines=\count292
\lst@lineno=\count293
\lst@maxwidth=\dimen170
 (d:/texlive/2022/texmf-dist/tex/latex/listings/lstmisc.sty
File: lstmisc.sty 2020/03/24 1.8d (Carsten Heinz)
\c@lstnumber=\count294
\lst@skipnumbers=\count295
\lst@framebox=\box60
) (d:/texlive/2022/texmf-dist/tex/latex/listings/listings.cfg
File: listings.cfg 2020/03/24 1.8d listings configuration
))
Package: listings 2020/03/24 1.8d (Carsten Heinz)
 (d:/texlive/2022/texmf-dist/tex/latex/xcolor/xcolor.sty
Package: xcolor 2021/10/31 v2.13 LaTeX color extensions (UK)
 (d:/texlive/2022/texmf-dist/tex/latex/graphics-cfg/color.cfg
File: color.cfg 2016/01/02 v1.6 sample color configuration
)
Package xcolor Info: Driver file: pdftex.def on input line 227.
Package xcolor Info: Model `cmy' substituted by `cmy0' on input line 1352.
Package xcolor Info: Model `hsb' substituted by `rgb' on input line 1356.
Package xcolor Info: Model `RGB' extended on input line 1368.
Package xcolor Info: Model `HTML' substituted by `rgb' on input line 1370.
Package xcolor Info: Model `Hsb' substituted by `hsb' on input line 1371.
Package xcolor Info: Model `tHsb' substituted by `hsb' on input line 1372.
Package xcolor Info: Model `HSB' substituted by `hsb' on input line 1373.
Package xcolor Info: Model `Gray' substituted by `gray' on input line 1374.
Package xcolor Info: Model `wave' substituted by `hsb' on input line 1375.
) (d:/texlive/2022/texmf-dist/tex/latex/amsfonts/amssymb.sty
Package: amssymb 2013/01/14 v3.01 AMS font symbols
 (d:/texlive/2022/texmf-dist/tex/latex/amsfonts/amsfonts.sty
Package: amsfonts 2013/01/14 v3.01 Basic AMSFonts support
\symAMSa=\mathgroup4
\symAMSb=\mathgroup5
LaTeX Font Info:    Redeclaring math symbol \hbar on input line 98.
LaTeX Font Info:    Overwriting math alphabet `\mathfrak' in version `bold'
(Font)                  U/euf/m/n --> U/euf/b/n on input line 106.
)) (../Introduction area/Code Block Configuration.tex) (d:/texlive/2022/texmf-dist/tex/latex/cjk/texinput/UTF8/UTF8.bdg
File: UTF8.bdg 2021/10/16 4.8.5
) (d:/texlive/2022/texmf-dist/tex/latex/cjk/texinput/UTF8/UTF8.enc
File: UTF8.enc 2021/10/16 4.8.5
) (d:/texlive/2022/texmf-dist/tex/latex/cjk/texinput/UTF8/UTF8.chr
File: UTF8.chr 2021/10/16 4.8.5
)
LaTeX Font Info:    Trying to load font information for OT1+lmr on input line 13.
 (d:/texlive/2022/texmf-dist/tex/latex/lm/ot1lmr.fd
File: ot1lmr.fd 2015/05/01 v1.6.1 Font defs for Latin Modern
) (./graph.aux)
\openout1 = `graph.aux'.

LaTeX Font Info:    Checking defaults for OML/cmm/m/it on input line 13.
LaTeX Font Info:    ... okay on input line 13.
LaTeX Font Info:    Checking defaults for OMS/cmsy/m/n on input line 13.
LaTeX Font Info:    ... okay on input line 13.
LaTeX Font Info:    Checking defaults for OT1/cmr/m/n on input line 13.
LaTeX Font Info:    ... okay on input line 13.
LaTeX Font Info:    Checking defaults for T1/cmr/m/n on input line 13.
LaTeX Font Info:    ... okay on input line 13.
LaTeX Font Info:    Checking defaults for TS1/cmr/m/n on input line 13.
LaTeX Font Info:    ... okay on input line 13.
LaTeX Font Info:    Checking defaults for OMX/cmex/m/n on input line 13.
LaTeX Font Info:    ... okay on input line 13.
LaTeX Font Info:    Checking defaults for U/cmr/m/n on input line 13.
LaTeX Font Info:    ... okay on input line 13.
LaTeX Font Info:    Checking defaults for C00/song/m/n on input line 13.
LaTeX Font Info:    ... okay on input line 13.
LaTeX Font Info:    Checking defaults for C05/song/m/n on input line 13.
LaTeX Font Info:    ... okay on input line 13.
LaTeX Font Info:    Checking defaults for C09/song/m/n on input line 13.
LaTeX Font Info:    ... okay on input line 13.
LaTeX Font Info:    Checking defaults for C10/song/m/n on input line 13.
LaTeX Font Info:    ... okay on input line 13.
LaTeX Font Info:    Checking defaults for C20/song/m/n on input line 13.
LaTeX Font Info:    ... okay on input line 13.
LaTeX Font Info:    Checking defaults for C19/song/m/n on input line 13.
LaTeX Font Info:    ... okay on input line 13.
LaTeX Font Info:    Checking defaults for C40/song/m/n on input line 13.
LaTeX Font Info:    ... okay on input line 13.
LaTeX Font Info:    Checking defaults for C42/song/m/n on input line 13.
LaTeX Font Info:    ... okay on input line 13.
LaTeX Font Info:    Checking defaults for C43/song/m/n on input line 13.
LaTeX Font Info:    ... okay on input line 13.
LaTeX Font Info:    Checking defaults for C50/song/m/n on input line 13.
LaTeX Font Info:    ... okay on input line 13.
LaTeX Font Info:    Checking defaults for C52/song/m/n on input line 13.
LaTeX Font Info:    ... okay on input line 13.
LaTeX Font Info:    Checking defaults for C49/song/m/n on input line 13.
LaTeX Font Info:    ... okay on input line 13.
LaTeX Font Info:    Checking defaults for C60/mj/m/n on input line 13.
LaTeX Font Info:    ... okay on input line 13.
LaTeX Font Info:    Checking defaults for C61/mj/m/n on input line 13.
LaTeX Font Info:    ... okay on input line 13.
LaTeX Font Info:    Checking defaults for C63/mj/m/n on input line 13.
LaTeX Font Info:    ... okay on input line 13.
LaTeX Font Info:    Checking defaults for C64/mj/m/n on input line 13.
LaTeX Font Info:    ... okay on input line 13.
LaTeX Font Info:    Checking defaults for C65/mj/m/n on input line 13.
LaTeX Font Info:    ... okay on input line 13.
LaTeX Font Info:    Checking defaults for C70/song/m/n on input line 13.
LaTeX Font Info:    ... okay on input line 13.
LaTeX Font Info:    Checking defaults for C31/song/m/n on input line 13.
LaTeX Font Info:    ... okay on input line 13.
LaTeX Font Info:    Checking defaults for C32/song/m/n on input line 13.
LaTeX Font Info:    ... okay on input line 13.
LaTeX Font Info:    Checking defaults for C33/song/m/n on input line 13.
LaTeX Font Info:    ... okay on input line 13.
LaTeX Font Info:    Checking defaults for C34/song/m/n on input line 13.
LaTeX Font Info:    ... okay on input line 13.
LaTeX Font Info:    Checking defaults for C35/song/m/n on input line 13.
LaTeX Font Info:    ... okay on input line 13.
LaTeX Font Info:    Checking defaults for C36/song/m/n on input line 13.
LaTeX Font Info:    ... okay on input line 13.
LaTeX Font Info:    Checking defaults for C37/song/m/n on input line 13.
LaTeX Font Info:    ... okay on input line 13.
LaTeX Font Info:    Checking defaults for C80/song/m/n on input line 13.
LaTeX Font Info:    ... okay on input line 13.
LaTeX Font Info:    Checking defaults for C81/song/m/n on input line 13.
LaTeX Font Info:    ... okay on input line 13.
LaTeX Font Info:    Checking defaults for C01/song/m/n on input line 13.
LaTeX Font Info:    ... okay on input line 13.
LaTeX Font Info:    Checking defaults for C11/song/m/n on input line 13.
LaTeX Font Info:    ... okay on input line 13.
LaTeX Font Info:    Checking defaults for C21/song/m/n on input line 13.
LaTeX Font Info:    ... okay on input line 13.
LaTeX Font Info:    Checking defaults for C41/song/m/n on input line 13.
LaTeX Font Info:    ... okay on input line 13.
LaTeX Font Info:    Checking defaults for C62/song/m/n on input line 13.
LaTeX Font Info:    ... okay on input line 13.
 (d:/texlive/2022/texmf-dist/tex/context/base/mkii/supp-pdf.mkii
[Loading MPS to PDF converter (version 2006.09.02).]
\scratchcounter=\count296
\scratchdimen=\dimen171
\scratchbox=\box61
\nofMPsegments=\count297
\nofMParguments=\count298
\everyMPshowfont=\toks35
\MPscratchCnt=\count299
\MPscratchDim=\dimen172
\MPnumerator=\count300
\makeMPintoPDFobject=\count301
\everyMPtoPDFconversion=\toks36
) (d:/texlive/2022/texmf-dist/tex/latex/epstopdf-pkg/epstopdf-base.sty
Package: epstopdf-base 2020-01-24 v2.11 Base part for package epstopdf
Package epstopdf-base Info: Redefining graphics rule for `.eps' on input line 485.
 (d:/texlive/2022/texmf-dist/tex/latex/latexconfig/epstopdf-sys.cfg
File: epstopdf-sys.cfg 2010/07/13 v1.3 Configuration of (r)epstopdf for TeX Live
))
\c@lstlisting=\count302
LaTeX Font Info:    Trying to load font information for C70+rm on input line 16.
 (d:/texlive/2022/texmf-dist/tex/latex/ctex/fd/c70rm.fd
File: c70rm.fd 2021/12/12 v2.5.8 Chinese font definition (CTEX)
) (d:/texlive/2022/texmf-dist/tex/latex/listings/lstlang1.sty
File: lstlang1.sty 2020/03/24 1.8d listings language file
) (d:/texlive/2022/texmf-dist/tex/latex/listings/lstlang1.sty
File: lstlang1.sty 2020/03/24 1.8d listings language file
) (d:/texlive/2022/texmf-dist/tex/latex/listings/lstmisc.sty
File: lstmisc.sty 2020/03/24 1.8d (Carsten Heinz)
)
LaTeX Font Info:    Trying to load font information for OT1+lmtt on input line 20.
 (d:/texlive/2022/texmf-dist/tex/latex/lm/ot1lmtt.fd
File: ot1lmtt.fd 2015/05/01 v1.6.1 Font defs for Latin Modern
)
LaTeX Font Info:    Font shape `OT1/lmtt/bx/n' in size <9.03374> not available
(Font)              Font shape `OT1/lmtt/b/n' tried instead on input line 21.
Package CJKpunct Info: use punctuation spaces for family 'rm' with punctstyle (quanjiao) on input line 31.
LaTeX Font Info:    Trying to load font information for OML+lmm on input line 32.
 (d:/texlive/2022/texmf-dist/tex/latex/lm/omllmm.fd
File: omllmm.fd 2015/05/01 v1.6.1 Font defs for Latin Modern
)
LaTeX Font Info:    Trying to load font information for OMS+lmsy on input line 32.
 (d:/texlive/2022/texmf-dist/tex/latex/lm/omslmsy.fd
File: omslmsy.fd 2015/05/01 v1.6.1 Font defs for Latin Modern
)
LaTeX Font Info:    Trying to load font information for OMX+lmex on input line 32.
 (d:/texlive/2022/texmf-dist/tex/latex/lm/omxlmex.fd
File: omxlmex.fd 2015/05/01 v1.6.1 Font defs for Latin Modern
)
LaTeX Font Info:    External font `lmex10' loaded for size
(Font)              <10.53937> on input line 32.
LaTeX Font Info:    External font `lmex10' loaded for size
(Font)              <7> on input line 32.
LaTeX Font Info:    External font `lmex10' loaded for size
(Font)              <5> on input line 32.
LaTeX Font Info:    Trying to load font information for U+msa on input line 32.
 (d:/texlive/2022/texmf-dist/tex/latex/amsfonts/umsa.fd
File: umsa.fd 2013/01/14 v3.01 AMS symbols A
)
LaTeX Font Info:    Trying to load font information for U+msb on input line 32.
 (d:/texlive/2022/texmf-dist/tex/latex/amsfonts/umsb.fd
File: umsb.fd 2013/01/14 v3.01 AMS symbols B
) (d:/texlive/2022/texmf-dist/tex/generic/ctex/zhmap/ctex-zhmap-windows.tex
File: ctex-zhmap-windows.tex 2021/12/12 v2.5.8 Windows font map loader for pdfTeX and DVIPDFMx (CTEX)
{d:/texlive/2022/texmf-var/fonts/map/pdftex/updmap/pdftex.map}{UGBK.sfd}{Unicode.sfd}) [1

] [2]
LaTeX Font Info:    Trying to load font information for C70+zhfs on input line 96.
 (d:/texlive/2022/texmf-dist/tex/latex/zhmetrics/c70zhfs.fd
File: c70zhfs.fd 2009/09/23 4.8.2
)
Package CJKpunct Info: use punctuation spaces for family 'zhfs' with punctstyle (quanjiao) on input line 96.
 [3] [4]
<../photo/VirtualTree.png, id=160, 377.41pt x 260.975pt>
File: ../photo/VirtualTree.png Graphic file (type png)
<use ../photo/VirtualTree.png>
Package pdftex.def Info: ../photo/VirtualTree.png  used on input line 191.
(pdftex.def)             Requested size: 172.5pt x 119.2814pt.
 [5 <../photo/VirtualTree.png>]
Underfull \vbox (badness 10000) has occurred while \output is active []

 [6] [7]
Underfull \vbox (badness 10000) has occurred while \output is active []

 [8] [9]
Underfull \vbox (badness 10000) has occurred while \output is active []

 [10]
Underfull \vbox (badness 10000) has occurred while \output is active []

 [11]
<../photo/kru1.png, id=230, 764.8575pt x 526.96875pt>
File: ../photo/kru1.png Graphic file (type png)
<use ../photo/kru1.png>
Package pdftex.def Info: ../photo/kru1.png  used on input line 459.
(pdftex.def)             Requested size: 172.5pt x 118.84427pt.
<../photo/kru2.png, id=231, 844.15375pt x 744.7825pt>
File: ../photo/kru2.png Graphic file (type png)
<use ../photo/kru2.png>
Package pdftex.def Info: ../photo/kru2.png  used on input line 460.
(pdftex.def)             Requested size: 172.5pt x 152.19272pt.

Underfull \hbox (badness 10000) in paragraph at lines 450--461

 []


Overfull \hbox (2.34207pt too wide) in paragraph at lines 450--461
[] [] 
 []


Underfull \vbox (badness 10000) has occurred while \output is active []

 [12]
<../photo/zl.jpg, id=247, 803.0pt x 484.81125pt>
File: ../photo/zl.jpg Graphic file (type jpg)
<use ../photo/zl.jpg>
Package pdftex.def Info: ../photo/zl.jpg  used on input line 489.
(pdftex.def)             Requested size: 276.00105pt x 166.63866pt.
 [13 <../photo/kru1.png> <../photo/kru2.png>]
Underfull \vbox (badness 6542) has occurred while \output is active []

 [14 <../photo/zl.jpg>]
Overfull \hbox (9.33876pt too wide) in paragraph at lines 531--532
[]\C70/rm/m/n/10.53937/5b ˘ \C70/rm/m/n/10.53937/4e é$\OML/lmm/m/it/10.53937 i$\C70/rm/m/n/10.53937/76 Ñ \C70/rm/m/n/10.53937/5e ¶ \C70/rm/m/n/10.53937/65 p \C70/rm/m/n/10.53937/4e :$\OT1/lmr/m/n/10.53937 1$\C70/rm/m/n/10.53937/76 Ñ \C70/rm/m/n/10.53937/60 ≈ \C70/rm/m/n/10.53937/51 µ|\C70/rm/m/n/10.53937/ff ^^L| \C70/rm/m/n/10.53937/53 Ô \C70/rm/m/n/10.53937/4e Â \C70/rm/m/n/10.53937/80 ^^C \C70/rm/m/n/10.53937/86 Q \C70/rm/m/n/10.53937/67 ö \C70/rm/m/n/10.53937/4e > \C70/rm/m/n/10.53937/68 ^^Q \C70/rm/m/n/10.53937/4e 
 ^^N$\OML/lmm/m/it/10.53937 i$\C70/rm/m/n/10.53937/76 ¯ \C70/rm/m/n/10.53937/90 ª \C70/rm/m/n/10.53937/76 Ñ \C70/rm/m/n/10.53937/70 π$\OML/lmm/m/it/10.53937 j$|\C70/rm/m/n/10.53937/ff ^^L| \C70/rm/m/n/10.53937/52 ^^Y|\C70/rm/m/n/10.53937/ff ^^Z| $\OML/lmm/m/it/10.53937 f\OT1/lmr/m/n/10.53937 (\OML/lmm/m/it/10.53937 i; S\OT1/lmr/m/n/10.53937 ) =
 []

[15]
Underfull \vbox (badness 10000) has occurred while \output is active []

 [16] [17]
Underfull \vbox (badness 10000) has occurred while \output is active []

 [18]
Underfull \vbox (badness 10000) has occurred while \output is active []

 [19] [20] [21] [22]
Underfull \vbox (badness 10000) has occurred while \output is active []

 [23] [24] [25] [26]
LaTeX Font Info:    Trying to load font information for TS1+lmr on input line 951.
 (d:/texlive/2022/texmf-dist/tex/latex/lm/ts1lmr.fd
File: ts1lmr.fd 2015/05/01 v1.6.1 Font defs for Latin Modern
) [27]
Overfull \hbox (3.81705pt too wide) in paragraph at lines 962--967
[]\C70/rm/m/n/10.53937/5b ˘ \C70/rm/m/n/10.53937/4e é$\OML/lmm/m/it/10.53937 x; y; z$\C70/rm/m/n/10.53937/4e 	 * \C70/rm/m/n/10.53937/65 p \C70/rm/m/n/10.53937/5b W \C70/rm/m/n/10.53937/80 ˝ \C70/rm/m/n/10.53937/59 ^^_ \C70/rm/m/n/10.53937/62 ¸ \C70/rm/m/n/10.53937/51 — ˙ \C70/rm/m/n/10.53937/67 e \C70/rm/m/n/10.53937/76 Ñ \C70/rm/m/n/10.53937/5c ^^O \C70/rm/m/n/10.53937/4e é$\OML/lmm/m/it/10.53937 h$\C70/rm/m/n/10.53937/76 Ñ \C70/rm/m/n/10.53937/65 p \C70/rm/m/n/10.53937/5b W|\C70/rm/m/n/10.53937/ff ^^L| \C70/rm/m/n/10.53937/4e ‰$\OML/lmm/m/it/10.53937 dis[]$\C70/rm/m/n/10.53937/4e : \C70/rm/m/n/10.53937/53 Í \C70/rm/m/n/10.53937/4f ^^? \C70/rm/m/n/10.53937/75 ($\OML/lmm/m/it/10.53937 y$\C70/rm/m/n/10.53937/54 å$\OML/lmm/m/it/10.53937 z$|\C70/rm/m/n/10.53937/ff ^^L|
 []


Underfull \hbox (badness 10000) in paragraph at lines 962--967

 []

[28] [29]
Overfull \hbox (10.84984pt too wide) in paragraph at lines 1042--1045
[]\C70/rm/m/n/10.53937/4e ^^@ * \C70/rm/m/n/10.53937/5e ^^? \C70/rm/m/n/10.53937/6c € \C70/rm/m/n/10.53937/4f ^^? \C70/rm/m/n/10.53937/75 ( \C70/rm/m/n/10.53937/4f F \C70/rm/m/n/10.53937/66 / \C70/rm/m/n/10.53937/95 ^^Y \C70/rm/m/n/10.53937/8b Ô \C70/rm/m/n/10.53937/76 Ñ \C70/rm/m/n/10.53937/5b û \C70/rm/m/n/10.53937/73 ∞ \C70/rm/m/n/10.53937/65 π \C70/rm/m/n/10.53937/5f ^^O \C70/rm/m/n/10.53937/66 / \C70/rm/m/n/10.53937/51 H\OT1/lmr/m/n/10.53937 Tarjan\C70/rm/m/n/10.53937/98 Ñ \C70/rm/m/n/10.53937/59 ^^D \C70/rm/m/n/10.53937/74 ^^F \C70/rm/m/n/10.53937/68 e \C70/rm/m/n/10.53937/8f π|\C70/rm/m/n/10.53937/ff ^^L| \C70/rm/m/n/10.53937/71 6 \C70/rm/m/n/10.53937/54 ^^N \C70/rm/m/n/10.53937/51 ç\OT1/lmr/m/n/10.53937 DFS\C70/rm/m/n/10.53937/90 ^^?
 []

[30] [31]
<../photo/dfstree.png, id=379, 322.20375pt x 480.79625pt>
File: ../photo/dfstree.png Graphic file (type png)
<use ../photo/dfstree.png>
Package pdftex.def Info: ../photo/dfstree.png  used on input line 1102.
(pdftex.def)             Requested size: 103.50105pt x 154.44484pt.

Overfull \hbox (21.07874pt too wide) in paragraph at lines 1102--1105
[][]
 []

[32 <../photo/dfstree.png>]
Overfull \hbox (46.75072pt too wide) in paragraph at lines 1131--1132
\C70/rm/m/n/10.53937/5c ^^F \C70/rm/m/n/10.53937/59 ^^Z \C70/rm/m/n/10.53937/4e * \C70/rm/m/n/10.53937/5f : \C70/rm/m/n/10.53937/8f ﬁ \C70/rm/m/n/10.53937/90 ^^Z \C70/rm/m/n/10.53937/52 ^^F \C70/rm/m/n/10.53937/91 œ \C70/rm/m/n/10.53937/52 † \C70/rm/m/n/10.53937/8f π \C70/rm/m/n/10.53937/80 T \C70/rm/m/n/10.53937/90 ^^Z \C70/rm/m/n/10.53937/4e : ^^@ * \C70/rm/m/n/10.53937/5f : \C70/rm/m/n/10.53937/8f ﬁ \C70/rm/m/n/10.53937/90 ^^Z \C70/rm/m/n/10.53937/52 ^^F \C70/rm/m/n/10.53937/91 œ|\C70/rm/m/n/10.53937/ff ^^L| \C70/rm/m/n/10.53937/67 ^^@ \C70/rm/m/n/10.53937/5c ^^Q \C70/rm/m/n/10.53937/97 ^^@ \C70/rm/m/n/10.53937/89 Å$[]\OT1/lmr/m/n/10.53937 (\OML/lmm/m/it/10.53937 num[]; num[]\OT1/lmr/m/n/10.53937 )$\C70/rm/m/n/10.53937/67 a
 []

[33] [34] [35]
<../photo/yfs1.png, id=400, 160.34906pt x 188.95593pt>
File: ../photo/yfs1.png Graphic file (type png)
<use ../photo/yfs1.png>
Package pdftex.def Info: ../photo/yfs1.png  used on input line 1247.
(pdftex.def)             Requested size: 113.85063pt x 134.1654pt.
<../photo/yfs2.png, id=401, 160.34906pt x 188.95593pt>
File: ../photo/yfs2.png Graphic file (type png)
<use ../photo/yfs2.png>
Package pdftex.def Info: ../photo/yfs2.png  used on input line 1248.
(pdftex.def)             Requested size: 113.85063pt x 134.1654pt.
<../photo/yfs3.png, id=402, 160.34906pt x 188.95593pt>
File: ../photo/yfs3.png Graphic file (type png)
<use ../photo/yfs3.png>
Package pdftex.def Info: ../photo/yfs3.png  used on input line 1249.
(pdftex.def)             Requested size: 113.85063pt x 134.1654pt.

Overfull \hbox (1.23604pt too wide) in paragraph at lines 1243--1253
[] [] []
 []

[36 <../photo/yfs1.png> <../photo/yfs2.png> <../photo/yfs3.png>]
<../photo/xrz.png, id=409, 719.68875pt x 298.11375pt>
File: ../photo/xrz.png Graphic file (type png)
<use ../photo/xrz.png>
Package pdftex.def Info: ../photo/xrz.png  used on input line 1283.
(pdftex.def)             Requested size: 172.5pt x 71.45323pt.

Underfull \hbox (badness 10000) in paragraph at lines 1285--1287

 []

[37 <../photo/xrz.png>]
Overfull \hbox (14.86505pt too wide) in paragraph at lines 1288--1290
[]\C70/rm/m/n/10.53937/5e ˙ \C70/rm/m/n/10.53937/59 } \C70/rm/m/n/10.53937/68 ^^Q \C70/rm/m/n/10.53937/54 ^^N|\C70/rm/m/n/10.53937/ff ^^L| \C70/rm/m/n/10.53937/8b ∞$\OML/lmm/m/it/10.53937 dis\OT1/lmr/m/n/10.53937 (\OML/lmm/m/it/10.53937 x\OT1/lmr/m/n/10.53937 )$\C70/rm/m/n/10.53937/4e :$\OML/lmm/m/it/10.53937 x$\C70/rm/m/n/10.53937/70 π \C70/rm/m/n/10.53937/52 0 \C70/rm/m/n/10.53937/68 ^^Q 9 \C70/rm/m/n/10.53937/76 Ñ \C70/rm/m/n/10.53937/8d › \C70/rm/m/n/10.53937/79 ª|\C70/rm/m/n/10.53937/ff ^^L| \C70/rm/m/n/10.53937/5b ˘ \C70/rm/m/n/10.53937/4e é$\OML/lmm/m/it/10.53937 u$\C70/rm/m/n/10.53937/52 0$\OML/lmm/m/it/10.53937 v$\C70/rm/m/n/10.53937/76 Ñ \C70/rm/m/n/10.53937/67 ^^@ \C70/rm/m/n/10.53937/77 Ì \C70/rm/m/n/10.53937/8d Ô|\C70/rm/m/n/10.53937/ff ^^L| \C70/rm/m/n/10.53937/82 Â \C70/rm/m/n/10.53937/51 v\OT1/lmr/m/n/10.53937 LCA\C70/rm/m/n/10.53937/4e :
 []

[38]
Underfull \vbox (badness 10000) has occurred while \output is active []

 [39] [40]
<../photo/Berge's lemma.png, id=425, 849.1725pt x 603.25375pt>
File: ../photo/Berge's lemma.png Graphic file (type png)
<use ../photo/Berge's lemma.png>
Package pdftex.def Info: ../photo/Berge's lemma.png  used on input line 1439.
(pdftex.def)             Requested size: 172.5pt x 122.54482pt.
 [41] [42 <../photo/Berge's lemma.png>]
Overfull \hbox (18.99751pt too wide) in paragraph at lines 1497--1498
[]\C70/rm/m/n/10.53937/82 Â \C70/rm/m/n/10.53937/54 ^^L \C70/rm/m/n/10.53937/4f ß \C70/rm/m/n/10.53937/53 9 \C70/rm/m/n/10.53937/91 M|\C70/rm/m/n/10.53937/ff ^^L| \C70/rm/m/n/10.53937/8b ∞ \C70/rm/m/n/10.53937/5f ó \C70/rm/m/n/10.53937/53 Õ \C70/rm/m/n/10.53937/54 ^^Q \C70/rm/m/n/10.53937/8b ∞ \C70/rm/m/n/10.53937/5f U\OT1/lmr/m/n/10.53937 mat|\C70/rm/m/n/10.53937/ff ^^L| \C70/rm/m/n/10.53937/4e ^^T \C70/rm/m/n/10.53937/7b , \C70/rm/m/n/10.53937/4e ^^@ \C70/rm/m/n/10.53937/6b ! \C70/rm/m/n/10.53937/5f ^^@ \C70/rm/m/n/10.53937/59 À \C70/rm/m/n/10.53937/90 ^^R \C70/rm/m/n/10.53937/5f R \C70/rm/m/n/10.53937/76 Ñ \C70/rm/m/n/10.53937/82 Ç \C70/rm/m/n/10.53937/70 π$\OML/lmm/m/it/10.53937 x$\C70/rm/m/n/10.53937/68 ^^G \C70/rm/m/n/10.53937/8b ∞\OT1/lmr/m/n/10.53937 vis[x]=1|\C70/rm/m/n/10.53937/30 ^^B|
 []


Underfull \hbox (badness 10000) in paragraph at lines 1497--1498

 []


Underfull \vbox (badness 1082) has occurred while \output is active []

 [43]
<../photo/km.png, id=443, 358.33875pt x 402.50375pt>
File: ../photo/km.png Graphic file (type png)
<use ../photo/km.png>
Package pdftex.def Info: ../photo/km.png  used on input line 1515.
(pdftex.def)             Requested size: 103.50105pt x 116.25632pt.

Overfull \hbox (21.31334pt too wide) in paragraph at lines 1507--1520
[]\C70/rm/bx/n/10.53937/53 Ô \C70/rm/bx/n/10.53937/88 L \C70/rm/bx/n/10.53937/98 v \C70/rm/bx/n/10.53937/68 ^^G|\C70/rm/bx/n/10.53937/ff ^^Z| \C70/rm/m/n/10.53937/7e Ÿ \C70/rm/m/n/10.53937/6b œ \C70/rm/m/n/10.53937/4e * \C70/rm/m/n/10.53937/82 Ç \C70/rm/m/n/10.53937/70 π$\OML/lmm/m/it/10.53937 i$\C70/rm/m/n/10.53937/52 ^^F \C70/rm/m/n/10.53937/91 M \C70/rm/m/n/10.53937/4e ^^@ * \C70/rm/m/n/10.53937/67 C \C70/rm/m/n/10.53937/50 <$\OML/lmm/m/it/10.53937 l\OT1/lmr/m/n/10.53937 (\OML/lmm/m/it/10.53937 i\OT1/lmr/m/n/10.53937 )$|\C70/rm/m/n/10.53937/ff ^^L| \C70/rm/m/n/10.53937/5b ˘ \C70/rm/m/n/10.53937/4e é \C70/rm/m/n/10.53937/62 @ \C70/rm/m/n/10.53937/67 	 \C70/rm/m/n/10.53937/8f π$\OML/lmm/m/it/10.53937 w\OT1/lmr/m/n/10.53937 (\OML/lmm/m/it/10.53937 u; v\OT1/lmr/m/n/10.53937 )$\C70/rm/m/n/10.53937/6e · \C70/rm/m/n/10.53937/8d ≥$\OML/lmm/m/it/10.53937 w\OT1/lmr/m/n/10.53937 (\OML/lmm/m/it/10.53937 u; v\OT1/lmr/m/n/10.53937 ) \OMS/lmsy/m/n/10.53937 ^^T
 []


Underfull \vbox (badness 10000) has occurred while \output is active []

 [44] [45 <../photo/km.png>]
Underfull \vbox (badness 10000) has occurred while \output is active []

 [46]
Overfull \hbox (6.95392pt too wide) in paragraph at lines 1595--1596
[]\C70/rm/m/n/10.53937/4e ^^@ \C70/rm/m/n/10.53937/82 , \C70/rm/m/n/10.53937/56 ˛ \C70/rm/m/n/10.53937/53 9 \C70/rm/m/n/10.53937/91 M \C70/rm/m/n/10.53937/54 å \C70/rm/m/n/10.53937/4e å \C70/rm/m/n/10.53937/52 ^^F \C70/rm/m/n/10.53937/56 ˛ \C70/rm/m/n/10.53937/53 9 \C70/rm/m/n/10.53937/91 M \C70/rm/m/n/10.53937/4e ^^M \C70/rm/m/n/10.53937/54 ^^L \C70/rm/m/n/10.53937/76 Ñ \C70/rm/m/n/10.53937/66 /|\C70/rm/m/n/10.53937/ff ^^L| \C70/rm/m/n/10.53937/56 ˛ \C70/rm/m/n/10.53937/53 Ô \C70/rm/m/n/10.53937/80 ˝ \C70/rm/m/n/10.53937/5b X \C70/rm/m/n/10.53937/57 ( \C70/rm/m/n/10.53937/59 G \C70/rm/m/n/10.53937/73 Ø|\C70/rm/m/n/10.53937/30 ^^B| \C70/rm/m/n/10.53937/65 ˆ \C70/rm/m/n/10.53937/95 Ù \C70/rm/m/n/10.53937/59 ^^M \C70/rm/m/n/10.53937/67 B \C70/rm/m/n/10.53937/5e ¶$\OML/lmm/m/it/10.53937 O\OT1/lmr/m/n/10.53937 (\OML/lmm/m/it/10.53937 n[]\OT1/lmr/m/n/10.53937 )$ 
 []


Underfull \hbox (badness 10000) in paragraph at lines 1595--1596

 []

[47]
Underfull \vbox (badness 10000) has occurred while \output is active []

 [48] [49] [50]
Overfull \hbox (17.08554pt too wide) in paragraph at lines 1744--1748
[]\C70/rm/m/n/10.53937/54 å\OT1/lmr/m/n/10.53937 Dinic\C70/rm/m/n/10.53937/7b ó \C70/rm/m/n/10.53937/6c ’ \C70/rm/m/n/10.53937/4e ^^@ \C70/rm/m/n/10.53937/68 7|\C70/rm/m/n/10.53937/ff ^^L| \C70/rm/m/n/10.53937/62 ^^Q \C70/rm/m/n/10.53937/4e Ï \C70/rm/m/n/10.53937/8f ÿ \C70/rm/m/n/10.53937/66 / \C70/rm/m/n/10.53937/51 H \C70/rm/m/n/10.53937/8d —\OT1/lmr/m/n/10.53937 BFS\C70/rm/m/n/10.53937/5b ˘ \C70/rm/m/n/10.53937/56 ˛ \C70/rm/m/n/10.53937/4e 
 \C70/rm/m/n/10.53937/76 Ñ \C70/rm/m/n/10.53937/70 π \C70/rm/m/n/10.53937/8f € \C70/rm/m/n/10.53937/88 L \C70/rm/m/n/10.53937/52 ^^F \C70/rm/m/n/10.53937/5c B|\C70/rm/m/n/10.53937/ff ^^L| \C70/rm/m/n/10.53937/4e ^^M \C70/rm/m/n/10.53937/8f « \C70/rm/m/n/10.53937/4e ^^N\OT1/lmr/m/n/10.53937 Dinic\C70/rm/m/n/10.53937/75 e
 []

[51] [52]
Underfull \vbox (badness 10000) has occurred while \output is active []

 [53]
Underfull \vbox (badness 10000) has occurred while \output is active []

 [54]
Overfull \hbox (20.2137pt too wide) in paragraph at lines 1908--1911
\C70/rm/m/n/10.53937/6c ° \C70/rm/m/n/10.53937/67 	 \C70/rm/m/n/10.53937/65 > \C70/rm/m/n/10.53937/51 e$\OML/lmm/m/it/10.53937 B$\C70/rm/m/n/10.53937/96 ∆ \C70/rm/m/n/10.53937/54 ^^H \C70/rm/m/n/10.53937/4f ^^Z \C70/rm/m/n/10.53937/82 ± \C70/rm/m/n/10.53937/8d 9$\OML/lmm/m/it/10.53937 b[]$|\C70/rm/m/n/10.53937/ff ^^[| \C70/rm/m/n/10.53937/8f ÿ \C70/rm/m/n/10.53937/67 	 \C70/rm/m/n/10.53937/82 Â \C70/rm/m/n/10.53937/5e r \C70/rm/m/n/10.53937/4e * \C70/rm/m/n/10.53937/5f b \C70/rm/m/n/10.53937/59 Ç$\OML/lmm/m/it/10.53937 u[]; v[]; w[]$\C70/rm/m/n/10.53937/96 P \C70/rm/m/n/10.53937/52 6 \C70/rm/m/n/10.53937/67 a \C70/rm/m/n/10.53937/4e ˆ|\C70/rm/m/n/10.53937/ff ^^L| \C70/rm/m/n/10.53937/88 h \C70/rm/m/n/10.53937/79 : \C70/rm/m/n/10.53937/59 Ç \C70/rm/m/n/10.53937/67 ú$\OML/lmm/m/it/10.53937 u[]$\C70/rm/m/n/10.53937/54 å$\OML/lmm/m/it/10.53937 v[]$\C70/rm/m/n/10.53937/54 ^^L
 []

[55]
<../photo/zxg1.png, id=500, 454.69875pt x 330.23375pt>
File: ../photo/zxg1.png Graphic file (type png)
<use ../photo/zxg1.png>
Package pdftex.def Info: ../photo/zxg1.png  used on input line 1915.
(pdftex.def)             Requested size: 137.9979pt x 100.2248pt.
<../photo/zxg2.png, id=501, 700.6175pt x 372.39125pt>
File: ../photo/zxg2.png Graphic file (type png)
<use ../photo/zxg2.png>
Package pdftex.def Info: ../photo/zxg2.png  used on input line 1916.
(pdftex.def)             Requested size: 172.5pt x 91.68271pt.
 [56 <../photo/zxg1.png> <../photo/zxg2.png>]
Underfull \vbox (badness 10000) has occurred while \output is active []

 [57] [58]
Underfull \vbox (badness 10000) has occurred while \output is active []

 [59]
Underfull \vbox (badness 10000) has occurred while \output is active []

 [60]
Overfull \hbox (4.30069pt too wide) in paragraph at lines 2066--2077
[]\OT1/lmr/m/n/10.53937 2.\C70/rm/m/n/10.53937/5c ^^F$\OML/lmm/m/it/10.53937 t$\C70/rm/m/n/10.53937/54 ^^H \C70/rm/m/n/10.53937/5e v \C70/rm/m/n/10.53937/51 e$\OML/lmm/m/it/10.53937 s$\C70/rm/m/n/10.53937/53 ÿ \C70/rm/m/n/10.53937/4e : \C70/rm/m/n/10.53937/54 ^^L \C70/rm/m/n/10.53937/4e ^^@ \C70/rm/m/n/10.53937/70 π|\C70/rm/m/n/10.53937/30 ^^B| \C70/rm/m/n/10.53937/54 ^^H \C70/rm/m/n/10.53937/5e v \C70/rm/m/n/10.53937/8f « \C70/rm/m/n/10.53937/7a |\C70/rm/m/n/10.53937/ff ^^Z| \C70/rm/m/n/10.53937/52   \C70/rm/m/n/10.53937/96 d$\OML/lmm/m/it/10.53937 s; t$\C70/rm/m/n/10.53937/4e K \C70/rm/m/n/10.53937/95 Ù \C70/rm/m/n/10.53937/76 Ñ \C70/rm/m/n/10.53937/8f ﬁ π|\C70/rm/m/n/10.53937/ff ^^L| \C70/rm/m/n/10.53937/5b ˘ \C70/rm/m/n/10.53937/4e é$\OML/lmm/m/it/10.53937 G=[]$\C70/rm/m/n/10.53937/4e -
 []

[61] [62]
Overfull \hbox (38.03195pt too wide) in paragraph at lines 2124--2125
\C70/rm/m/n/10.53937/4e Œ \C70/rm/m/n/10.53937/5c ^^O \C70/rm/m/n/10.53937/52 0 \C70/rm/m/n/10.53937/59 ' \C70/rm/m/n/10.53937/63 í \C70/rm/m/n/10.53937/5e è \C70/rm/m/n/10.53937/54 ^^N \C70/rm/m/n/10.53937/5f ó \C70/rm/m/n/10.53937/52 0 \C70/rm/m/n/10.53937/95 ^^? \C70/rm/m/n/10.53937/5e ¶ \C70/rm/m/n/10.53937/4e :$\OML/lmm/m/it/10.53937 n$\C70/rm/m/n/10.53937/76 Ñ \C70/rm/m/n/10.53937/5e è \C70/rm/m/n/10.53937/52 ^^W \C70/rm/m/n/10.53937/79  \C70/rm/m/n/10.53937/4e : \C70/rm/m/n/10.53937/7a ﬁ \C70/rm/m/n/10.53937/8d [ \C70/rm/m/n/10.53937/56 ˛ \C70/rm/m/n/10.53937/76 Ñ \C70/rm/m/n/10.53937/6b ‘ \C70/rm/m/n/10.53937/52 ^^F \C70/rm/m/n/10.53937/5e è \C70/rm/m/n/10.53937/52 ^^W$\OML/lmm/m/it/10.53937 s \OT1/lmr/m/n/10.53937 = []$\C70/rm/m/n/10.53937/66 /
 []


Underfull \hbox (badness 10000) in paragraph at lines 2130--2131

 []

<../photo/duiou.png, id=530, 1059.96pt x 409.53pt>
File: ../photo/duiou.png Graphic file (type png)
<use ../photo/duiou.png>
Package pdftex.def Info: ../photo/duiou.png  used on input line 2136.
(pdftex.def)             Requested size: 172.5pt x 66.64468pt.
<../photo/duiou2.png, id=531, 517.935pt x 465.74pt>
File: ../photo/duiou2.png Graphic file (type png)
<use ../photo/duiou2.png>
Package pdftex.def Info: ../photo/duiou2.png  used on input line 2139.
(pdftex.def)             Requested size: 172.5pt x 155.116pt.
[63 <../photo/duiou.png>] [64 <../photo/duiou2.png>] [65] (./graph.aux) )
(\end occurred when \ifx on line 2165 was incomplete) 
Here is how much of TeX's memory you used:
 13052 strings out of 478268
 214125 string characters out of 5850345
 1058671 words of memory out of 5000000
 30462 multiletter control sequences out of 15000+600000
 585721 words of font info for 356 fonts, out of 8000000 for 9000
 1141 hyphenation exceptions out of 8191
 75i,18n,99p,772b,1113s stack positions out of 10000i,1000n,20000p,200000b,200000s
<c:/Windows/Fonts/simfang.ttf><c:/Windows/Fonts/simsun.ttc><c:/Windows/Fonts/simsun.ttc><c:/Windows/Fonts/simsun.ttc><c:/Windows/Fonts/simhei.ttf><c:/Windows/Fonts/simhei.ttf><c:/Windows/Fonts/simfang.ttf><c:/Windows/Fonts/simfang.ttf><c:/Windows/Fonts/simfang.ttf><c:/Windows/Fonts/simfang.ttf><c:/Windows/Fonts/simfang.ttf><c:/Windows/Fonts/simfang.ttf><c:/Windows/Fonts/simsun.ttc><c:/Windows/Fonts/simsun.ttc><c:/Windows/Fonts/simfang.ttf><c:/Windows/Fonts/simfang.ttf><c:/Windows/Fonts/simfang.ttf><c:/Windows/Fonts/simfang.ttf><c:/Windows/Fonts/simhei.ttf><c:/Windows/Fonts/simhei.ttf><c:/Windows/Fonts/simfang.ttf><c:/Windows/Fonts/simhei.ttf><c:/Windows/Fonts/simhei.ttf>{d:/texlive/2022/texmf-dist/fonts/enc/dvips/lm/lm-ts1.enc}<c:/Windows/Fonts/simsun.ttc><c:/Windows/Fonts/simsun.ttc><c:/Windows/Fonts/simsun.ttc><c:/Windows/Fonts/simfang.ttf><c:/Windows/Fonts/simhei.ttf><c:/Windows/Fonts/simhei.ttf><c:/Windows/Fonts/simsun.ttc><c:/Windows/Fonts/simsun.ttc><c:/Windows/Fonts/simhei.ttf><c:/Windows/Fonts/simhei.ttf><c:/Windows/Fonts/simsun.ttc>{d:/texlive/2022/texmf-dist/fonts/enc/dvips/lm/lm-mathex.enc}<c:/Windows/Fonts/simhei.ttf><c:/Windows/Fonts/simhei.ttf><c:/Windows/Fonts/simsun.ttc><c:/Windows/Fonts/simsun.ttc><c:/Windows/Fonts/simsun.ttc><c:/Windows/Fonts/simsun.ttc><c:/Windows/Fonts/simhei.ttf><c:/Windows/Fonts/simhei.ttf><c:/Windows/Fonts/simsun.ttc><c:/Windows/Fonts/simhei.ttf><c:/Windows/Fonts/simhei.ttf><c:/Windows/Fonts/simsun.ttc><c:/Windows/Fonts/simsun.ttc>{d:/texlive/2022/texmf-dist/fonts/enc/dvips/lm/lm-mathsy.enc}<c:/Windows/Fonts/simsun.ttc><c:/Windows/Fonts/simsun.ttc>{d:/texlive/2022/texmf-dist/fonts/enc/dvips/lm/lm-rm.enc}<c:/Windows/Fonts/simsun.ttc><c:/Windows/Fonts/simsun.ttc><c:/Windows/Fonts/simhei.ttf><c:/Windows/Fonts/simhei.ttf><c:/Windows/Fonts/simfang.ttf><c:/Windows/Fonts/simsun.ttc><c:/Windows/Fonts/simsun.ttc><c:/Windows/Fonts/simsun.ttc>{d:/texlive/2022/texmf-dist/fonts/enc/dvips/lm/lm-mathit.enc}<c:/Windows/Fonts/simsun.ttc><c:/Windows/Fonts/simhei.ttf><c:/Windows/Fonts/simfang.ttf><c:/Windows/Fonts/simfang.ttf><c:/Windows/Fonts/simfang.ttf><c:/Windows/Fonts/simfang.ttf><c:/Windows/Fonts/simfang.ttf><c:/Windows/Fonts/simfang.ttf><c:/Windows/Fonts/simsun.ttc><c:/Windows/Fonts/simsun.ttc><c:/Windows/Fonts/simsun.ttc><c:/Windows/Fonts/simfang.ttf><c:/Windows/Fonts/simfang.ttf><c:/Windows/Fonts/simfang.ttf><c:/Windows/Fonts/simfang.ttf><c:/Windows/Fonts/simfang.ttf><c:/Windows/Fonts/simfang.ttf><c:/Windows/Fonts/simfang.ttf><c:/Windows/Fonts/simsun.ttc><c:/Windows/Fonts/simhei.ttf><c:/Windows/Fonts/simhei.ttf><c:/Windows/Fonts/simhei.ttf><c:/Windows/Fonts/simhei.ttf><c:/Windows/Fonts/simsun.ttc><c:/Windows/Fonts/simhei.ttf><c:/Windows/Fonts/simsun.ttc><c:/Windows/Fonts/simhei.ttf><c:/Windows/Fonts/simhei.ttf><c:/Windows/Fonts/simsun.ttc><c:/Windows/Fonts/simsun.ttc><c:/Windows/Fonts/simsun.ttc><c:/Windows/Fonts/simsun.ttc><c:/Windows/Fonts/simsun.ttc><c:/Windows/Fonts/simsun.ttc><c:/Windows/Fonts/simhei.ttf><c:/Windows/Fonts/simhei.ttf><c:/Windows/Fonts/simsun.ttc><c:/Windows/Fonts/simhei.ttf><c:/Windows/Fonts/simhei.ttf><c:/Windows/Fonts/simsun.ttc><c:/Windows/Fonts/simsun.ttc><c:/Windows/Fonts/simsun.ttc><c:/Windows/Fonts/simsun.ttc><c:/Windows/Fonts/simsun.ttc><c:/Windows/Fonts/simhei.ttf><c:/Windows/Fonts/simhei.ttf><c:/Windows/Fonts/simhei.ttf><c:/Windows/Fonts/simhei.ttf><c:/Windows/Fonts/simsun.ttc><c:/Windows/Fonts/simsun.ttc><c:/Windows/Fonts/simfang.ttf><c:/Windows/Fonts/simhei.ttf><c:/Windows/Fonts/simfang.ttf><c:/Windows/Fonts/simfang.ttf><c:/Windows/Fonts/simfang.ttf><c:/Windows/Fonts/simfang.ttf><c:/Windows/Fonts/simfang.ttf><c:/Windows/Fonts/simfang.ttf><c:/Windows/Fonts/simfang.ttf><c:/Windows/Fonts/simfang.ttf><c:/Windows/Fonts/simfang.ttf><c:/Windows/Fonts/simfang.ttf><c:/Windows/Fonts/simfang.ttf><c:/Windows/Fonts/simfang.ttf><c:/Windows/Fonts/simfang.ttf><c:/Windows/Fonts/simfang.ttf><c:/Windows/Fonts/simfang.ttf><c:/Windows/Fonts/simfang.ttf><c:/Windows/Fonts/simfang.ttf><c:/Windows/Fonts/simfang.ttf><c:/Windows/Fonts/simfang.ttf><c:/Windows/Fonts/simsun.ttc><c:/Windows/Fonts/simsun.ttc><c:/Windows/Fonts/simsun.ttc><c:/Windows/Fonts/simsun.ttc><c:/Windows/Fonts/simhei.ttf><c:/Windows/Fonts/simsun.ttc><c:/Windows/Fonts/simsun.ttc><c:/Windows/Fonts/simsun.ttc><c:/Windows/Fonts/simsun.ttc><c:/Windows/Fonts/simhei.ttf><c:/Windows/Fonts/simhei.ttf><c:/Windows/Fonts/simhei.ttf><c:/Windows/Fonts/simhei.ttf><c:/Windows/Fonts/simhei.ttf><c:/Windows/Fonts/simhei.ttf><c:/Windows/Fonts/simhei.ttf><c:/Windows/Fonts/simhei.ttf><c:/Windows/Fonts/simhei.ttf><c:/Windows/Fonts/simfang.ttf><c:/Windows/Fonts/simfang.ttf><c:/Windows/Fonts/simfang.ttf><c:/Windows/Fonts/simfang.ttf><c:/Windows/Fonts/simfang.ttf><c:/Windows/Fonts/simfang.ttf><c:/Windows/Fonts/simfang.ttf><c:/Windows/Fonts/simfang.ttf><c:/Windows/Fonts/simfang.ttf><c:/Windows/Fonts/simfang.ttf><c:/Windows/Fonts/simfang.ttf><c:/Windows/Fonts/simfang.ttf><c:/Windows/Fonts/simhei.ttf><c:/Windows/Fonts/simhei.ttf><c:/Windows/Fonts/simsun.ttc><c:/Windows/Fonts/simsun.ttc><c:/Windows/Fonts/simsun.ttc><c:/Windows/Fonts/simsun.ttc><c:/Windows/Fonts/simsun.ttc><c:/Windows/Fonts/simsun.ttc><c:/Windows/Fonts/simsun.ttc><c:/Windows/Fonts/simsun.ttc><c:/Windows/Fonts/simsun.ttc><c:/Windows/Fonts/simhei.ttf><c:/Windows/Fonts/simsun.ttc><c:/Windows/Fonts/simsun.ttc><c:/Windows/Fonts/simsun.ttc><c:/Windows/Fonts/simsun.ttc><c:/Windows/Fonts/simsun.ttc><c:/Windows/Fonts/simsun.ttc><c:/Windows/Fonts/simhei.ttf><c:/Windows/Fonts/simhei.ttf><c:/Windows/Fonts/simsun.ttc><c:/Windows/Fonts/simsun.ttc><c:/Windows/Fonts/simsun.ttc><c:/Windows/Fonts/simsun.ttc><c:/Windows/Fonts/simsun.ttc><c:/Windows/Fonts/simsun.ttc><c:/Windows/Fonts/simsun.ttc><c:/Windows/Fonts/simsun.ttc><c:/Windows/Fonts/simsun.ttc><c:/Windows/Fonts/simsun.ttc><c:/Windows/Fonts/simsun.ttc><c:/Windows/Fonts/simsun.ttc><c:/Windows/Fonts/simsun.ttc><c:/Windows/Fonts/simsun.ttc><c:/Windows/Fonts/simsun.ttc><c:/Windows/Fonts/simsun.ttc><c:/Windows/Fonts/simsun.ttc><c:/Windows/Fonts/simsun.ttc><c:/Windows/Fonts/simsun.ttc><c:/Windows/Fonts/simsun.ttc><c:/Windows/Fonts/simsun.ttc><c:/Windows/Fonts/simsun.ttc><c:/Windows/Fonts/simsun.ttc><c:/Windows/Fonts/simsun.ttc><c:/Windows/Fonts/simsun.ttc><c:/Windows/Fonts/simsun.ttc><c:/Windows/Fonts/simsun.ttc><c:/Windows/Fonts/simhei.ttf><c:/Windows/Fonts/simhei.ttf><c:/Windows/Fonts/simhei.ttf>{d:/texlive/2022/texmf-dist/fonts/enc/dvips/lm/lm-rmtt.enc}<c:/Windows/Fonts/simhei.ttf><c:/Windows/Fonts/simhei.ttf><c:/Windows/Fonts/simhei.ttf><c:/Windows/Fonts/simhei.ttf><c:/Windows/Fonts/simhei.ttf><c:/Windows/Fonts/simhei.ttf><c:/Windows/Fonts/simhei.ttf><c:/Windows/Fonts/simhei.ttf><c:/Windows/Fonts/simhei.ttf><c:/Windows/Fonts/simsun.ttc><c:/Windows/Fonts/simsun.ttc><c:/Windows/Fonts/simsun.ttc><c:/Windows/Fonts/simsun.ttc><d:/texlive/2022/texmf-dist/fonts/type1/public/lm/lmbx10.pfb><d:/texlive/2022/texmf-dist/fonts/type1/public/lm/lmbx12.pfb><d:/texlive/2022/texmf-dist/fonts/type1/public/lm/lmex10.pfb><d:/texlive/2022/texmf-dist/fonts/type1/public/lm/lmmi10.pfb><d:/texlive/2022/texmf-dist/fonts/type1/public/lm/lmmi7.pfb><d:/texlive/2022/texmf-dist/fonts/type1/public/lm/lmr10.pfb><d:/texlive/2022/texmf-dist/fonts/type1/public/lm/lmr7.pfb><d:/texlive/2022/texmf-dist/fonts/type1/public/lm/lmro10.pfb><d:/texlive/2022/texmf-dist/fonts/type1/public/lm/lmsy10.pfb><d:/texlive/2022/texmf-dist/fonts/type1/public/lm/lmsy7.pfb><d:/texlive/2022/texmf-dist/fonts/type1/public/lm/lmtk10.pfb><d:/texlive/2022/texmf-dist/fonts/type1/public/lm/lmtt9.pfb><d:/texlive/2022/texmf-dist/fonts/type1/public/amsfonts/symbols/msbm10.pfb>
Output written on graph.pdf (65 pages, 2025631 bytes).
PDF statistics:
 1280 PDF objects out of 1440 (max. 8388607)
 858 compressed objects within 9 object streams
 0 named destinations out of 1000 (max. 500000)
 356 words of extra memory for PDF output out of 10000 (max. 10000000)

